<?xml version="1.0" encoding="UTF-8"?>
<testsuites name="Test Suite created on TestOps" time="92.336" tests="33" failures="2" errors="0">
   <testsuite name="Test Suite created on TestOps" tests="33" failures="2" errors="0" time="92.336" skipped="0" timestamp="2021-12-30 11:32:59" hostname="ly.doan - 192.168.1.4" id="Test Suites/Test Suite created on TestOps">
      <properties>
         <property name="deviceName" value=""/>
         <property name="devicePlatform" value=""/>
         <property name="logFolder" value="/Users/ly.doan/web-service-test/Reports/20211230_113242/Test Suite created on TestOps/20211230_113242"/>
         <property name="logFiles" value="/Users/ly.doan/web-service-test/Reports/20211230_113242/Test Suite created on TestOps/20211230_113242/execution0.log"/>
         <property name="attachments" value=""/>
         <property name="hostName" value="ly.doan - 192.168.1.4"/>
         <property name="hostAddress" value="192.168.1.4"/>
         <property name="os" value="Mac OS X 64bit"/>
         <property name="katalonVersion" value="8.1.0.208"/>
      </properties>
      <testcase name="Test Cases/Create a new user" time="3.331" classname="Test Cases/Create a new user" status="PASSED">
         <system-out><![CDATA[2021-12-30 11:32:59 - [TEST_CASE][PASSED] - Test Cases/Create a new user: Test Cases/Create a new user

2021-12-30 11:33:00 - [TEST_STEP][PASSED] - sample.Common.createNewUser(age, username, password, gender, 200): sample.Common.createNewUser is PASSED

2021-12-30 11:33:02 - [MESSAGE][INFO] - HAR: /Users/ly.doan/web-service-test/Reports/20211230_113242/Test Suite created on TestOps/20211230_113242/requests/main/0.har

2021-12-30 11:33:02 - [TEST_CASE][PASSED] - Start Test Case : Verification: Verification accomplished successfully

2021-12-30 11:33:02 - [TEST_STEP][PASSED] - request = getInstance().getCurrentRequest(): null

2021-12-30 11:33:02 - [TEST_STEP][PASSED] - response = getInstance().getCurrentResponse(): null

2021-12-30 11:33:02 - [TEST_STEP][PASSED] - assert response.getStatusCode() == 200: null

2021-12-30 11:33:02 - [TEST_STEP][PASSED] - verifyElementPropertyValue(response, "age", 25): Verify element property value successfully

2021-12-30 11:33:03 - [MESSAGE][PASSED] - Verify element property value successfully

2021-12-30 11:33:03 - [TEST_STEP][PASSED] - verifyElementPropertyValue(response, "username", "mimi"): Verify element property value successfully

2021-12-30 11:33:03 - [MESSAGE][PASSED] - Verify element property value successfully

2021-12-30 11:33:03 - [TEST_STEP][PASSED] - verifyElementPropertyValue(response, "password", "123456789"): Verify element property value successfully

2021-12-30 11:33:03 - [MESSAGE][PASSED] - Verify element property value successfully

2021-12-30 11:33:03 - [TEST_STEP][PASSED] - verifyElementPropertyValue(response, "gender", "MALE"): Verify element property value successfully

2021-12-30 11:33:03 - [MESSAGE][PASSED] - Verify element property value successfully

2021-12-30 11:33:03 - [MESSAGE][PASSED] - Verify response successfully

2021-12-30 11:33:03 - [MESSAGE][PASSED] - Send request and verify the response successfully

2021-12-30 11:33:03 - [MESSAGE][PASSED] - sample.Common.createNewUser is PASSED]]></system-out>
         <system-err><![CDATA[]]></system-err>
      </testcase>
      <testcase name="Test Cases/Find user by ID" time="3.213" classname="Test Cases/Find user by ID" status="PASSED">
         <system-out><![CDATA[2021-12-30 11:33:03 - [TEST_CASE][PASSED] - Test Cases/Find user by ID: Test Cases/Find user by ID

2021-12-30 11:33:03 - [TEST_STEP][PASSED] - id = sample.Common.createNewUser(age, username, password, gender, 200): sample.Common.createNewUser is PASSED

2021-12-30 11:33:04 - [MESSAGE][INFO] - HAR: /Users/ly.doan/web-service-test/Reports/20211230_113242/Test Suite created on TestOps/20211230_113242/requests/main/1.har

2021-12-30 11:33:04 - [TEST_CASE][PASSED] - Start Test Case : Verification: Verification accomplished successfully

2021-12-30 11:33:04 - [TEST_STEP][PASSED] - request = getInstance().getCurrentRequest(): null

2021-12-30 11:33:04 - [TEST_STEP][PASSED] - response = getInstance().getCurrentResponse(): null

2021-12-30 11:33:04 - [TEST_STEP][PASSED] - assert response.getStatusCode() == 200: null

2021-12-30 11:33:04 - [TEST_STEP][PASSED] - verifyElementPropertyValue(response, "age", 25): Verify element property value successfully

2021-12-30 11:33:04 - [MESSAGE][PASSED] - Verify element property value successfully

2021-12-30 11:33:04 - [TEST_STEP][PASSED] - verifyElementPropertyValue(response, "username", "mimi"): Verify element property value successfully

2021-12-30 11:33:04 - [MESSAGE][PASSED] - Verify element property value successfully

2021-12-30 11:33:04 - [TEST_STEP][PASSED] - verifyElementPropertyValue(response, "password", "123456789"): Verify element property value successfully

2021-12-30 11:33:04 - [MESSAGE][PASSED] - Verify element property value successfully

2021-12-30 11:33:04 - [TEST_STEP][PASSED] - verifyElementPropertyValue(response, "gender", "MALE"): Verify element property value successfully

2021-12-30 11:33:04 - [MESSAGE][PASSED] - Verify element property value successfully

2021-12-30 11:33:04 - [MESSAGE][PASSED] - Verify response successfully

2021-12-30 11:33:04 - [MESSAGE][PASSED] - Send request and verify the response successfully

2021-12-30 11:33:04 - [MESSAGE][PASSED] - sample.Common.createNewUser is PASSED

2021-12-30 11:33:04 - [TEST_STEP][PASSED] - sample.Common.findUserById(id, age, username, password, gender, 200): sample.Common.findUserById is PASSED

2021-12-30 11:33:06 - [MESSAGE][INFO] - HAR: /Users/ly.doan/web-service-test/Reports/20211230_113242/Test Suite created on TestOps/20211230_113242/requests/main/2.har

2021-12-30 11:33:06 - [TEST_CASE][PASSED] - Start Test Case : Verification: Verification accomplished successfully

2021-12-30 11:33:06 - [TEST_STEP][PASSED] - request = getInstance().getCurrentRequest(): null

2021-12-30 11:33:06 - [TEST_STEP][PASSED] - response = getInstance().getCurrentResponse(): null

2021-12-30 11:33:06 - [TEST_STEP][PASSED] - assert response.getStatusCode() == 200: null

2021-12-30 11:33:06 - [TEST_STEP][PASSED] - verifyElementPropertyValue(response, "age", 25): Verify element property value successfully

2021-12-30 11:33:06 - [MESSAGE][PASSED] - Verify element property value successfully

2021-12-30 11:33:06 - [TEST_STEP][PASSED] - verifyElementPropertyValue(response, "username", "mimi"): Verify element property value successfully

2021-12-30 11:33:06 - [MESSAGE][PASSED] - Verify element property value successfully

2021-12-30 11:33:06 - [TEST_STEP][PASSED] - verifyElementPropertyValue(response, "password", "123456789"): Verify element property value successfully

2021-12-30 11:33:06 - [MESSAGE][PASSED] - Verify element property value successfully

2021-12-30 11:33:06 - [TEST_STEP][PASSED] - verifyElementPropertyValue(response, "gender", "MALE"): Verify element property value successfully

2021-12-30 11:33:06 - [MESSAGE][PASSED] - Verify element property value successfully

2021-12-30 11:33:06 - [MESSAGE][PASSED] - Verify response successfully

2021-12-30 11:33:06 - [MESSAGE][PASSED] - Send request and verify the response successfully

2021-12-30 11:33:06 - [MESSAGE][PASSED] - sample.Common.findUserById is PASSED]]></system-out>
         <system-err><![CDATA[]]></system-err>
      </testcase>
      <testcase name="Test Cases/Find user by ID" time="2.859" classname="Test Cases/Find user by ID" status="PASSED">
         <system-out><![CDATA[2021-12-30 11:33:06 - [TEST_CASE][PASSED] - Test Cases/Find user by ID: Test Cases/Find user by ID

2021-12-30 11:33:06 - [TEST_STEP][PASSED] - id = sample.Common.createNewUser(age, username, password, gender, 200): sample.Common.createNewUser is PASSED

2021-12-30 11:33:07 - [MESSAGE][INFO] - HAR: /Users/ly.doan/web-service-test/Reports/20211230_113242/Test Suite created on TestOps/20211230_113242/requests/main/3.har

2021-12-30 11:33:07 - [TEST_CASE][PASSED] - Start Test Case : Verification: Verification accomplished successfully

2021-12-30 11:33:07 - [TEST_STEP][PASSED] - request = getInstance().getCurrentRequest(): null

2021-12-30 11:33:07 - [TEST_STEP][PASSED] - response = getInstance().getCurrentResponse(): null

2021-12-30 11:33:07 - [TEST_STEP][PASSED] - assert response.getStatusCode() == 200: null

2021-12-30 11:33:07 - [TEST_STEP][PASSED] - verifyElementPropertyValue(response, "age", 25): Verify element property value successfully

2021-12-30 11:33:07 - [MESSAGE][PASSED] - Verify element property value successfully

2021-12-30 11:33:07 - [TEST_STEP][PASSED] - verifyElementPropertyValue(response, "username", "mimi"): Verify element property value successfully

2021-12-30 11:33:07 - [MESSAGE][PASSED] - Verify element property value successfully

2021-12-30 11:33:07 - [TEST_STEP][PASSED] - verifyElementPropertyValue(response, "password", "123456789"): Verify element property value successfully

2021-12-30 11:33:07 - [MESSAGE][PASSED] - Verify element property value successfully

2021-12-30 11:33:07 - [TEST_STEP][PASSED] - verifyElementPropertyValue(response, "gender", "MALE"): Verify element property value successfully

2021-12-30 11:33:07 - [MESSAGE][PASSED] - Verify element property value successfully

2021-12-30 11:33:07 - [MESSAGE][PASSED] - Verify response successfully

2021-12-30 11:33:07 - [MESSAGE][PASSED] - Send request and verify the response successfully

2021-12-30 11:33:07 - [MESSAGE][PASSED] - sample.Common.createNewUser is PASSED

2021-12-30 11:33:07 - [TEST_STEP][PASSED] - sample.Common.findUserById(id, age, username, password, gender, 200): sample.Common.findUserById is PASSED

2021-12-30 11:33:09 - [MESSAGE][INFO] - HAR: /Users/ly.doan/web-service-test/Reports/20211230_113242/Test Suite created on TestOps/20211230_113242/requests/main/4.har

2021-12-30 11:33:09 - [TEST_CASE][PASSED] - Start Test Case : Verification: Verification accomplished successfully

2021-12-30 11:33:09 - [TEST_STEP][PASSED] - request = getInstance().getCurrentRequest(): null

2021-12-30 11:33:09 - [TEST_STEP][PASSED] - response = getInstance().getCurrentResponse(): null

2021-12-30 11:33:09 - [TEST_STEP][PASSED] - assert response.getStatusCode() == 200: null

2021-12-30 11:33:09 - [TEST_STEP][PASSED] - verifyElementPropertyValue(response, "age", 25): Verify element property value successfully

2021-12-30 11:33:09 - [MESSAGE][PASSED] - Verify element property value successfully

2021-12-30 11:33:09 - [TEST_STEP][PASSED] - verifyElementPropertyValue(response, "username", "mimi"): Verify element property value successfully

2021-12-30 11:33:09 - [MESSAGE][PASSED] - Verify element property value successfully

2021-12-30 11:33:09 - [TEST_STEP][PASSED] - verifyElementPropertyValue(response, "password", "123456789"): Verify element property value successfully

2021-12-30 11:33:09 - [MESSAGE][PASSED] - Verify element property value successfully

2021-12-30 11:33:09 - [TEST_STEP][PASSED] - verifyElementPropertyValue(response, "gender", "MALE"): Verify element property value successfully

2021-12-30 11:33:09 - [MESSAGE][PASSED] - Verify element property value successfully

2021-12-30 11:33:09 - [MESSAGE][PASSED] - Verify response successfully

2021-12-30 11:33:09 - [MESSAGE][PASSED] - Send request and verify the response successfully

2021-12-30 11:33:09 - [MESSAGE][PASSED] - sample.Common.findUserById is PASSED]]></system-out>
         <system-err><![CDATA[]]></system-err>
      </testcase>
      <testcase name="Test Cases/Find user by ID" time="2.778" classname="Test Cases/Find user by ID" status="PASSED">
         <system-out><![CDATA[2021-12-30 11:33:09 - [TEST_CASE][PASSED] - Test Cases/Find user by ID: Test Cases/Find user by ID

2021-12-30 11:33:09 - [TEST_STEP][PASSED] - id = sample.Common.createNewUser(age, username, password, gender, 200): sample.Common.createNewUser is PASSED

2021-12-30 11:33:10 - [MESSAGE][INFO] - HAR: /Users/ly.doan/web-service-test/Reports/20211230_113242/Test Suite created on TestOps/20211230_113242/requests/main/5.har

2021-12-30 11:33:10 - [TEST_CASE][PASSED] - Start Test Case : Verification: Verification accomplished successfully

2021-12-30 11:33:10 - [TEST_STEP][PASSED] - request = getInstance().getCurrentRequest(): null

2021-12-30 11:33:10 - [TEST_STEP][PASSED] - response = getInstance().getCurrentResponse(): null

2021-12-30 11:33:10 - [TEST_STEP][PASSED] - assert response.getStatusCode() == 200: null

2021-12-30 11:33:10 - [TEST_STEP][PASSED] - verifyElementPropertyValue(response, "age", 25): Verify element property value successfully

2021-12-30 11:33:10 - [MESSAGE][PASSED] - Verify element property value successfully

2021-12-30 11:33:10 - [TEST_STEP][PASSED] - verifyElementPropertyValue(response, "username", "mimi"): Verify element property value successfully

2021-12-30 11:33:10 - [MESSAGE][PASSED] - Verify element property value successfully

2021-12-30 11:33:10 - [TEST_STEP][PASSED] - verifyElementPropertyValue(response, "password", "123456789"): Verify element property value successfully

2021-12-30 11:33:10 - [MESSAGE][PASSED] - Verify element property value successfully

2021-12-30 11:33:10 - [TEST_STEP][PASSED] - verifyElementPropertyValue(response, "gender", "MALE"): Verify element property value successfully

2021-12-30 11:33:10 - [MESSAGE][PASSED] - Verify element property value successfully

2021-12-30 11:33:10 - [MESSAGE][PASSED] - Verify response successfully

2021-12-30 11:33:10 - [MESSAGE][PASSED] - Send request and verify the response successfully

2021-12-30 11:33:10 - [MESSAGE][PASSED] - sample.Common.createNewUser is PASSED

2021-12-30 11:33:10 - [TEST_STEP][PASSED] - sample.Common.findUserById(id, age, username, password, gender, 200): sample.Common.findUserById is PASSED

2021-12-30 11:33:11 - [MESSAGE][INFO] - HAR: /Users/ly.doan/web-service-test/Reports/20211230_113242/Test Suite created on TestOps/20211230_113242/requests/main/6.har

2021-12-30 11:33:11 - [TEST_CASE][PASSED] - Start Test Case : Verification: Verification accomplished successfully

2021-12-30 11:33:11 - [TEST_STEP][PASSED] - request = getInstance().getCurrentRequest(): null

2021-12-30 11:33:11 - [TEST_STEP][PASSED] - response = getInstance().getCurrentResponse(): null

2021-12-30 11:33:11 - [TEST_STEP][PASSED] - assert response.getStatusCode() == 200: null

2021-12-30 11:33:11 - [TEST_STEP][PASSED] - verifyElementPropertyValue(response, "age", 25): Verify element property value successfully

2021-12-30 11:33:11 - [MESSAGE][PASSED] - Verify element property value successfully

2021-12-30 11:33:11 - [TEST_STEP][PASSED] - verifyElementPropertyValue(response, "username", "mimi"): Verify element property value successfully

2021-12-30 11:33:11 - [MESSAGE][PASSED] - Verify element property value successfully

2021-12-30 11:33:11 - [TEST_STEP][PASSED] - verifyElementPropertyValue(response, "password", "123456789"): Verify element property value successfully

2021-12-30 11:33:12 - [MESSAGE][PASSED] - Verify element property value successfully

2021-12-30 11:33:12 - [TEST_STEP][PASSED] - verifyElementPropertyValue(response, "gender", "MALE"): Verify element property value successfully

2021-12-30 11:33:12 - [MESSAGE][PASSED] - Verify element property value successfully

2021-12-30 11:33:12 - [MESSAGE][PASSED] - Verify response successfully

2021-12-30 11:33:12 - [MESSAGE][PASSED] - Send request and verify the response successfully

2021-12-30 11:33:12 - [MESSAGE][PASSED] - sample.Common.findUserById is PASSED]]></system-out>
         <system-err><![CDATA[]]></system-err>
      </testcase>
      <testcase name="Test Cases/Find user by ID" time="2.894" classname="Test Cases/Find user by ID" status="PASSED">
         <system-out><![CDATA[2021-12-30 11:33:12 - [TEST_CASE][PASSED] - Test Cases/Find user by ID: Test Cases/Find user by ID

2021-12-30 11:33:12 - [TEST_STEP][PASSED] - id = sample.Common.createNewUser(age, username, password, gender, 200): sample.Common.createNewUser is PASSED

2021-12-30 11:33:13 - [MESSAGE][INFO] - HAR: /Users/ly.doan/web-service-test/Reports/20211230_113242/Test Suite created on TestOps/20211230_113242/requests/main/7.har

2021-12-30 11:33:13 - [TEST_CASE][PASSED] - Start Test Case : Verification: Verification accomplished successfully

2021-12-30 11:33:13 - [TEST_STEP][PASSED] - request = getInstance().getCurrentRequest(): null

2021-12-30 11:33:13 - [TEST_STEP][PASSED] - response = getInstance().getCurrentResponse(): null

2021-12-30 11:33:13 - [TEST_STEP][PASSED] - assert response.getStatusCode() == 200: null

2021-12-30 11:33:13 - [TEST_STEP][PASSED] - verifyElementPropertyValue(response, "age", 25): Verify element property value successfully

2021-12-30 11:33:13 - [MESSAGE][PASSED] - Verify element property value successfully

2021-12-30 11:33:13 - [TEST_STEP][PASSED] - verifyElementPropertyValue(response, "username", "mimi"): Verify element property value successfully

2021-12-30 11:33:13 - [MESSAGE][PASSED] - Verify element property value successfully

2021-12-30 11:33:13 - [TEST_STEP][PASSED] - verifyElementPropertyValue(response, "password", "123456789"): Verify element property value successfully

2021-12-30 11:33:13 - [MESSAGE][PASSED] - Verify element property value successfully

2021-12-30 11:33:13 - [TEST_STEP][PASSED] - verifyElementPropertyValue(response, "gender", "MALE"): Verify element property value successfully

2021-12-30 11:33:13 - [MESSAGE][PASSED] - Verify element property value successfully

2021-12-30 11:33:13 - [MESSAGE][PASSED] - Verify response successfully

2021-12-30 11:33:13 - [MESSAGE][PASSED] - Send request and verify the response successfully

2021-12-30 11:33:13 - [MESSAGE][PASSED] - sample.Common.createNewUser is PASSED

2021-12-30 11:33:13 - [TEST_STEP][PASSED] - sample.Common.findUserById(id, age, username, password, gender, 200): sample.Common.findUserById is PASSED

2021-12-30 11:33:14 - [MESSAGE][INFO] - HAR: /Users/ly.doan/web-service-test/Reports/20211230_113242/Test Suite created on TestOps/20211230_113242/requests/main/8.har

2021-12-30 11:33:14 - [TEST_CASE][PASSED] - Start Test Case : Verification: Verification accomplished successfully

2021-12-30 11:33:14 - [TEST_STEP][PASSED] - request = getInstance().getCurrentRequest(): null

2021-12-30 11:33:14 - [TEST_STEP][PASSED] - response = getInstance().getCurrentResponse(): null

2021-12-30 11:33:14 - [TEST_STEP][PASSED] - assert response.getStatusCode() == 200: null

2021-12-30 11:33:14 - [TEST_STEP][PASSED] - verifyElementPropertyValue(response, "age", 25): Verify element property value successfully

2021-12-30 11:33:14 - [MESSAGE][PASSED] - Verify element property value successfully

2021-12-30 11:33:14 - [TEST_STEP][PASSED] - verifyElementPropertyValue(response, "username", "mimi"): Verify element property value successfully

2021-12-30 11:33:14 - [MESSAGE][PASSED] - Verify element property value successfully

2021-12-30 11:33:14 - [TEST_STEP][PASSED] - verifyElementPropertyValue(response, "password", "123456789"): Verify element property value successfully

2021-12-30 11:33:14 - [MESSAGE][PASSED] - Verify element property value successfully

2021-12-30 11:33:14 - [TEST_STEP][PASSED] - verifyElementPropertyValue(response, "gender", "MALE"): Verify element property value successfully

2021-12-30 11:33:14 - [MESSAGE][PASSED] - Verify element property value successfully

2021-12-30 11:33:14 - [MESSAGE][PASSED] - Verify response successfully

2021-12-30 11:33:14 - [MESSAGE][PASSED] - Send request and verify the response successfully

2021-12-30 11:33:14 - [MESSAGE][PASSED] - sample.Common.findUserById is PASSED]]></system-out>
         <system-err><![CDATA[]]></system-err>
      </testcase>
      <testcase name="Test Cases/Find user by ID" time="2.727" classname="Test Cases/Find user by ID" status="PASSED">
         <system-out><![CDATA[2021-12-30 11:33:14 - [TEST_CASE][PASSED] - Test Cases/Find user by ID: Test Cases/Find user by ID

2021-12-30 11:33:14 - [TEST_STEP][PASSED] - id = sample.Common.createNewUser(age, username, password, gender, 200): sample.Common.createNewUser is PASSED

2021-12-30 11:33:16 - [MESSAGE][INFO] - HAR: /Users/ly.doan/web-service-test/Reports/20211230_113242/Test Suite created on TestOps/20211230_113242/requests/main/9.har

2021-12-30 11:33:16 - [TEST_CASE][PASSED] - Start Test Case : Verification: Verification accomplished successfully

2021-12-30 11:33:16 - [TEST_STEP][PASSED] - request = getInstance().getCurrentRequest(): null

2021-12-30 11:33:16 - [TEST_STEP][PASSED] - response = getInstance().getCurrentResponse(): null

2021-12-30 11:33:16 - [TEST_STEP][PASSED] - assert response.getStatusCode() == 200: null

2021-12-30 11:33:16 - [TEST_STEP][PASSED] - verifyElementPropertyValue(response, "age", 25): Verify element property value successfully

2021-12-30 11:33:16 - [MESSAGE][PASSED] - Verify element property value successfully

2021-12-30 11:33:16 - [TEST_STEP][PASSED] - verifyElementPropertyValue(response, "username", "mimi"): Verify element property value successfully

2021-12-30 11:33:16 - [MESSAGE][PASSED] - Verify element property value successfully

2021-12-30 11:33:16 - [TEST_STEP][PASSED] - verifyElementPropertyValue(response, "password", "123456789"): Verify element property value successfully

2021-12-30 11:33:16 - [MESSAGE][PASSED] - Verify element property value successfully

2021-12-30 11:33:16 - [TEST_STEP][PASSED] - verifyElementPropertyValue(response, "gender", "MALE"): Verify element property value successfully

2021-12-30 11:33:16 - [MESSAGE][PASSED] - Verify element property value successfully

2021-12-30 11:33:16 - [MESSAGE][PASSED] - Verify response successfully

2021-12-30 11:33:16 - [MESSAGE][PASSED] - Send request and verify the response successfully

2021-12-30 11:33:16 - [MESSAGE][PASSED] - sample.Common.createNewUser is PASSED

2021-12-30 11:33:16 - [TEST_STEP][PASSED] - sample.Common.findUserById(id, age, username, password, gender, 200): sample.Common.findUserById is PASSED

2021-12-30 11:33:17 - [MESSAGE][INFO] - HAR: /Users/ly.doan/web-service-test/Reports/20211230_113242/Test Suite created on TestOps/20211230_113242/requests/main/10.har

2021-12-30 11:33:17 - [TEST_CASE][PASSED] - Start Test Case : Verification: Verification accomplished successfully

2021-12-30 11:33:17 - [TEST_STEP][PASSED] - request = getInstance().getCurrentRequest(): null

2021-12-30 11:33:17 - [TEST_STEP][PASSED] - response = getInstance().getCurrentResponse(): null

2021-12-30 11:33:17 - [TEST_STEP][PASSED] - assert response.getStatusCode() == 200: null

2021-12-30 11:33:17 - [TEST_STEP][PASSED] - verifyElementPropertyValue(response, "age", 25): Verify element property value successfully

2021-12-30 11:33:17 - [MESSAGE][PASSED] - Verify element property value successfully

2021-12-30 11:33:17 - [TEST_STEP][PASSED] - verifyElementPropertyValue(response, "username", "mimi"): Verify element property value successfully

2021-12-30 11:33:17 - [MESSAGE][PASSED] - Verify element property value successfully

2021-12-30 11:33:17 - [TEST_STEP][PASSED] - verifyElementPropertyValue(response, "password", "123456789"): Verify element property value successfully

2021-12-30 11:33:17 - [MESSAGE][PASSED] - Verify element property value successfully

2021-12-30 11:33:17 - [TEST_STEP][PASSED] - verifyElementPropertyValue(response, "gender", "MALE"): Verify element property value successfully

2021-12-30 11:33:17 - [MESSAGE][PASSED] - Verify element property value successfully

2021-12-30 11:33:17 - [MESSAGE][PASSED] - Verify response successfully

2021-12-30 11:33:17 - [MESSAGE][PASSED] - Send request and verify the response successfully

2021-12-30 11:33:17 - [MESSAGE][PASSED] - sample.Common.findUserById is PASSED]]></system-out>
         <system-err><![CDATA[]]></system-err>
      </testcase>
      <testcase name="Test Cases/Find user by ID" time="2.905" classname="Test Cases/Find user by ID" status="PASSED">
         <system-out><![CDATA[2021-12-30 11:33:17 - [TEST_CASE][PASSED] - Test Cases/Find user by ID: Test Cases/Find user by ID

2021-12-30 11:33:17 - [TEST_STEP][PASSED] - id = sample.Common.createNewUser(age, username, password, gender, 200): sample.Common.createNewUser is PASSED

2021-12-30 11:33:18 - [MESSAGE][INFO] - HAR: /Users/ly.doan/web-service-test/Reports/20211230_113242/Test Suite created on TestOps/20211230_113242/requests/main/11.har

2021-12-30 11:33:18 - [TEST_CASE][PASSED] - Start Test Case : Verification: Verification accomplished successfully

2021-12-30 11:33:19 - [TEST_STEP][PASSED] - request = getInstance().getCurrentRequest(): null

2021-12-30 11:33:19 - [TEST_STEP][PASSED] - response = getInstance().getCurrentResponse(): null

2021-12-30 11:33:19 - [TEST_STEP][PASSED] - assert response.getStatusCode() == 200: null

2021-12-30 11:33:19 - [TEST_STEP][PASSED] - verifyElementPropertyValue(response, "age", 25): Verify element property value successfully

2021-12-30 11:33:19 - [MESSAGE][PASSED] - Verify element property value successfully

2021-12-30 11:33:19 - [TEST_STEP][PASSED] - verifyElementPropertyValue(response, "username", "mimi"): Verify element property value successfully

2021-12-30 11:33:19 - [MESSAGE][PASSED] - Verify element property value successfully

2021-12-30 11:33:19 - [TEST_STEP][PASSED] - verifyElementPropertyValue(response, "password", "123456789"): Verify element property value successfully

2021-12-30 11:33:19 - [MESSAGE][PASSED] - Verify element property value successfully

2021-12-30 11:33:19 - [TEST_STEP][PASSED] - verifyElementPropertyValue(response, "gender", "MALE"): Verify element property value successfully

2021-12-30 11:33:19 - [MESSAGE][PASSED] - Verify element property value successfully

2021-12-30 11:33:19 - [MESSAGE][PASSED] - Verify response successfully

2021-12-30 11:33:19 - [MESSAGE][PASSED] - Send request and verify the response successfully

2021-12-30 11:33:19 - [MESSAGE][PASSED] - sample.Common.createNewUser is PASSED

2021-12-30 11:33:19 - [TEST_STEP][PASSED] - sample.Common.findUserById(id, age, username, password, gender, 200): sample.Common.findUserById is PASSED

2021-12-30 11:33:20 - [MESSAGE][INFO] - HAR: /Users/ly.doan/web-service-test/Reports/20211230_113242/Test Suite created on TestOps/20211230_113242/requests/main/12.har

2021-12-30 11:33:20 - [TEST_CASE][PASSED] - Start Test Case : Verification: Verification accomplished successfully

2021-12-30 11:33:20 - [TEST_STEP][PASSED] - request = getInstance().getCurrentRequest(): null

2021-12-30 11:33:20 - [TEST_STEP][PASSED] - response = getInstance().getCurrentResponse(): null

2021-12-30 11:33:20 - [TEST_STEP][PASSED] - assert response.getStatusCode() == 200: null

2021-12-30 11:33:20 - [TEST_STEP][PASSED] - verifyElementPropertyValue(response, "age", 25): Verify element property value successfully

2021-12-30 11:33:20 - [MESSAGE][PASSED] - Verify element property value successfully

2021-12-30 11:33:20 - [TEST_STEP][PASSED] - verifyElementPropertyValue(response, "username", "mimi"): Verify element property value successfully

2021-12-30 11:33:20 - [MESSAGE][PASSED] - Verify element property value successfully

2021-12-30 11:33:20 - [TEST_STEP][PASSED] - verifyElementPropertyValue(response, "password", "123456789"): Verify element property value successfully

2021-12-30 11:33:20 - [MESSAGE][PASSED] - Verify element property value successfully

2021-12-30 11:33:20 - [TEST_STEP][PASSED] - verifyElementPropertyValue(response, "gender", "MALE"): Verify element property value successfully

2021-12-30 11:33:20 - [MESSAGE][PASSED] - Verify element property value successfully

2021-12-30 11:33:20 - [MESSAGE][PASSED] - Verify response successfully

2021-12-30 11:33:20 - [MESSAGE][PASSED] - Send request and verify the response successfully

2021-12-30 11:33:20 - [MESSAGE][PASSED] - sample.Common.findUserById is PASSED]]></system-out>
         <system-err><![CDATA[]]></system-err>
      </testcase>
      <testcase name="Test Cases/Find user by ID" time="2.827" classname="Test Cases/Find user by ID" status="PASSED">
         <system-out><![CDATA[2021-12-30 11:33:20 - [TEST_CASE][PASSED] - Test Cases/Find user by ID: Test Cases/Find user by ID

2021-12-30 11:33:20 - [TEST_STEP][PASSED] - id = sample.Common.createNewUser(age, username, password, gender, 200): sample.Common.createNewUser is PASSED

2021-12-30 11:33:21 - [MESSAGE][INFO] - HAR: /Users/ly.doan/web-service-test/Reports/20211230_113242/Test Suite created on TestOps/20211230_113242/requests/main/13.har

2021-12-30 11:33:21 - [TEST_CASE][PASSED] - Start Test Case : Verification: Verification accomplished successfully

2021-12-30 11:33:21 - [TEST_STEP][PASSED] - request = getInstance().getCurrentRequest(): null

2021-12-30 11:33:21 - [TEST_STEP][PASSED] - response = getInstance().getCurrentResponse(): null

2021-12-30 11:33:21 - [TEST_STEP][PASSED] - assert response.getStatusCode() == 200: null

2021-12-30 11:33:21 - [TEST_STEP][PASSED] - verifyElementPropertyValue(response, "age", 25): Verify element property value successfully

2021-12-30 11:33:22 - [MESSAGE][PASSED] - Verify element property value successfully

2021-12-30 11:33:22 - [TEST_STEP][PASSED] - verifyElementPropertyValue(response, "username", "mimi"): Verify element property value successfully

2021-12-30 11:33:22 - [MESSAGE][PASSED] - Verify element property value successfully

2021-12-30 11:33:22 - [TEST_STEP][PASSED] - verifyElementPropertyValue(response, "password", "123456789"): Verify element property value successfully

2021-12-30 11:33:22 - [MESSAGE][PASSED] - Verify element property value successfully

2021-12-30 11:33:22 - [TEST_STEP][PASSED] - verifyElementPropertyValue(response, "gender", "MALE"): Verify element property value successfully

2021-12-30 11:33:22 - [MESSAGE][PASSED] - Verify element property value successfully

2021-12-30 11:33:22 - [MESSAGE][PASSED] - Verify response successfully

2021-12-30 11:33:22 - [MESSAGE][PASSED] - Send request and verify the response successfully

2021-12-30 11:33:22 - [MESSAGE][PASSED] - sample.Common.createNewUser is PASSED

2021-12-30 11:33:22 - [TEST_STEP][PASSED] - sample.Common.findUserById(id, age, username, password, gender, 200): sample.Common.findUserById is PASSED

2021-12-30 11:33:23 - [MESSAGE][INFO] - HAR: /Users/ly.doan/web-service-test/Reports/20211230_113242/Test Suite created on TestOps/20211230_113242/requests/main/14.har

2021-12-30 11:33:23 - [TEST_CASE][PASSED] - Start Test Case : Verification: Verification accomplished successfully

2021-12-30 11:33:23 - [TEST_STEP][PASSED] - request = getInstance().getCurrentRequest(): null

2021-12-30 11:33:23 - [TEST_STEP][PASSED] - response = getInstance().getCurrentResponse(): null

2021-12-30 11:33:23 - [TEST_STEP][PASSED] - assert response.getStatusCode() == 200: null

2021-12-30 11:33:23 - [TEST_STEP][PASSED] - verifyElementPropertyValue(response, "age", 25): Verify element property value successfully

2021-12-30 11:33:23 - [MESSAGE][PASSED] - Verify element property value successfully

2021-12-30 11:33:23 - [TEST_STEP][PASSED] - verifyElementPropertyValue(response, "username", "mimi"): Verify element property value successfully

2021-12-30 11:33:23 - [MESSAGE][PASSED] - Verify element property value successfully

2021-12-30 11:33:23 - [TEST_STEP][PASSED] - verifyElementPropertyValue(response, "password", "123456789"): Verify element property value successfully

2021-12-30 11:33:23 - [MESSAGE][PASSED] - Verify element property value successfully

2021-12-30 11:33:23 - [TEST_STEP][PASSED] - verifyElementPropertyValue(response, "gender", "MALE"): Verify element property value successfully

2021-12-30 11:33:23 - [MESSAGE][PASSED] - Verify element property value successfully

2021-12-30 11:33:23 - [MESSAGE][PASSED] - Verify response successfully

2021-12-30 11:33:23 - [MESSAGE][PASSED] - Send request and verify the response successfully

2021-12-30 11:33:23 - [MESSAGE][PASSED] - sample.Common.findUserById is PASSED]]></system-out>
         <system-err><![CDATA[]]></system-err>
      </testcase>
      <testcase name="Test Cases/Find user by ID" time="2.685" classname="Test Cases/Find user by ID" status="PASSED">
         <system-out><![CDATA[2021-12-30 11:33:23 - [TEST_CASE][PASSED] - Test Cases/Find user by ID: Test Cases/Find user by ID

2021-12-30 11:33:23 - [TEST_STEP][PASSED] - id = sample.Common.createNewUser(age, username, password, gender, 200): sample.Common.createNewUser is PASSED

2021-12-30 11:33:24 - [MESSAGE][INFO] - HAR: /Users/ly.doan/web-service-test/Reports/20211230_113242/Test Suite created on TestOps/20211230_113242/requests/main/15.har

2021-12-30 11:33:24 - [TEST_CASE][PASSED] - Start Test Case : Verification: Verification accomplished successfully

2021-12-30 11:33:24 - [TEST_STEP][PASSED] - request = getInstance().getCurrentRequest(): null

2021-12-30 11:33:24 - [TEST_STEP][PASSED] - response = getInstance().getCurrentResponse(): null

2021-12-30 11:33:24 - [TEST_STEP][PASSED] - assert response.getStatusCode() == 200: null

2021-12-30 11:33:24 - [TEST_STEP][PASSED] - verifyElementPropertyValue(response, "age", 25): Verify element property value successfully

2021-12-30 11:33:24 - [MESSAGE][PASSED] - Verify element property value successfully

2021-12-30 11:33:24 - [TEST_STEP][PASSED] - verifyElementPropertyValue(response, "username", "mimi"): Verify element property value successfully

2021-12-30 11:33:24 - [MESSAGE][PASSED] - Verify element property value successfully

2021-12-30 11:33:24 - [TEST_STEP][PASSED] - verifyElementPropertyValue(response, "password", "123456789"): Verify element property value successfully

2021-12-30 11:33:24 - [MESSAGE][PASSED] - Verify element property value successfully

2021-12-30 11:33:24 - [TEST_STEP][PASSED] - verifyElementPropertyValue(response, "gender", "MALE"): Verify element property value successfully

2021-12-30 11:33:24 - [MESSAGE][PASSED] - Verify element property value successfully

2021-12-30 11:33:24 - [MESSAGE][PASSED] - Verify response successfully

2021-12-30 11:33:24 - [MESSAGE][PASSED] - Send request and verify the response successfully

2021-12-30 11:33:24 - [MESSAGE][PASSED] - sample.Common.createNewUser is PASSED

2021-12-30 11:33:24 - [TEST_STEP][PASSED] - sample.Common.findUserById(id, age, username, password, gender, 200): sample.Common.findUserById is PASSED

2021-12-30 11:33:25 - [MESSAGE][INFO] - HAR: /Users/ly.doan/web-service-test/Reports/20211230_113242/Test Suite created on TestOps/20211230_113242/requests/main/16.har

2021-12-30 11:33:25 - [TEST_CASE][PASSED] - Start Test Case : Verification: Verification accomplished successfully

2021-12-30 11:33:26 - [TEST_STEP][PASSED] - request = getInstance().getCurrentRequest(): null

2021-12-30 11:33:26 - [TEST_STEP][PASSED] - response = getInstance().getCurrentResponse(): null

2021-12-30 11:33:26 - [TEST_STEP][PASSED] - assert response.getStatusCode() == 200: null

2021-12-30 11:33:26 - [TEST_STEP][PASSED] - verifyElementPropertyValue(response, "age", 25): Verify element property value successfully

2021-12-30 11:33:26 - [MESSAGE][PASSED] - Verify element property value successfully

2021-12-30 11:33:26 - [TEST_STEP][PASSED] - verifyElementPropertyValue(response, "username", "mimi"): Verify element property value successfully

2021-12-30 11:33:26 - [MESSAGE][PASSED] - Verify element property value successfully

2021-12-30 11:33:26 - [TEST_STEP][PASSED] - verifyElementPropertyValue(response, "password", "123456789"): Verify element property value successfully

2021-12-30 11:33:26 - [MESSAGE][PASSED] - Verify element property value successfully

2021-12-30 11:33:26 - [TEST_STEP][PASSED] - verifyElementPropertyValue(response, "gender", "MALE"): Verify element property value successfully

2021-12-30 11:33:26 - [MESSAGE][PASSED] - Verify element property value successfully

2021-12-30 11:33:26 - [MESSAGE][PASSED] - Verify response successfully

2021-12-30 11:33:26 - [MESSAGE][PASSED] - Send request and verify the response successfully

2021-12-30 11:33:26 - [MESSAGE][PASSED] - sample.Common.findUserById is PASSED]]></system-out>
         <system-err><![CDATA[]]></system-err>
      </testcase>
      <testcase name="Test Cases/Find user by ID" time="2.704" classname="Test Cases/Find user by ID" status="PASSED">
         <system-out><![CDATA[2021-12-30 11:33:26 - [TEST_CASE][PASSED] - Test Cases/Find user by ID: Test Cases/Find user by ID

2021-12-30 11:33:26 - [TEST_STEP][PASSED] - id = sample.Common.createNewUser(age, username, password, gender, 200): sample.Common.createNewUser is PASSED

2021-12-30 11:33:27 - [MESSAGE][INFO] - HAR: /Users/ly.doan/web-service-test/Reports/20211230_113242/Test Suite created on TestOps/20211230_113242/requests/main/17.har

2021-12-30 11:33:27 - [TEST_CASE][PASSED] - Start Test Case : Verification: Verification accomplished successfully

2021-12-30 11:33:27 - [TEST_STEP][PASSED] - request = getInstance().getCurrentRequest(): null

2021-12-30 11:33:27 - [TEST_STEP][PASSED] - response = getInstance().getCurrentResponse(): null

2021-12-30 11:33:27 - [TEST_STEP][PASSED] - assert response.getStatusCode() == 200: null

2021-12-30 11:33:27 - [TEST_STEP][PASSED] - verifyElementPropertyValue(response, "age", 25): Verify element property value successfully

2021-12-30 11:33:27 - [MESSAGE][PASSED] - Verify element property value successfully

2021-12-30 11:33:27 - [TEST_STEP][PASSED] - verifyElementPropertyValue(response, "username", "mimi"): Verify element property value successfully

2021-12-30 11:33:27 - [MESSAGE][PASSED] - Verify element property value successfully

2021-12-30 11:33:27 - [TEST_STEP][PASSED] - verifyElementPropertyValue(response, "password", "123456789"): Verify element property value successfully

2021-12-30 11:33:27 - [MESSAGE][PASSED] - Verify element property value successfully

2021-12-30 11:33:27 - [TEST_STEP][PASSED] - verifyElementPropertyValue(response, "gender", "MALE"): Verify element property value successfully

2021-12-30 11:33:27 - [MESSAGE][PASSED] - Verify element property value successfully

2021-12-30 11:33:27 - [MESSAGE][PASSED] - Verify response successfully

2021-12-30 11:33:27 - [MESSAGE][PASSED] - Send request and verify the response successfully

2021-12-30 11:33:27 - [MESSAGE][PASSED] - sample.Common.createNewUser is PASSED

2021-12-30 11:33:27 - [TEST_STEP][PASSED] - sample.Common.findUserById(id, age, username, password, gender, 200): sample.Common.findUserById is PASSED

2021-12-30 11:33:28 - [MESSAGE][INFO] - HAR: /Users/ly.doan/web-service-test/Reports/20211230_113242/Test Suite created on TestOps/20211230_113242/requests/main/18.har

2021-12-30 11:33:28 - [TEST_CASE][PASSED] - Start Test Case : Verification: Verification accomplished successfully

2021-12-30 11:33:28 - [TEST_STEP][PASSED] - request = getInstance().getCurrentRequest(): null

2021-12-30 11:33:28 - [TEST_STEP][PASSED] - response = getInstance().getCurrentResponse(): null

2021-12-30 11:33:28 - [TEST_STEP][PASSED] - assert response.getStatusCode() == 200: null

2021-12-30 11:33:28 - [TEST_STEP][PASSED] - verifyElementPropertyValue(response, "age", 25): Verify element property value successfully

2021-12-30 11:33:28 - [MESSAGE][PASSED] - Verify element property value successfully

2021-12-30 11:33:28 - [TEST_STEP][PASSED] - verifyElementPropertyValue(response, "username", "mimi"): Verify element property value successfully

2021-12-30 11:33:28 - [MESSAGE][PASSED] - Verify element property value successfully

2021-12-30 11:33:28 - [TEST_STEP][PASSED] - verifyElementPropertyValue(response, "password", "123456789"): Verify element property value successfully

2021-12-30 11:33:28 - [MESSAGE][PASSED] - Verify element property value successfully

2021-12-30 11:33:28 - [TEST_STEP][PASSED] - verifyElementPropertyValue(response, "gender", "MALE"): Verify element property value successfully

2021-12-30 11:33:28 - [MESSAGE][PASSED] - Verify element property value successfully

2021-12-30 11:33:28 - [MESSAGE][PASSED] - Verify response successfully

2021-12-30 11:33:28 - [MESSAGE][PASSED] - Send request and verify the response successfully

2021-12-30 11:33:28 - [MESSAGE][PASSED] - sample.Common.findUserById is PASSED]]></system-out>
         <system-err><![CDATA[]]></system-err>
      </testcase>
      <testcase name="Test Cases/Find user by ID" time="2.681" classname="Test Cases/Find user by ID" status="PASSED">
         <system-out><![CDATA[2021-12-30 11:33:28 - [TEST_CASE][PASSED] - Test Cases/Find user by ID: Test Cases/Find user by ID

2021-12-30 11:33:28 - [TEST_STEP][PASSED] - id = sample.Common.createNewUser(age, username, password, gender, 200): sample.Common.createNewUser is PASSED

2021-12-30 11:33:29 - [MESSAGE][INFO] - HAR: /Users/ly.doan/web-service-test/Reports/20211230_113242/Test Suite created on TestOps/20211230_113242/requests/main/19.har

2021-12-30 11:33:30 - [TEST_CASE][PASSED] - Start Test Case : Verification: Verification accomplished successfully

2021-12-30 11:33:30 - [TEST_STEP][PASSED] - request = getInstance().getCurrentRequest(): null

2021-12-30 11:33:30 - [TEST_STEP][PASSED] - response = getInstance().getCurrentResponse(): null

2021-12-30 11:33:30 - [TEST_STEP][PASSED] - assert response.getStatusCode() == 200: null

2021-12-30 11:33:30 - [TEST_STEP][PASSED] - verifyElementPropertyValue(response, "age", 25): Verify element property value successfully

2021-12-30 11:33:30 - [MESSAGE][PASSED] - Verify element property value successfully

2021-12-30 11:33:30 - [TEST_STEP][PASSED] - verifyElementPropertyValue(response, "username", "mimi"): Verify element property value successfully

2021-12-30 11:33:30 - [MESSAGE][PASSED] - Verify element property value successfully

2021-12-30 11:33:30 - [TEST_STEP][PASSED] - verifyElementPropertyValue(response, "password", "123456789"): Verify element property value successfully

2021-12-30 11:33:30 - [MESSAGE][PASSED] - Verify element property value successfully

2021-12-30 11:33:30 - [TEST_STEP][PASSED] - verifyElementPropertyValue(response, "gender", "MALE"): Verify element property value successfully

2021-12-30 11:33:30 - [MESSAGE][PASSED] - Verify element property value successfully

2021-12-30 11:33:30 - [MESSAGE][PASSED] - Verify response successfully

2021-12-30 11:33:30 - [MESSAGE][PASSED] - Send request and verify the response successfully

2021-12-30 11:33:30 - [MESSAGE][PASSED] - sample.Common.createNewUser is PASSED

2021-12-30 11:33:30 - [TEST_STEP][PASSED] - sample.Common.findUserById(id, age, username, password, gender, 200): sample.Common.findUserById is PASSED

2021-12-30 11:33:31 - [MESSAGE][INFO] - HAR: /Users/ly.doan/web-service-test/Reports/20211230_113242/Test Suite created on TestOps/20211230_113242/requests/main/20.har

2021-12-30 11:33:31 - [TEST_CASE][PASSED] - Start Test Case : Verification: Verification accomplished successfully

2021-12-30 11:33:31 - [TEST_STEP][PASSED] - request = getInstance().getCurrentRequest(): null

2021-12-30 11:33:31 - [TEST_STEP][PASSED] - response = getInstance().getCurrentResponse(): null

2021-12-30 11:33:31 - [TEST_STEP][PASSED] - assert response.getStatusCode() == 200: null

2021-12-30 11:33:31 - [TEST_STEP][PASSED] - verifyElementPropertyValue(response, "age", 25): Verify element property value successfully

2021-12-30 11:33:31 - [MESSAGE][PASSED] - Verify element property value successfully

2021-12-30 11:33:31 - [TEST_STEP][PASSED] - verifyElementPropertyValue(response, "username", "mimi"): Verify element property value successfully

2021-12-30 11:33:31 - [MESSAGE][PASSED] - Verify element property value successfully

2021-12-30 11:33:31 - [TEST_STEP][PASSED] - verifyElementPropertyValue(response, "password", "123456789"): Verify element property value successfully

2021-12-30 11:33:31 - [MESSAGE][PASSED] - Verify element property value successfully

2021-12-30 11:33:31 - [TEST_STEP][PASSED] - verifyElementPropertyValue(response, "gender", "MALE"): Verify element property value successfully

2021-12-30 11:33:31 - [MESSAGE][PASSED] - Verify element property value successfully

2021-12-30 11:33:31 - [MESSAGE][PASSED] - Verify response successfully

2021-12-30 11:33:31 - [MESSAGE][PASSED] - Send request and verify the response successfully

2021-12-30 11:33:31 - [MESSAGE][PASSED] - sample.Common.findUserById is PASSED]]></system-out>
         <system-err><![CDATA[]]></system-err>
      </testcase>
      <testcase name="Test Cases/Find user by ID" time="2.626" classname="Test Cases/Find user by ID" status="PASSED">
         <system-out><![CDATA[2021-12-30 11:33:31 - [TEST_CASE][PASSED] - Test Cases/Find user by ID: Test Cases/Find user by ID

2021-12-30 11:33:31 - [TEST_STEP][PASSED] - id = sample.Common.createNewUser(age, username, password, gender, 200): sample.Common.createNewUser is PASSED

2021-12-30 11:33:32 - [MESSAGE][INFO] - HAR: /Users/ly.doan/web-service-test/Reports/20211230_113242/Test Suite created on TestOps/20211230_113242/requests/main/21.har

2021-12-30 11:33:32 - [TEST_CASE][PASSED] - Start Test Case : Verification: Verification accomplished successfully

2021-12-30 11:33:32 - [TEST_STEP][PASSED] - request = getInstance().getCurrentRequest(): null

2021-12-30 11:33:32 - [TEST_STEP][PASSED] - response = getInstance().getCurrentResponse(): null

2021-12-30 11:33:32 - [TEST_STEP][PASSED] - assert response.getStatusCode() == 200: null

2021-12-30 11:33:32 - [TEST_STEP][PASSED] - verifyElementPropertyValue(response, "age", 25): Verify element property value successfully

2021-12-30 11:33:32 - [MESSAGE][PASSED] - Verify element property value successfully

2021-12-30 11:33:32 - [TEST_STEP][PASSED] - verifyElementPropertyValue(response, "username", "mimi"): Verify element property value successfully

2021-12-30 11:33:32 - [MESSAGE][PASSED] - Verify element property value successfully

2021-12-30 11:33:32 - [TEST_STEP][PASSED] - verifyElementPropertyValue(response, "password", "123456789"): Verify element property value successfully

2021-12-30 11:33:32 - [MESSAGE][PASSED] - Verify element property value successfully

2021-12-30 11:33:32 - [TEST_STEP][PASSED] - verifyElementPropertyValue(response, "gender", "MALE"): Verify element property value successfully

2021-12-30 11:33:32 - [MESSAGE][PASSED] - Verify element property value successfully

2021-12-30 11:33:32 - [MESSAGE][PASSED] - Verify response successfully

2021-12-30 11:33:32 - [MESSAGE][PASSED] - Send request and verify the response successfully

2021-12-30 11:33:32 - [MESSAGE][PASSED] - sample.Common.createNewUser is PASSED

2021-12-30 11:33:32 - [TEST_STEP][PASSED] - sample.Common.findUserById(id, age, username, password, gender, 200): sample.Common.findUserById is PASSED

2021-12-30 11:33:33 - [MESSAGE][INFO] - HAR: /Users/ly.doan/web-service-test/Reports/20211230_113242/Test Suite created on TestOps/20211230_113242/requests/main/22.har

2021-12-30 11:33:33 - [TEST_CASE][PASSED] - Start Test Case : Verification: Verification accomplished successfully

2021-12-30 11:33:34 - [TEST_STEP][PASSED] - request = getInstance().getCurrentRequest(): null

2021-12-30 11:33:34 - [TEST_STEP][PASSED] - response = getInstance().getCurrentResponse(): null

2021-12-30 11:33:34 - [TEST_STEP][PASSED] - assert response.getStatusCode() == 200: null

2021-12-30 11:33:34 - [TEST_STEP][PASSED] - verifyElementPropertyValue(response, "age", 25): Verify element property value successfully

2021-12-30 11:33:34 - [MESSAGE][PASSED] - Verify element property value successfully

2021-12-30 11:33:34 - [TEST_STEP][PASSED] - verifyElementPropertyValue(response, "username", "mimi"): Verify element property value successfully

2021-12-30 11:33:34 - [MESSAGE][PASSED] - Verify element property value successfully

2021-12-30 11:33:34 - [TEST_STEP][PASSED] - verifyElementPropertyValue(response, "password", "123456789"): Verify element property value successfully

2021-12-30 11:33:34 - [MESSAGE][PASSED] - Verify element property value successfully

2021-12-30 11:33:34 - [TEST_STEP][PASSED] - verifyElementPropertyValue(response, "gender", "MALE"): Verify element property value successfully

2021-12-30 11:33:34 - [MESSAGE][PASSED] - Verify element property value successfully

2021-12-30 11:33:34 - [MESSAGE][PASSED] - Verify response successfully

2021-12-30 11:33:34 - [MESSAGE][PASSED] - Send request and verify the response successfully

2021-12-30 11:33:34 - [MESSAGE][PASSED] - sample.Common.findUserById is PASSED]]></system-out>
         <system-err><![CDATA[]]></system-err>
      </testcase>
      <testcase name="Test Cases/Find user by ID" time="2.577" classname="Test Cases/Find user by ID" status="PASSED">
         <system-out><![CDATA[2021-12-30 11:33:34 - [TEST_CASE][PASSED] - Test Cases/Find user by ID: Test Cases/Find user by ID

2021-12-30 11:33:34 - [TEST_STEP][PASSED] - id = sample.Common.createNewUser(age, username, password, gender, 200): sample.Common.createNewUser is PASSED

2021-12-30 11:33:35 - [MESSAGE][INFO] - HAR: /Users/ly.doan/web-service-test/Reports/20211230_113242/Test Suite created on TestOps/20211230_113242/requests/main/23.har

2021-12-30 11:33:35 - [TEST_CASE][PASSED] - Start Test Case : Verification: Verification accomplished successfully

2021-12-30 11:33:35 - [TEST_STEP][PASSED] - request = getInstance().getCurrentRequest(): null

2021-12-30 11:33:35 - [TEST_STEP][PASSED] - response = getInstance().getCurrentResponse(): null

2021-12-30 11:33:35 - [TEST_STEP][PASSED] - assert response.getStatusCode() == 200: null

2021-12-30 11:33:35 - [TEST_STEP][PASSED] - verifyElementPropertyValue(response, "age", 25): Verify element property value successfully

2021-12-30 11:33:35 - [MESSAGE][PASSED] - Verify element property value successfully

2021-12-30 11:33:35 - [TEST_STEP][PASSED] - verifyElementPropertyValue(response, "username", "mimi"): Verify element property value successfully

2021-12-30 11:33:35 - [MESSAGE][PASSED] - Verify element property value successfully

2021-12-30 11:33:35 - [TEST_STEP][PASSED] - verifyElementPropertyValue(response, "password", "123456789"): Verify element property value successfully

2021-12-30 11:33:35 - [MESSAGE][PASSED] - Verify element property value successfully

2021-12-30 11:33:35 - [TEST_STEP][PASSED] - verifyElementPropertyValue(response, "gender", "MALE"): Verify element property value successfully

2021-12-30 11:33:35 - [MESSAGE][PASSED] - Verify element property value successfully

2021-12-30 11:33:35 - [MESSAGE][PASSED] - Verify response successfully

2021-12-30 11:33:35 - [MESSAGE][PASSED] - Send request and verify the response successfully

2021-12-30 11:33:35 - [MESSAGE][PASSED] - sample.Common.createNewUser is PASSED

2021-12-30 11:33:35 - [TEST_STEP][PASSED] - sample.Common.findUserById(id, age, username, password, gender, 200): sample.Common.findUserById is PASSED

2021-12-30 11:33:36 - [MESSAGE][INFO] - HAR: /Users/ly.doan/web-service-test/Reports/20211230_113242/Test Suite created on TestOps/20211230_113242/requests/main/24.har

2021-12-30 11:33:36 - [TEST_CASE][PASSED] - Start Test Case : Verification: Verification accomplished successfully

2021-12-30 11:33:36 - [TEST_STEP][PASSED] - request = getInstance().getCurrentRequest(): null

2021-12-30 11:33:36 - [TEST_STEP][PASSED] - response = getInstance().getCurrentResponse(): null

2021-12-30 11:33:36 - [TEST_STEP][PASSED] - assert response.getStatusCode() == 200: null

2021-12-30 11:33:36 - [TEST_STEP][PASSED] - verifyElementPropertyValue(response, "age", 25): Verify element property value successfully

2021-12-30 11:33:36 - [MESSAGE][PASSED] - Verify element property value successfully

2021-12-30 11:33:36 - [TEST_STEP][PASSED] - verifyElementPropertyValue(response, "username", "mimi"): Verify element property value successfully

2021-12-30 11:33:36 - [MESSAGE][PASSED] - Verify element property value successfully

2021-12-30 11:33:36 - [TEST_STEP][PASSED] - verifyElementPropertyValue(response, "password", "123456789"): Verify element property value successfully

2021-12-30 11:33:36 - [MESSAGE][PASSED] - Verify element property value successfully

2021-12-30 11:33:36 - [TEST_STEP][PASSED] - verifyElementPropertyValue(response, "gender", "MALE"): Verify element property value successfully

2021-12-30 11:33:36 - [MESSAGE][PASSED] - Verify element property value successfully

2021-12-30 11:33:36 - [MESSAGE][PASSED] - Verify response successfully

2021-12-30 11:33:36 - [MESSAGE][PASSED] - Send request and verify the response successfully

2021-12-30 11:33:36 - [MESSAGE][PASSED] - sample.Common.findUserById is PASSED]]></system-out>
         <system-err><![CDATA[]]></system-err>
      </testcase>
      <testcase name="Test Cases/Find user by ID" time="2.844" classname="Test Cases/Find user by ID" status="PASSED">
         <system-out><![CDATA[2021-12-30 11:33:36 - [TEST_CASE][PASSED] - Test Cases/Find user by ID: Test Cases/Find user by ID

2021-12-30 11:33:36 - [TEST_STEP][PASSED] - id = sample.Common.createNewUser(age, username, password, gender, 200): sample.Common.createNewUser is PASSED

2021-12-30 11:33:37 - [MESSAGE][INFO] - HAR: /Users/ly.doan/web-service-test/Reports/20211230_113242/Test Suite created on TestOps/20211230_113242/requests/main/25.har

2021-12-30 11:33:37 - [TEST_CASE][PASSED] - Start Test Case : Verification: Verification accomplished successfully

2021-12-30 11:33:37 - [TEST_STEP][PASSED] - request = getInstance().getCurrentRequest(): null

2021-12-30 11:33:37 - [TEST_STEP][PASSED] - response = getInstance().getCurrentResponse(): null

2021-12-30 11:33:37 - [TEST_STEP][PASSED] - assert response.getStatusCode() == 200: null

2021-12-30 11:33:37 - [TEST_STEP][PASSED] - verifyElementPropertyValue(response, "age", 25): Verify element property value successfully

2021-12-30 11:33:37 - [MESSAGE][PASSED] - Verify element property value successfully

2021-12-30 11:33:37 - [TEST_STEP][PASSED] - verifyElementPropertyValue(response, "username", "mimi"): Verify element property value successfully

2021-12-30 11:33:37 - [MESSAGE][PASSED] - Verify element property value successfully

2021-12-30 11:33:37 - [TEST_STEP][PASSED] - verifyElementPropertyValue(response, "password", "123456789"): Verify element property value successfully

2021-12-30 11:33:38 - [MESSAGE][PASSED] - Verify element property value successfully

2021-12-30 11:33:38 - [TEST_STEP][PASSED] - verifyElementPropertyValue(response, "gender", "MALE"): Verify element property value successfully

2021-12-30 11:33:38 - [MESSAGE][PASSED] - Verify element property value successfully

2021-12-30 11:33:38 - [MESSAGE][PASSED] - Verify response successfully

2021-12-30 11:33:38 - [MESSAGE][PASSED] - Send request and verify the response successfully

2021-12-30 11:33:38 - [MESSAGE][PASSED] - sample.Common.createNewUser is PASSED

2021-12-30 11:33:38 - [TEST_STEP][PASSED] - sample.Common.findUserById(id, age, username, password, gender, 200): sample.Common.findUserById is PASSED

2021-12-30 11:33:39 - [MESSAGE][INFO] - HAR: /Users/ly.doan/web-service-test/Reports/20211230_113242/Test Suite created on TestOps/20211230_113242/requests/main/26.har

2021-12-30 11:33:39 - [TEST_CASE][PASSED] - Start Test Case : Verification: Verification accomplished successfully

2021-12-30 11:33:39 - [TEST_STEP][PASSED] - request = getInstance().getCurrentRequest(): null

2021-12-30 11:33:39 - [TEST_STEP][PASSED] - response = getInstance().getCurrentResponse(): null

2021-12-30 11:33:39 - [TEST_STEP][PASSED] - assert response.getStatusCode() == 200: null

2021-12-30 11:33:39 - [TEST_STEP][PASSED] - verifyElementPropertyValue(response, "age", 25): Verify element property value successfully

2021-12-30 11:33:39 - [MESSAGE][PASSED] - Verify element property value successfully

2021-12-30 11:33:39 - [TEST_STEP][PASSED] - verifyElementPropertyValue(response, "username", "mimi"): Verify element property value successfully

2021-12-30 11:33:39 - [MESSAGE][PASSED] - Verify element property value successfully

2021-12-30 11:33:39 - [TEST_STEP][PASSED] - verifyElementPropertyValue(response, "password", "123456789"): Verify element property value successfully

2021-12-30 11:33:39 - [MESSAGE][PASSED] - Verify element property value successfully

2021-12-30 11:33:39 - [TEST_STEP][PASSED] - verifyElementPropertyValue(response, "gender", "MALE"): Verify element property value successfully

2021-12-30 11:33:39 - [MESSAGE][PASSED] - Verify element property value successfully

2021-12-30 11:33:39 - [MESSAGE][PASSED] - Verify response successfully

2021-12-30 11:33:39 - [MESSAGE][PASSED] - Send request and verify the response successfully

2021-12-30 11:33:39 - [MESSAGE][PASSED] - sample.Common.findUserById is PASSED]]></system-out>
         <system-err><![CDATA[]]></system-err>
      </testcase>
      <testcase name="Test Cases/Find user by ID" time="2.716" classname="Test Cases/Find user by ID" status="PASSED">
         <system-out><![CDATA[2021-12-30 11:33:39 - [TEST_CASE][PASSED] - Test Cases/Find user by ID: Test Cases/Find user by ID

2021-12-30 11:33:39 - [TEST_STEP][PASSED] - id = sample.Common.createNewUser(age, username, password, gender, 200): sample.Common.createNewUser is PASSED

2021-12-30 11:33:40 - [MESSAGE][INFO] - HAR: /Users/ly.doan/web-service-test/Reports/20211230_113242/Test Suite created on TestOps/20211230_113242/requests/main/27.har

2021-12-30 11:33:40 - [TEST_CASE][PASSED] - Start Test Case : Verification: Verification accomplished successfully

2021-12-30 11:33:40 - [TEST_STEP][PASSED] - request = getInstance().getCurrentRequest(): null

2021-12-30 11:33:40 - [TEST_STEP][PASSED] - response = getInstance().getCurrentResponse(): null

2021-12-30 11:33:40 - [TEST_STEP][PASSED] - assert response.getStatusCode() == 200: null

2021-12-30 11:33:40 - [TEST_STEP][PASSED] - verifyElementPropertyValue(response, "age", 25): Verify element property value successfully

2021-12-30 11:33:40 - [MESSAGE][PASSED] - Verify element property value successfully

2021-12-30 11:33:40 - [TEST_STEP][PASSED] - verifyElementPropertyValue(response, "username", "mimi"): Verify element property value successfully

2021-12-30 11:33:40 - [MESSAGE][PASSED] - Verify element property value successfully

2021-12-30 11:33:40 - [TEST_STEP][PASSED] - verifyElementPropertyValue(response, "password", "123456789"): Verify element property value successfully

2021-12-30 11:33:40 - [MESSAGE][PASSED] - Verify element property value successfully

2021-12-30 11:33:40 - [TEST_STEP][PASSED] - verifyElementPropertyValue(response, "gender", "MALE"): Verify element property value successfully

2021-12-30 11:33:40 - [MESSAGE][PASSED] - Verify element property value successfully

2021-12-30 11:33:40 - [MESSAGE][PASSED] - Verify response successfully

2021-12-30 11:33:40 - [MESSAGE][PASSED] - Send request and verify the response successfully

2021-12-30 11:33:40 - [MESSAGE][PASSED] - sample.Common.createNewUser is PASSED

2021-12-30 11:33:40 - [TEST_STEP][PASSED] - sample.Common.findUserById(id, age, username, password, gender, 200): sample.Common.findUserById is PASSED

2021-12-30 11:33:42 - [MESSAGE][INFO] - HAR: /Users/ly.doan/web-service-test/Reports/20211230_113242/Test Suite created on TestOps/20211230_113242/requests/main/28.har

2021-12-30 11:33:42 - [TEST_CASE][PASSED] - Start Test Case : Verification: Verification accomplished successfully

2021-12-30 11:33:42 - [TEST_STEP][PASSED] - request = getInstance().getCurrentRequest(): null

2021-12-30 11:33:42 - [TEST_STEP][PASSED] - response = getInstance().getCurrentResponse(): null

2021-12-30 11:33:42 - [TEST_STEP][PASSED] - assert response.getStatusCode() == 200: null

2021-12-30 11:33:42 - [TEST_STEP][PASSED] - verifyElementPropertyValue(response, "age", 25): Verify element property value successfully

2021-12-30 11:33:42 - [MESSAGE][PASSED] - Verify element property value successfully

2021-12-30 11:33:42 - [TEST_STEP][PASSED] - verifyElementPropertyValue(response, "username", "mimi"): Verify element property value successfully

2021-12-30 11:33:42 - [MESSAGE][PASSED] - Verify element property value successfully

2021-12-30 11:33:42 - [TEST_STEP][PASSED] - verifyElementPropertyValue(response, "password", "123456789"): Verify element property value successfully

2021-12-30 11:33:42 - [MESSAGE][PASSED] - Verify element property value successfully

2021-12-30 11:33:42 - [TEST_STEP][PASSED] - verifyElementPropertyValue(response, "gender", "MALE"): Verify element property value successfully

2021-12-30 11:33:42 - [MESSAGE][PASSED] - Verify element property value successfully

2021-12-30 11:33:42 - [MESSAGE][PASSED] - Verify response successfully

2021-12-30 11:33:42 - [MESSAGE][PASSED] - Send request and verify the response successfully

2021-12-30 11:33:42 - [MESSAGE][PASSED] - sample.Common.findUserById is PASSED]]></system-out>
         <system-err><![CDATA[]]></system-err>
      </testcase>
      <testcase name="Test Cases/Find user by ID" time="2.773" classname="Test Cases/Find user by ID" status="PASSED">
         <system-out><![CDATA[2021-12-30 11:33:42 - [TEST_CASE][PASSED] - Test Cases/Find user by ID: Test Cases/Find user by ID

2021-12-30 11:33:42 - [TEST_STEP][PASSED] - id = sample.Common.createNewUser(age, username, password, gender, 200): sample.Common.createNewUser is PASSED

2021-12-30 11:33:43 - [MESSAGE][INFO] - HAR: /Users/ly.doan/web-service-test/Reports/20211230_113242/Test Suite created on TestOps/20211230_113242/requests/main/29.har

2021-12-30 11:33:43 - [TEST_CASE][PASSED] - Start Test Case : Verification: Verification accomplished successfully

2021-12-30 11:33:43 - [TEST_STEP][PASSED] - request = getInstance().getCurrentRequest(): null

2021-12-30 11:33:43 - [TEST_STEP][PASSED] - response = getInstance().getCurrentResponse(): null

2021-12-30 11:33:43 - [TEST_STEP][PASSED] - assert response.getStatusCode() == 200: null

2021-12-30 11:33:43 - [TEST_STEP][PASSED] - verifyElementPropertyValue(response, "age", 25): Verify element property value successfully

2021-12-30 11:33:43 - [MESSAGE][PASSED] - Verify element property value successfully

2021-12-30 11:33:43 - [TEST_STEP][PASSED] - verifyElementPropertyValue(response, "username", "mimi"): Verify element property value successfully

2021-12-30 11:33:43 - [MESSAGE][PASSED] - Verify element property value successfully

2021-12-30 11:33:43 - [TEST_STEP][PASSED] - verifyElementPropertyValue(response, "password", "123456789"): Verify element property value successfully

2021-12-30 11:33:43 - [MESSAGE][PASSED] - Verify element property value successfully

2021-12-30 11:33:43 - [TEST_STEP][PASSED] - verifyElementPropertyValue(response, "gender", "MALE"): Verify element property value successfully

2021-12-30 11:33:43 - [MESSAGE][PASSED] - Verify element property value successfully

2021-12-30 11:33:43 - [MESSAGE][PASSED] - Verify response successfully

2021-12-30 11:33:43 - [MESSAGE][PASSED] - Send request and verify the response successfully

2021-12-30 11:33:43 - [MESSAGE][PASSED] - sample.Common.createNewUser is PASSED

2021-12-30 11:33:43 - [TEST_STEP][PASSED] - sample.Common.findUserById(id, age, username, password, gender, 200): sample.Common.findUserById is PASSED

2021-12-30 11:33:44 - [MESSAGE][INFO] - HAR: /Users/ly.doan/web-service-test/Reports/20211230_113242/Test Suite created on TestOps/20211230_113242/requests/main/30.har

2021-12-30 11:33:44 - [TEST_CASE][PASSED] - Start Test Case : Verification: Verification accomplished successfully

2021-12-30 11:33:44 - [TEST_STEP][PASSED] - request = getInstance().getCurrentRequest(): null

2021-12-30 11:33:44 - [TEST_STEP][PASSED] - response = getInstance().getCurrentResponse(): null

2021-12-30 11:33:44 - [TEST_STEP][PASSED] - assert response.getStatusCode() == 200: null

2021-12-30 11:33:44 - [TEST_STEP][PASSED] - verifyElementPropertyValue(response, "age", 25): Verify element property value successfully

2021-12-30 11:33:44 - [MESSAGE][PASSED] - Verify element property value successfully

2021-12-30 11:33:44 - [TEST_STEP][PASSED] - verifyElementPropertyValue(response, "username", "mimi"): Verify element property value successfully

2021-12-30 11:33:44 - [MESSAGE][PASSED] - Verify element property value successfully

2021-12-30 11:33:44 - [TEST_STEP][PASSED] - verifyElementPropertyValue(response, "password", "123456789"): Verify element property value successfully

2021-12-30 11:33:44 - [MESSAGE][PASSED] - Verify element property value successfully

2021-12-30 11:33:44 - [TEST_STEP][PASSED] - verifyElementPropertyValue(response, "gender", "MALE"): Verify element property value successfully

2021-12-30 11:33:45 - [MESSAGE][PASSED] - Verify element property value successfully

2021-12-30 11:33:45 - [MESSAGE][PASSED] - Verify response successfully

2021-12-30 11:33:45 - [MESSAGE][PASSED] - Send request and verify the response successfully

2021-12-30 11:33:45 - [MESSAGE][PASSED] - sample.Common.findUserById is PASSED]]></system-out>
         <system-err><![CDATA[]]></system-err>
      </testcase>
      <testcase name="Test Cases/Find user by ID" time="3.003" classname="Test Cases/Find user by ID" status="PASSED">
         <system-out><![CDATA[2021-12-30 11:33:45 - [TEST_CASE][PASSED] - Test Cases/Find user by ID: Test Cases/Find user by ID

2021-12-30 11:33:45 - [TEST_STEP][PASSED] - id = sample.Common.createNewUser(age, username, password, gender, 200): sample.Common.createNewUser is PASSED

2021-12-30 11:33:46 - [MESSAGE][INFO] - HAR: /Users/ly.doan/web-service-test/Reports/20211230_113242/Test Suite created on TestOps/20211230_113242/requests/main/31.har

2021-12-30 11:33:46 - [TEST_CASE][PASSED] - Start Test Case : Verification: Verification accomplished successfully

2021-12-30 11:33:46 - [TEST_STEP][PASSED] - request = getInstance().getCurrentRequest(): null

2021-12-30 11:33:46 - [TEST_STEP][PASSED] - response = getInstance().getCurrentResponse(): null

2021-12-30 11:33:46 - [TEST_STEP][PASSED] - assert response.getStatusCode() == 200: null

2021-12-30 11:33:46 - [TEST_STEP][PASSED] - verifyElementPropertyValue(response, "age", 25): Verify element property value successfully

2021-12-30 11:33:46 - [MESSAGE][PASSED] - Verify element property value successfully

2021-12-30 11:33:46 - [TEST_STEP][PASSED] - verifyElementPropertyValue(response, "username", "mimi"): Verify element property value successfully

2021-12-30 11:33:46 - [MESSAGE][PASSED] - Verify element property value successfully

2021-12-30 11:33:46 - [TEST_STEP][PASSED] - verifyElementPropertyValue(response, "password", "123456789"): Verify element property value successfully

2021-12-30 11:33:46 - [MESSAGE][PASSED] - Verify element property value successfully

2021-12-30 11:33:46 - [TEST_STEP][PASSED] - verifyElementPropertyValue(response, "gender", "MALE"): Verify element property value successfully

2021-12-30 11:33:46 - [MESSAGE][PASSED] - Verify element property value successfully

2021-12-30 11:33:46 - [MESSAGE][PASSED] - Verify response successfully

2021-12-30 11:33:46 - [MESSAGE][PASSED] - Send request and verify the response successfully

2021-12-30 11:33:46 - [MESSAGE][PASSED] - sample.Common.createNewUser is PASSED

2021-12-30 11:33:46 - [TEST_STEP][PASSED] - sample.Common.findUserById(id, age, username, password, gender, 200): sample.Common.findUserById is PASSED

2021-12-30 11:33:47 - [MESSAGE][INFO] - HAR: /Users/ly.doan/web-service-test/Reports/20211230_113242/Test Suite created on TestOps/20211230_113242/requests/main/32.har

2021-12-30 11:33:47 - [TEST_CASE][PASSED] - Start Test Case : Verification: Verification accomplished successfully

2021-12-30 11:33:47 - [TEST_STEP][PASSED] - request = getInstance().getCurrentRequest(): null

2021-12-30 11:33:47 - [TEST_STEP][PASSED] - response = getInstance().getCurrentResponse(): null

2021-12-30 11:33:47 - [TEST_STEP][PASSED] - assert response.getStatusCode() == 200: null

2021-12-30 11:33:47 - [TEST_STEP][PASSED] - verifyElementPropertyValue(response, "age", 25): Verify element property value successfully

2021-12-30 11:33:47 - [MESSAGE][PASSED] - Verify element property value successfully

2021-12-30 11:33:47 - [TEST_STEP][PASSED] - verifyElementPropertyValue(response, "username", "mimi"): Verify element property value successfully

2021-12-30 11:33:48 - [MESSAGE][PASSED] - Verify element property value successfully

2021-12-30 11:33:48 - [TEST_STEP][PASSED] - verifyElementPropertyValue(response, "password", "123456789"): Verify element property value successfully

2021-12-30 11:33:48 - [MESSAGE][PASSED] - Verify element property value successfully

2021-12-30 11:33:48 - [TEST_STEP][PASSED] - verifyElementPropertyValue(response, "gender", "MALE"): Verify element property value successfully

2021-12-30 11:33:48 - [MESSAGE][PASSED] - Verify element property value successfully

2021-12-30 11:33:48 - [MESSAGE][PASSED] - Verify response successfully

2021-12-30 11:33:48 - [MESSAGE][PASSED] - Send request and verify the response successfully

2021-12-30 11:33:48 - [MESSAGE][PASSED] - sample.Common.findUserById is PASSED]]></system-out>
         <system-err><![CDATA[]]></system-err>
      </testcase>
      <testcase name="Test Cases/Find user by ID" time="2.521" classname="Test Cases/Find user by ID" status="PASSED">
         <system-out><![CDATA[2021-12-30 11:33:48 - [TEST_CASE][PASSED] - Test Cases/Find user by ID: Test Cases/Find user by ID

2021-12-30 11:33:48 - [TEST_STEP][PASSED] - id = sample.Common.createNewUser(age, username, password, gender, 200): sample.Common.createNewUser is PASSED

2021-12-30 11:33:49 - [MESSAGE][INFO] - HAR: /Users/ly.doan/web-service-test/Reports/20211230_113242/Test Suite created on TestOps/20211230_113242/requests/main/33.har

2021-12-30 11:33:49 - [TEST_CASE][PASSED] - Start Test Case : Verification: Verification accomplished successfully

2021-12-30 11:33:49 - [TEST_STEP][PASSED] - request = getInstance().getCurrentRequest(): null

2021-12-30 11:33:49 - [TEST_STEP][PASSED] - response = getInstance().getCurrentResponse(): null

2021-12-30 11:33:49 - [TEST_STEP][PASSED] - assert response.getStatusCode() == 200: null

2021-12-30 11:33:49 - [TEST_STEP][PASSED] - verifyElementPropertyValue(response, "age", 25): Verify element property value successfully

2021-12-30 11:33:49 - [MESSAGE][PASSED] - Verify element property value successfully

2021-12-30 11:33:49 - [TEST_STEP][PASSED] - verifyElementPropertyValue(response, "username", "mimi"): Verify element property value successfully

2021-12-30 11:33:49 - [MESSAGE][PASSED] - Verify element property value successfully

2021-12-30 11:33:49 - [TEST_STEP][PASSED] - verifyElementPropertyValue(response, "password", "123456789"): Verify element property value successfully

2021-12-30 11:33:49 - [MESSAGE][PASSED] - Verify element property value successfully

2021-12-30 11:33:49 - [TEST_STEP][PASSED] - verifyElementPropertyValue(response, "gender", "MALE"): Verify element property value successfully

2021-12-30 11:33:49 - [MESSAGE][PASSED] - Verify element property value successfully

2021-12-30 11:33:49 - [MESSAGE][PASSED] - Verify response successfully

2021-12-30 11:33:49 - [MESSAGE][PASSED] - Send request and verify the response successfully

2021-12-30 11:33:49 - [MESSAGE][PASSED] - sample.Common.createNewUser is PASSED

2021-12-30 11:33:49 - [TEST_STEP][PASSED] - sample.Common.findUserById(id, age, username, password, gender, 200): sample.Common.findUserById is PASSED

2021-12-30 11:33:50 - [MESSAGE][INFO] - HAR: /Users/ly.doan/web-service-test/Reports/20211230_113242/Test Suite created on TestOps/20211230_113242/requests/main/34.har

2021-12-30 11:33:50 - [TEST_CASE][PASSED] - Start Test Case : Verification: Verification accomplished successfully

2021-12-30 11:33:50 - [TEST_STEP][PASSED] - request = getInstance().getCurrentRequest(): null

2021-12-30 11:33:50 - [TEST_STEP][PASSED] - response = getInstance().getCurrentResponse(): null

2021-12-30 11:33:50 - [TEST_STEP][PASSED] - assert response.getStatusCode() == 200: null

2021-12-30 11:33:50 - [TEST_STEP][PASSED] - verifyElementPropertyValue(response, "age", 25): Verify element property value successfully

2021-12-30 11:33:50 - [MESSAGE][PASSED] - Verify element property value successfully

2021-12-30 11:33:50 - [TEST_STEP][PASSED] - verifyElementPropertyValue(response, "username", "mimi"): Verify element property value successfully

2021-12-30 11:33:50 - [MESSAGE][PASSED] - Verify element property value successfully

2021-12-30 11:33:50 - [TEST_STEP][PASSED] - verifyElementPropertyValue(response, "password", "123456789"): Verify element property value successfully

2021-12-30 11:33:50 - [MESSAGE][PASSED] - Verify element property value successfully

2021-12-30 11:33:50 - [TEST_STEP][PASSED] - verifyElementPropertyValue(response, "gender", "MALE"): Verify element property value successfully

2021-12-30 11:33:50 - [MESSAGE][PASSED] - Verify element property value successfully

2021-12-30 11:33:50 - [MESSAGE][PASSED] - Verify response successfully

2021-12-30 11:33:50 - [MESSAGE][PASSED] - Send request and verify the response successfully

2021-12-30 11:33:50 - [MESSAGE][PASSED] - sample.Common.findUserById is PASSED]]></system-out>
         <system-err><![CDATA[]]></system-err>
      </testcase>
      <testcase name="Test Cases/Find user by ID" time="2.52" classname="Test Cases/Find user by ID" status="PASSED">
         <system-out><![CDATA[2021-12-30 11:33:50 - [TEST_CASE][PASSED] - Test Cases/Find user by ID: Test Cases/Find user by ID

2021-12-30 11:33:50 - [TEST_STEP][PASSED] - id = sample.Common.createNewUser(age, username, password, gender, 200): sample.Common.createNewUser is PASSED

2021-12-30 11:33:51 - [MESSAGE][INFO] - HAR: /Users/ly.doan/web-service-test/Reports/20211230_113242/Test Suite created on TestOps/20211230_113242/requests/main/35.har

2021-12-30 11:33:51 - [TEST_CASE][PASSED] - Start Test Case : Verification: Verification accomplished successfully

2021-12-30 11:33:51 - [TEST_STEP][PASSED] - request = getInstance().getCurrentRequest(): null

2021-12-30 11:33:51 - [TEST_STEP][PASSED] - response = getInstance().getCurrentResponse(): null

2021-12-30 11:33:51 - [TEST_STEP][PASSED] - assert response.getStatusCode() == 200: null

2021-12-30 11:33:51 - [TEST_STEP][PASSED] - verifyElementPropertyValue(response, "age", 25): Verify element property value successfully

2021-12-30 11:33:51 - [MESSAGE][PASSED] - Verify element property value successfully

2021-12-30 11:33:51 - [TEST_STEP][PASSED] - verifyElementPropertyValue(response, "username", "mimi"): Verify element property value successfully

2021-12-30 11:33:51 - [MESSAGE][PASSED] - Verify element property value successfully

2021-12-30 11:33:51 - [TEST_STEP][PASSED] - verifyElementPropertyValue(response, "password", "123456789"): Verify element property value successfully

2021-12-30 11:33:51 - [MESSAGE][PASSED] - Verify element property value successfully

2021-12-30 11:33:51 - [TEST_STEP][PASSED] - verifyElementPropertyValue(response, "gender", "MALE"): Verify element property value successfully

2021-12-30 11:33:51 - [MESSAGE][PASSED] - Verify element property value successfully

2021-12-30 11:33:51 - [MESSAGE][PASSED] - Verify response successfully

2021-12-30 11:33:51 - [MESSAGE][PASSED] - Send request and verify the response successfully

2021-12-30 11:33:51 - [MESSAGE][PASSED] - sample.Common.createNewUser is PASSED

2021-12-30 11:33:51 - [TEST_STEP][PASSED] - sample.Common.findUserById(id, age, username, password, gender, 200): sample.Common.findUserById is PASSED

2021-12-30 11:33:52 - [MESSAGE][INFO] - HAR: /Users/ly.doan/web-service-test/Reports/20211230_113242/Test Suite created on TestOps/20211230_113242/requests/main/36.har

2021-12-30 11:33:52 - [TEST_CASE][PASSED] - Start Test Case : Verification: Verification accomplished successfully

2021-12-30 11:33:53 - [TEST_STEP][PASSED] - request = getInstance().getCurrentRequest(): null

2021-12-30 11:33:53 - [TEST_STEP][PASSED] - response = getInstance().getCurrentResponse(): null

2021-12-30 11:33:53 - [TEST_STEP][PASSED] - assert response.getStatusCode() == 200: null

2021-12-30 11:33:53 - [TEST_STEP][PASSED] - verifyElementPropertyValue(response, "age", 25): Verify element property value successfully

2021-12-30 11:33:53 - [MESSAGE][PASSED] - Verify element property value successfully

2021-12-30 11:33:53 - [TEST_STEP][PASSED] - verifyElementPropertyValue(response, "username", "mimi"): Verify element property value successfully

2021-12-30 11:33:53 - [MESSAGE][PASSED] - Verify element property value successfully

2021-12-30 11:33:53 - [TEST_STEP][PASSED] - verifyElementPropertyValue(response, "password", "123456789"): Verify element property value successfully

2021-12-30 11:33:53 - [MESSAGE][PASSED] - Verify element property value successfully

2021-12-30 11:33:53 - [TEST_STEP][PASSED] - verifyElementPropertyValue(response, "gender", "MALE"): Verify element property value successfully

2021-12-30 11:33:53 - [MESSAGE][PASSED] - Verify element property value successfully

2021-12-30 11:33:53 - [MESSAGE][PASSED] - Verify response successfully

2021-12-30 11:33:53 - [MESSAGE][PASSED] - Send request and verify the response successfully

2021-12-30 11:33:53 - [MESSAGE][PASSED] - sample.Common.findUserById is PASSED]]></system-out>
         <system-err><![CDATA[]]></system-err>
      </testcase>
      <testcase name="Test Cases/Find user by ID" time="2.643" classname="Test Cases/Find user by ID" status="PASSED">
         <system-out><![CDATA[2021-12-30 11:33:53 - [TEST_CASE][PASSED] - Test Cases/Find user by ID: Test Cases/Find user by ID

2021-12-30 11:33:53 - [TEST_STEP][PASSED] - id = sample.Common.createNewUser(age, username, password, gender, 200): sample.Common.createNewUser is PASSED

2021-12-30 11:33:54 - [MESSAGE][INFO] - HAR: /Users/ly.doan/web-service-test/Reports/20211230_113242/Test Suite created on TestOps/20211230_113242/requests/main/37.har

2021-12-30 11:33:54 - [TEST_CASE][PASSED] - Start Test Case : Verification: Verification accomplished successfully

2021-12-30 11:33:54 - [TEST_STEP][PASSED] - request = getInstance().getCurrentRequest(): null

2021-12-30 11:33:54 - [TEST_STEP][PASSED] - response = getInstance().getCurrentResponse(): null

2021-12-30 11:33:54 - [TEST_STEP][PASSED] - assert response.getStatusCode() == 200: null

2021-12-30 11:33:54 - [TEST_STEP][PASSED] - verifyElementPropertyValue(response, "age", 25): Verify element property value successfully

2021-12-30 11:33:54 - [MESSAGE][PASSED] - Verify element property value successfully

2021-12-30 11:33:54 - [TEST_STEP][PASSED] - verifyElementPropertyValue(response, "username", "mimi"): Verify element property value successfully

2021-12-30 11:33:54 - [MESSAGE][PASSED] - Verify element property value successfully

2021-12-30 11:33:54 - [TEST_STEP][PASSED] - verifyElementPropertyValue(response, "password", "123456789"): Verify element property value successfully

2021-12-30 11:33:54 - [MESSAGE][PASSED] - Verify element property value successfully

2021-12-30 11:33:54 - [TEST_STEP][PASSED] - verifyElementPropertyValue(response, "gender", "MALE"): Verify element property value successfully

2021-12-30 11:33:54 - [MESSAGE][PASSED] - Verify element property value successfully

2021-12-30 11:33:54 - [MESSAGE][PASSED] - Verify response successfully

2021-12-30 11:33:54 - [MESSAGE][PASSED] - Send request and verify the response successfully

2021-12-30 11:33:54 - [MESSAGE][PASSED] - sample.Common.createNewUser is PASSED

2021-12-30 11:33:54 - [TEST_STEP][PASSED] - sample.Common.findUserById(id, age, username, password, gender, 200): sample.Common.findUserById is PASSED

2021-12-30 11:33:55 - [MESSAGE][INFO] - HAR: /Users/ly.doan/web-service-test/Reports/20211230_113242/Test Suite created on TestOps/20211230_113242/requests/main/38.har

2021-12-30 11:33:55 - [TEST_CASE][PASSED] - Start Test Case : Verification: Verification accomplished successfully

2021-12-30 11:33:55 - [TEST_STEP][PASSED] - request = getInstance().getCurrentRequest(): null

2021-12-30 11:33:55 - [TEST_STEP][PASSED] - response = getInstance().getCurrentResponse(): null

2021-12-30 11:33:55 - [TEST_STEP][PASSED] - assert response.getStatusCode() == 200: null

2021-12-30 11:33:55 - [TEST_STEP][PASSED] - verifyElementPropertyValue(response, "age", 25): Verify element property value successfully

2021-12-30 11:33:55 - [MESSAGE][PASSED] - Verify element property value successfully

2021-12-30 11:33:55 - [TEST_STEP][PASSED] - verifyElementPropertyValue(response, "username", "mimi"): Verify element property value successfully

2021-12-30 11:33:55 - [MESSAGE][PASSED] - Verify element property value successfully

2021-12-30 11:33:55 - [TEST_STEP][PASSED] - verifyElementPropertyValue(response, "password", "123456789"): Verify element property value successfully

2021-12-30 11:33:55 - [MESSAGE][PASSED] - Verify element property value successfully

2021-12-30 11:33:55 - [TEST_STEP][PASSED] - verifyElementPropertyValue(response, "gender", "MALE"): Verify element property value successfully

2021-12-30 11:33:55 - [MESSAGE][PASSED] - Verify element property value successfully

2021-12-30 11:33:55 - [MESSAGE][PASSED] - Verify response successfully

2021-12-30 11:33:55 - [MESSAGE][PASSED] - Send request and verify the response successfully

2021-12-30 11:33:55 - [MESSAGE][PASSED] - sample.Common.findUserById is PASSED]]></system-out>
         <system-err><![CDATA[]]></system-err>
      </testcase>
      <testcase name="Test Cases/Find user by ID" time="2.533" classname="Test Cases/Find user by ID" status="PASSED">
         <system-out><![CDATA[2021-12-30 11:33:55 - [TEST_CASE][PASSED] - Test Cases/Find user by ID: Test Cases/Find user by ID

2021-12-30 11:33:55 - [TEST_STEP][PASSED] - id = sample.Common.createNewUser(age, username, password, gender, 200): sample.Common.createNewUser is PASSED

2021-12-30 11:33:56 - [MESSAGE][INFO] - HAR: /Users/ly.doan/web-service-test/Reports/20211230_113242/Test Suite created on TestOps/20211230_113242/requests/main/39.har

2021-12-30 11:33:56 - [TEST_CASE][PASSED] - Start Test Case : Verification: Verification accomplished successfully

2021-12-30 11:33:56 - [TEST_STEP][PASSED] - request = getInstance().getCurrentRequest(): null

2021-12-30 11:33:56 - [TEST_STEP][PASSED] - response = getInstance().getCurrentResponse(): null

2021-12-30 11:33:56 - [TEST_STEP][PASSED] - assert response.getStatusCode() == 200: null

2021-12-30 11:33:56 - [TEST_STEP][PASSED] - verifyElementPropertyValue(response, "age", 25): Verify element property value successfully

2021-12-30 11:33:56 - [MESSAGE][PASSED] - Verify element property value successfully

2021-12-30 11:33:56 - [TEST_STEP][PASSED] - verifyElementPropertyValue(response, "username", "mimi"): Verify element property value successfully

2021-12-30 11:33:57 - [MESSAGE][PASSED] - Verify element property value successfully

2021-12-30 11:33:57 - [TEST_STEP][PASSED] - verifyElementPropertyValue(response, "password", "123456789"): Verify element property value successfully

2021-12-30 11:33:57 - [MESSAGE][PASSED] - Verify element property value successfully

2021-12-30 11:33:57 - [TEST_STEP][PASSED] - verifyElementPropertyValue(response, "gender", "MALE"): Verify element property value successfully

2021-12-30 11:33:57 - [MESSAGE][PASSED] - Verify element property value successfully

2021-12-30 11:33:57 - [MESSAGE][PASSED] - Verify response successfully

2021-12-30 11:33:57 - [MESSAGE][PASSED] - Send request and verify the response successfully

2021-12-30 11:33:57 - [MESSAGE][PASSED] - sample.Common.createNewUser is PASSED

2021-12-30 11:33:57 - [TEST_STEP][PASSED] - sample.Common.findUserById(id, age, username, password, gender, 200): sample.Common.findUserById is PASSED

2021-12-30 11:33:58 - [MESSAGE][INFO] - HAR: /Users/ly.doan/web-service-test/Reports/20211230_113242/Test Suite created on TestOps/20211230_113242/requests/main/40.har

2021-12-30 11:33:58 - [TEST_CASE][PASSED] - Start Test Case : Verification: Verification accomplished successfully

2021-12-30 11:33:58 - [TEST_STEP][PASSED] - request = getInstance().getCurrentRequest(): null

2021-12-30 11:33:58 - [TEST_STEP][PASSED] - response = getInstance().getCurrentResponse(): null

2021-12-30 11:33:58 - [TEST_STEP][PASSED] - assert response.getStatusCode() == 200: null

2021-12-30 11:33:58 - [TEST_STEP][PASSED] - verifyElementPropertyValue(response, "age", 25): Verify element property value successfully

2021-12-30 11:33:58 - [MESSAGE][PASSED] - Verify element property value successfully

2021-12-30 11:33:58 - [TEST_STEP][PASSED] - verifyElementPropertyValue(response, "username", "mimi"): Verify element property value successfully

2021-12-30 11:33:58 - [MESSAGE][PASSED] - Verify element property value successfully

2021-12-30 11:33:58 - [TEST_STEP][PASSED] - verifyElementPropertyValue(response, "password", "123456789"): Verify element property value successfully

2021-12-30 11:33:58 - [MESSAGE][PASSED] - Verify element property value successfully

2021-12-30 11:33:58 - [TEST_STEP][PASSED] - verifyElementPropertyValue(response, "gender", "MALE"): Verify element property value successfully

2021-12-30 11:33:58 - [MESSAGE][PASSED] - Verify element property value successfully

2021-12-30 11:33:58 - [MESSAGE][PASSED] - Verify response successfully

2021-12-30 11:33:58 - [MESSAGE][PASSED] - Send request and verify the response successfully

2021-12-30 11:33:58 - [MESSAGE][PASSED] - sample.Common.findUserById is PASSED]]></system-out>
         <system-err><![CDATA[]]></system-err>
      </testcase>
      <testcase name="Test Cases/Find user by ID" time="2.777" classname="Test Cases/Find user by ID" status="PASSED">
         <system-out><![CDATA[2021-12-30 11:33:58 - [TEST_CASE][PASSED] - Test Cases/Find user by ID: Test Cases/Find user by ID

2021-12-30 11:33:58 - [TEST_STEP][PASSED] - id = sample.Common.createNewUser(age, username, password, gender, 200): sample.Common.createNewUser is PASSED

2021-12-30 11:33:59 - [MESSAGE][INFO] - HAR: /Users/ly.doan/web-service-test/Reports/20211230_113242/Test Suite created on TestOps/20211230_113242/requests/main/41.har

2021-12-30 11:33:59 - [TEST_CASE][PASSED] - Start Test Case : Verification: Verification accomplished successfully

2021-12-30 11:33:59 - [TEST_STEP][PASSED] - request = getInstance().getCurrentRequest(): null

2021-12-30 11:33:59 - [TEST_STEP][PASSED] - response = getInstance().getCurrentResponse(): null

2021-12-30 11:33:59 - [TEST_STEP][PASSED] - assert response.getStatusCode() == 200: null

2021-12-30 11:33:59 - [TEST_STEP][PASSED] - verifyElementPropertyValue(response, "age", 25): Verify element property value successfully

2021-12-30 11:33:59 - [MESSAGE][PASSED] - Verify element property value successfully

2021-12-30 11:33:59 - [TEST_STEP][PASSED] - verifyElementPropertyValue(response, "username", "mimi"): Verify element property value successfully

2021-12-30 11:33:59 - [MESSAGE][PASSED] - Verify element property value successfully

2021-12-30 11:33:59 - [TEST_STEP][PASSED] - verifyElementPropertyValue(response, "password", "123456789"): Verify element property value successfully

2021-12-30 11:33:59 - [MESSAGE][PASSED] - Verify element property value successfully

2021-12-30 11:33:59 - [TEST_STEP][PASSED] - verifyElementPropertyValue(response, "gender", "MALE"): Verify element property value successfully

2021-12-30 11:33:59 - [MESSAGE][PASSED] - Verify element property value successfully

2021-12-30 11:33:59 - [MESSAGE][PASSED] - Verify response successfully

2021-12-30 11:33:59 - [MESSAGE][PASSED] - Send request and verify the response successfully

2021-12-30 11:33:59 - [MESSAGE][PASSED] - sample.Common.createNewUser is PASSED

2021-12-30 11:33:59 - [TEST_STEP][PASSED] - sample.Common.findUserById(id, age, username, password, gender, 200): sample.Common.findUserById is PASSED

2021-12-30 11:34:00 - [MESSAGE][INFO] - HAR: /Users/ly.doan/web-service-test/Reports/20211230_113242/Test Suite created on TestOps/20211230_113242/requests/main/42.har

2021-12-30 11:34:00 - [TEST_CASE][PASSED] - Start Test Case : Verification: Verification accomplished successfully

2021-12-30 11:34:00 - [TEST_STEP][PASSED] - request = getInstance().getCurrentRequest(): null

2021-12-30 11:34:00 - [TEST_STEP][PASSED] - response = getInstance().getCurrentResponse(): null

2021-12-30 11:34:00 - [TEST_STEP][PASSED] - assert response.getStatusCode() == 200: null

2021-12-30 11:34:00 - [TEST_STEP][PASSED] - verifyElementPropertyValue(response, "age", 25): Verify element property value successfully

2021-12-30 11:34:00 - [MESSAGE][PASSED] - Verify element property value successfully

2021-12-30 11:34:00 - [TEST_STEP][PASSED] - verifyElementPropertyValue(response, "username", "mimi"): Verify element property value successfully

2021-12-30 11:34:00 - [MESSAGE][PASSED] - Verify element property value successfully

2021-12-30 11:34:00 - [TEST_STEP][PASSED] - verifyElementPropertyValue(response, "password", "123456789"): Verify element property value successfully

2021-12-30 11:34:01 - [MESSAGE][PASSED] - Verify element property value successfully

2021-12-30 11:34:01 - [TEST_STEP][PASSED] - verifyElementPropertyValue(response, "gender", "MALE"): Verify element property value successfully

2021-12-30 11:34:01 - [MESSAGE][PASSED] - Verify element property value successfully

2021-12-30 11:34:01 - [MESSAGE][PASSED] - Verify response successfully

2021-12-30 11:34:01 - [MESSAGE][PASSED] - Send request and verify the response successfully

2021-12-30 11:34:01 - [MESSAGE][PASSED] - sample.Common.findUserById is PASSED]]></system-out>
         <system-err><![CDATA[]]></system-err>
      </testcase>
      <testcase name="Test Cases/Find user by ID" time="2.807" classname="Test Cases/Find user by ID" status="PASSED">
         <system-out><![CDATA[2021-12-30 11:34:01 - [TEST_CASE][PASSED] - Test Cases/Find user by ID: Test Cases/Find user by ID

2021-12-30 11:34:01 - [TEST_STEP][PASSED] - id = sample.Common.createNewUser(age, username, password, gender, 200): sample.Common.createNewUser is PASSED

2021-12-30 11:34:02 - [MESSAGE][INFO] - HAR: /Users/ly.doan/web-service-test/Reports/20211230_113242/Test Suite created on TestOps/20211230_113242/requests/main/43.har

2021-12-30 11:34:02 - [TEST_CASE][PASSED] - Start Test Case : Verification: Verification accomplished successfully

2021-12-30 11:34:02 - [TEST_STEP][PASSED] - request = getInstance().getCurrentRequest(): null

2021-12-30 11:34:02 - [TEST_STEP][PASSED] - response = getInstance().getCurrentResponse(): null

2021-12-30 11:34:02 - [TEST_STEP][PASSED] - assert response.getStatusCode() == 200: null

2021-12-30 11:34:02 - [TEST_STEP][PASSED] - verifyElementPropertyValue(response, "age", 25): Verify element property value successfully

2021-12-30 11:34:02 - [MESSAGE][PASSED] - Verify element property value successfully

2021-12-30 11:34:02 - [TEST_STEP][PASSED] - verifyElementPropertyValue(response, "username", "mimi"): Verify element property value successfully

2021-12-30 11:34:02 - [MESSAGE][PASSED] - Verify element property value successfully

2021-12-30 11:34:02 - [TEST_STEP][PASSED] - verifyElementPropertyValue(response, "password", "123456789"): Verify element property value successfully

2021-12-30 11:34:02 - [MESSAGE][PASSED] - Verify element property value successfully

2021-12-30 11:34:02 - [TEST_STEP][PASSED] - verifyElementPropertyValue(response, "gender", "MALE"): Verify element property value successfully

2021-12-30 11:34:02 - [MESSAGE][PASSED] - Verify element property value successfully

2021-12-30 11:34:02 - [MESSAGE][PASSED] - Verify response successfully

2021-12-30 11:34:02 - [MESSAGE][PASSED] - Send request and verify the response successfully

2021-12-30 11:34:02 - [MESSAGE][PASSED] - sample.Common.createNewUser is PASSED

2021-12-30 11:34:02 - [TEST_STEP][PASSED] - sample.Common.findUserById(id, age, username, password, gender, 200): sample.Common.findUserById is PASSED

2021-12-30 11:34:03 - [MESSAGE][INFO] - HAR: /Users/ly.doan/web-service-test/Reports/20211230_113242/Test Suite created on TestOps/20211230_113242/requests/main/44.har

2021-12-30 11:34:03 - [TEST_CASE][PASSED] - Start Test Case : Verification: Verification accomplished successfully

2021-12-30 11:34:03 - [TEST_STEP][PASSED] - request = getInstance().getCurrentRequest(): null

2021-12-30 11:34:03 - [TEST_STEP][PASSED] - response = getInstance().getCurrentResponse(): null

2021-12-30 11:34:03 - [TEST_STEP][PASSED] - assert response.getStatusCode() == 200: null

2021-12-30 11:34:03 - [TEST_STEP][PASSED] - verifyElementPropertyValue(response, "age", 25): Verify element property value successfully

2021-12-30 11:34:03 - [MESSAGE][PASSED] - Verify element property value successfully

2021-12-30 11:34:03 - [TEST_STEP][PASSED] - verifyElementPropertyValue(response, "username", "mimi"): Verify element property value successfully

2021-12-30 11:34:03 - [MESSAGE][PASSED] - Verify element property value successfully

2021-12-30 11:34:03 - [TEST_STEP][PASSED] - verifyElementPropertyValue(response, "password", "123456789"): Verify element property value successfully

2021-12-30 11:34:03 - [MESSAGE][PASSED] - Verify element property value successfully

2021-12-30 11:34:03 - [TEST_STEP][PASSED] - verifyElementPropertyValue(response, "gender", "MALE"): Verify element property value successfully

2021-12-30 11:34:03 - [MESSAGE][PASSED] - Verify element property value successfully

2021-12-30 11:34:03 - [MESSAGE][PASSED] - Verify response successfully

2021-12-30 11:34:03 - [MESSAGE][PASSED] - Send request and verify the response successfully

2021-12-30 11:34:03 - [MESSAGE][PASSED] - sample.Common.findUserById is PASSED]]></system-out>
         <system-err><![CDATA[]]></system-err>
      </testcase>
      <testcase name="Test Cases/Find user by ID" time="2.893" classname="Test Cases/Find user by ID" status="PASSED">
         <system-out><![CDATA[2021-12-30 11:34:03 - [TEST_CASE][PASSED] - Test Cases/Find user by ID: Test Cases/Find user by ID

2021-12-30 11:34:03 - [TEST_STEP][PASSED] - id = sample.Common.createNewUser(age, username, password, gender, 200): sample.Common.createNewUser is PASSED

2021-12-30 11:34:05 - [MESSAGE][INFO] - HAR: /Users/ly.doan/web-service-test/Reports/20211230_113242/Test Suite created on TestOps/20211230_113242/requests/main/45.har

2021-12-30 11:34:05 - [TEST_CASE][PASSED] - Start Test Case : Verification: Verification accomplished successfully

2021-12-30 11:34:05 - [TEST_STEP][PASSED] - request = getInstance().getCurrentRequest(): null

2021-12-30 11:34:05 - [TEST_STEP][PASSED] - response = getInstance().getCurrentResponse(): null

2021-12-30 11:34:05 - [TEST_STEP][PASSED] - assert response.getStatusCode() == 200: null

2021-12-30 11:34:05 - [TEST_STEP][PASSED] - verifyElementPropertyValue(response, "age", 25): Verify element property value successfully

2021-12-30 11:34:05 - [MESSAGE][PASSED] - Verify element property value successfully

2021-12-30 11:34:05 - [TEST_STEP][PASSED] - verifyElementPropertyValue(response, "username", "mimi"): Verify element property value successfully

2021-12-30 11:34:05 - [MESSAGE][PASSED] - Verify element property value successfully

2021-12-30 11:34:05 - [TEST_STEP][PASSED] - verifyElementPropertyValue(response, "password", "123456789"): Verify element property value successfully

2021-12-30 11:34:05 - [MESSAGE][PASSED] - Verify element property value successfully

2021-12-30 11:34:05 - [TEST_STEP][PASSED] - verifyElementPropertyValue(response, "gender", "MALE"): Verify element property value successfully

2021-12-30 11:34:05 - [MESSAGE][PASSED] - Verify element property value successfully

2021-12-30 11:34:05 - [MESSAGE][PASSED] - Verify response successfully

2021-12-30 11:34:05 - [MESSAGE][PASSED] - Send request and verify the response successfully

2021-12-30 11:34:05 - [MESSAGE][PASSED] - sample.Common.createNewUser is PASSED

2021-12-30 11:34:05 - [TEST_STEP][PASSED] - sample.Common.findUserById(id, age, username, password, gender, 200): sample.Common.findUserById is PASSED

2021-12-30 11:34:06 - [MESSAGE][INFO] - HAR: /Users/ly.doan/web-service-test/Reports/20211230_113242/Test Suite created on TestOps/20211230_113242/requests/main/46.har

2021-12-30 11:34:06 - [TEST_CASE][PASSED] - Start Test Case : Verification: Verification accomplished successfully

2021-12-30 11:34:06 - [TEST_STEP][PASSED] - request = getInstance().getCurrentRequest(): null

2021-12-30 11:34:06 - [TEST_STEP][PASSED] - response = getInstance().getCurrentResponse(): null

2021-12-30 11:34:06 - [TEST_STEP][PASSED] - assert response.getStatusCode() == 200: null

2021-12-30 11:34:06 - [TEST_STEP][PASSED] - verifyElementPropertyValue(response, "age", 25): Verify element property value successfully

2021-12-30 11:34:06 - [MESSAGE][PASSED] - Verify element property value successfully

2021-12-30 11:34:06 - [TEST_STEP][PASSED] - verifyElementPropertyValue(response, "username", "mimi"): Verify element property value successfully

2021-12-30 11:34:06 - [MESSAGE][PASSED] - Verify element property value successfully

2021-12-30 11:34:06 - [TEST_STEP][PASSED] - verifyElementPropertyValue(response, "password", "123456789"): Verify element property value successfully

2021-12-30 11:34:06 - [MESSAGE][PASSED] - Verify element property value successfully

2021-12-30 11:34:06 - [TEST_STEP][PASSED] - verifyElementPropertyValue(response, "gender", "MALE"): Verify element property value successfully

2021-12-30 11:34:06 - [MESSAGE][PASSED] - Verify element property value successfully

2021-12-30 11:34:06 - [MESSAGE][PASSED] - Verify response successfully

2021-12-30 11:34:06 - [MESSAGE][PASSED] - Send request and verify the response successfully

2021-12-30 11:34:06 - [MESSAGE][PASSED] - sample.Common.findUserById is PASSED]]></system-out>
         <system-err><![CDATA[]]></system-err>
      </testcase>
      <testcase name="Test Cases/Find user by ID" time="3.417" classname="Test Cases/Find user by ID" status="PASSED">
         <system-out><![CDATA[2021-12-30 11:34:06 - [TEST_CASE][PASSED] - Test Cases/Find user by ID: Test Cases/Find user by ID

2021-12-30 11:34:06 - [TEST_STEP][PASSED] - id = sample.Common.createNewUser(age, username, password, gender, 200): sample.Common.createNewUser is PASSED

2021-12-30 11:34:08 - [MESSAGE][INFO] - HAR: /Users/ly.doan/web-service-test/Reports/20211230_113242/Test Suite created on TestOps/20211230_113242/requests/main/47.har

2021-12-30 11:34:08 - [TEST_CASE][PASSED] - Start Test Case : Verification: Verification accomplished successfully

2021-12-30 11:34:08 - [TEST_STEP][PASSED] - request = getInstance().getCurrentRequest(): null

2021-12-30 11:34:08 - [TEST_STEP][PASSED] - response = getInstance().getCurrentResponse(): null

2021-12-30 11:34:08 - [TEST_STEP][PASSED] - assert response.getStatusCode() == 200: null

2021-12-30 11:34:08 - [TEST_STEP][PASSED] - verifyElementPropertyValue(response, "age", 25): Verify element property value successfully

2021-12-30 11:34:08 - [MESSAGE][PASSED] - Verify element property value successfully

2021-12-30 11:34:08 - [TEST_STEP][PASSED] - verifyElementPropertyValue(response, "username", "mimi"): Verify element property value successfully

2021-12-30 11:34:08 - [MESSAGE][PASSED] - Verify element property value successfully

2021-12-30 11:34:08 - [TEST_STEP][PASSED] - verifyElementPropertyValue(response, "password", "123456789"): Verify element property value successfully

2021-12-30 11:34:08 - [MESSAGE][PASSED] - Verify element property value successfully

2021-12-30 11:34:08 - [TEST_STEP][PASSED] - verifyElementPropertyValue(response, "gender", "MALE"): Verify element property value successfully

2021-12-30 11:34:08 - [MESSAGE][PASSED] - Verify element property value successfully

2021-12-30 11:34:08 - [MESSAGE][PASSED] - Verify response successfully

2021-12-30 11:34:08 - [MESSAGE][PASSED] - Send request and verify the response successfully

2021-12-30 11:34:08 - [MESSAGE][PASSED] - sample.Common.createNewUser is PASSED

2021-12-30 11:34:08 - [TEST_STEP][PASSED] - sample.Common.findUserById(id, age, username, password, gender, 200): sample.Common.findUserById is PASSED

2021-12-30 11:34:09 - [MESSAGE][INFO] - HAR: /Users/ly.doan/web-service-test/Reports/20211230_113242/Test Suite created on TestOps/20211230_113242/requests/main/48.har

2021-12-30 11:34:09 - [TEST_CASE][PASSED] - Start Test Case : Verification: Verification accomplished successfully

2021-12-30 11:34:10 - [TEST_STEP][PASSED] - request = getInstance().getCurrentRequest(): null

2021-12-30 11:34:10 - [TEST_STEP][PASSED] - response = getInstance().getCurrentResponse(): null

2021-12-30 11:34:10 - [TEST_STEP][PASSED] - assert response.getStatusCode() == 200: null

2021-12-30 11:34:10 - [TEST_STEP][PASSED] - verifyElementPropertyValue(response, "age", 25): Verify element property value successfully

2021-12-30 11:34:10 - [MESSAGE][PASSED] - Verify element property value successfully

2021-12-30 11:34:10 - [TEST_STEP][PASSED] - verifyElementPropertyValue(response, "username", "mimi"): Verify element property value successfully

2021-12-30 11:34:10 - [MESSAGE][PASSED] - Verify element property value successfully

2021-12-30 11:34:10 - [TEST_STEP][PASSED] - verifyElementPropertyValue(response, "password", "123456789"): Verify element property value successfully

2021-12-30 11:34:10 - [MESSAGE][PASSED] - Verify element property value successfully

2021-12-30 11:34:10 - [TEST_STEP][PASSED] - verifyElementPropertyValue(response, "gender", "MALE"): Verify element property value successfully

2021-12-30 11:34:10 - [MESSAGE][PASSED] - Verify element property value successfully

2021-12-30 11:34:10 - [MESSAGE][PASSED] - Verify response successfully

2021-12-30 11:34:10 - [MESSAGE][PASSED] - Send request and verify the response successfully

2021-12-30 11:34:10 - [MESSAGE][PASSED] - sample.Common.findUserById is PASSED]]></system-out>
         <system-err><![CDATA[]]></system-err>
      </testcase>
      <testcase name="Test Cases/Find user by ID" time="3.578" classname="Test Cases/Find user by ID" status="PASSED">
         <system-out><![CDATA[2021-12-30 11:34:10 - [TEST_CASE][PASSED] - Test Cases/Find user by ID: Test Cases/Find user by ID

2021-12-30 11:34:10 - [TEST_STEP][PASSED] - id = sample.Common.createNewUser(age, username, password, gender, 200): sample.Common.createNewUser is PASSED

2021-12-30 11:34:11 - [MESSAGE][INFO] - HAR: /Users/ly.doan/web-service-test/Reports/20211230_113242/Test Suite created on TestOps/20211230_113242/requests/main/49.har

2021-12-30 11:34:11 - [TEST_CASE][PASSED] - Start Test Case : Verification: Verification accomplished successfully

2021-12-30 11:34:11 - [TEST_STEP][PASSED] - request = getInstance().getCurrentRequest(): null

2021-12-30 11:34:11 - [TEST_STEP][PASSED] - response = getInstance().getCurrentResponse(): null

2021-12-30 11:34:11 - [TEST_STEP][PASSED] - assert response.getStatusCode() == 200: null

2021-12-30 11:34:11 - [TEST_STEP][PASSED] - verifyElementPropertyValue(response, "age", 25): Verify element property value successfully

2021-12-30 11:34:11 - [MESSAGE][PASSED] - Verify element property value successfully

2021-12-30 11:34:11 - [TEST_STEP][PASSED] - verifyElementPropertyValue(response, "username", "mimi"): Verify element property value successfully

2021-12-30 11:34:11 - [MESSAGE][PASSED] - Verify element property value successfully

2021-12-30 11:34:12 - [TEST_STEP][PASSED] - verifyElementPropertyValue(response, "password", "123456789"): Verify element property value successfully

2021-12-30 11:34:12 - [MESSAGE][PASSED] - Verify element property value successfully

2021-12-30 11:34:12 - [TEST_STEP][PASSED] - verifyElementPropertyValue(response, "gender", "MALE"): Verify element property value successfully

2021-12-30 11:34:12 - [MESSAGE][PASSED] - Verify element property value successfully

2021-12-30 11:34:12 - [MESSAGE][PASSED] - Verify response successfully

2021-12-30 11:34:12 - [MESSAGE][PASSED] - Send request and verify the response successfully

2021-12-30 11:34:12 - [MESSAGE][PASSED] - sample.Common.createNewUser is PASSED

2021-12-30 11:34:12 - [TEST_STEP][PASSED] - sample.Common.findUserById(id, age, username, password, gender, 200): sample.Common.findUserById is PASSED

2021-12-30 11:34:13 - [MESSAGE][INFO] - HAR: /Users/ly.doan/web-service-test/Reports/20211230_113242/Test Suite created on TestOps/20211230_113242/requests/main/50.har

2021-12-30 11:34:13 - [TEST_CASE][PASSED] - Start Test Case : Verification: Verification accomplished successfully

2021-12-30 11:34:13 - [TEST_STEP][PASSED] - request = getInstance().getCurrentRequest(): null

2021-12-30 11:34:13 - [TEST_STEP][PASSED] - response = getInstance().getCurrentResponse(): null

2021-12-30 11:34:13 - [TEST_STEP][PASSED] - assert response.getStatusCode() == 200: null

2021-12-30 11:34:13 - [TEST_STEP][PASSED] - verifyElementPropertyValue(response, "age", 25): Verify element property value successfully

2021-12-30 11:34:13 - [MESSAGE][PASSED] - Verify element property value successfully

2021-12-30 11:34:13 - [TEST_STEP][PASSED] - verifyElementPropertyValue(response, "username", "mimi"): Verify element property value successfully

2021-12-30 11:34:13 - [MESSAGE][PASSED] - Verify element property value successfully

2021-12-30 11:34:13 - [TEST_STEP][PASSED] - verifyElementPropertyValue(response, "password", "123456789"): Verify element property value successfully

2021-12-30 11:34:13 - [MESSAGE][PASSED] - Verify element property value successfully

2021-12-30 11:34:13 - [TEST_STEP][PASSED] - verifyElementPropertyValue(response, "gender", "MALE"): Verify element property value successfully

2021-12-30 11:34:13 - [MESSAGE][PASSED] - Verify element property value successfully

2021-12-30 11:34:13 - [MESSAGE][PASSED] - Verify response successfully

2021-12-30 11:34:13 - [MESSAGE][PASSED] - Send request and verify the response successfully

2021-12-30 11:34:13 - [MESSAGE][PASSED] - sample.Common.findUserById is PASSED]]></system-out>
         <system-err><![CDATA[]]></system-err>
      </testcase>
      <testcase name="Test Cases/Find user by ID" time="2.876" classname="Test Cases/Find user by ID" status="PASSED">
         <system-out><![CDATA[2021-12-30 11:34:13 - [TEST_CASE][PASSED] - Test Cases/Find user by ID: Test Cases/Find user by ID

2021-12-30 11:34:13 - [TEST_STEP][PASSED] - id = sample.Common.createNewUser(age, username, password, gender, 200): sample.Common.createNewUser is PASSED

2021-12-30 11:34:14 - [MESSAGE][INFO] - HAR: /Users/ly.doan/web-service-test/Reports/20211230_113242/Test Suite created on TestOps/20211230_113242/requests/main/51.har

2021-12-30 11:34:15 - [TEST_CASE][PASSED] - Start Test Case : Verification: Verification accomplished successfully

2021-12-30 11:34:15 - [TEST_STEP][PASSED] - request = getInstance().getCurrentRequest(): null

2021-12-30 11:34:15 - [TEST_STEP][PASSED] - response = getInstance().getCurrentResponse(): null

2021-12-30 11:34:15 - [TEST_STEP][PASSED] - assert response.getStatusCode() == 200: null

2021-12-30 11:34:15 - [TEST_STEP][PASSED] - verifyElementPropertyValue(response, "age", 25): Verify element property value successfully

2021-12-30 11:34:15 - [MESSAGE][PASSED] - Verify element property value successfully

2021-12-30 11:34:15 - [TEST_STEP][PASSED] - verifyElementPropertyValue(response, "username", "mimi"): Verify element property value successfully

2021-12-30 11:34:15 - [MESSAGE][PASSED] - Verify element property value successfully

2021-12-30 11:34:15 - [TEST_STEP][PASSED] - verifyElementPropertyValue(response, "password", "123456789"): Verify element property value successfully

2021-12-30 11:34:15 - [MESSAGE][PASSED] - Verify element property value successfully

2021-12-30 11:34:15 - [TEST_STEP][PASSED] - verifyElementPropertyValue(response, "gender", "MALE"): Verify element property value successfully

2021-12-30 11:34:15 - [MESSAGE][PASSED] - Verify element property value successfully

2021-12-30 11:34:15 - [MESSAGE][PASSED] - Verify response successfully

2021-12-30 11:34:15 - [MESSAGE][PASSED] - Send request and verify the response successfully

2021-12-30 11:34:15 - [MESSAGE][PASSED] - sample.Common.createNewUser is PASSED

2021-12-30 11:34:15 - [TEST_STEP][PASSED] - sample.Common.findUserById(id, age, username, password, gender, 200): sample.Common.findUserById is PASSED

2021-12-30 11:34:16 - [MESSAGE][INFO] - HAR: /Users/ly.doan/web-service-test/Reports/20211230_113242/Test Suite created on TestOps/20211230_113242/requests/main/52.har

2021-12-30 11:34:16 - [TEST_CASE][PASSED] - Start Test Case : Verification: Verification accomplished successfully

2021-12-30 11:34:16 - [TEST_STEP][PASSED] - request = getInstance().getCurrentRequest(): null

2021-12-30 11:34:16 - [TEST_STEP][PASSED] - response = getInstance().getCurrentResponse(): null

2021-12-30 11:34:16 - [TEST_STEP][PASSED] - assert response.getStatusCode() == 200: null

2021-12-30 11:34:16 - [TEST_STEP][PASSED] - verifyElementPropertyValue(response, "age", 25): Verify element property value successfully

2021-12-30 11:34:16 - [MESSAGE][PASSED] - Verify element property value successfully

2021-12-30 11:34:16 - [TEST_STEP][PASSED] - verifyElementPropertyValue(response, "username", "mimi"): Verify element property value successfully

2021-12-30 11:34:16 - [MESSAGE][PASSED] - Verify element property value successfully

2021-12-30 11:34:16 - [TEST_STEP][PASSED] - verifyElementPropertyValue(response, "password", "123456789"): Verify element property value successfully

2021-12-30 11:34:16 - [MESSAGE][PASSED] - Verify element property value successfully

2021-12-30 11:34:16 - [TEST_STEP][PASSED] - verifyElementPropertyValue(response, "gender", "MALE"): Verify element property value successfully

2021-12-30 11:34:16 - [MESSAGE][PASSED] - Verify element property value successfully

2021-12-30 11:34:16 - [MESSAGE][PASSED] - Verify response successfully

2021-12-30 11:34:16 - [MESSAGE][PASSED] - Send request and verify the response successfully

2021-12-30 11:34:16 - [MESSAGE][PASSED] - sample.Common.findUserById is PASSED]]></system-out>
         <system-err><![CDATA[]]></system-err>
      </testcase>
      <testcase name="Test Cases/Find user by ID" time="2.821" classname="Test Cases/Find user by ID" status="PASSED">
         <system-out><![CDATA[2021-12-30 11:34:16 - [TEST_CASE][PASSED] - Test Cases/Find user by ID: Test Cases/Find user by ID

2021-12-30 11:34:16 - [TEST_STEP][PASSED] - id = sample.Common.createNewUser(age, username, password, gender, 200): sample.Common.createNewUser is PASSED

2021-12-30 11:34:17 - [MESSAGE][INFO] - HAR: /Users/ly.doan/web-service-test/Reports/20211230_113242/Test Suite created on TestOps/20211230_113242/requests/main/53.har

2021-12-30 11:34:17 - [TEST_CASE][PASSED] - Start Test Case : Verification: Verification accomplished successfully

2021-12-30 11:34:17 - [TEST_STEP][PASSED] - request = getInstance().getCurrentRequest(): null

2021-12-30 11:34:17 - [TEST_STEP][PASSED] - response = getInstance().getCurrentResponse(): null

2021-12-30 11:34:17 - [TEST_STEP][PASSED] - assert response.getStatusCode() == 200: null

2021-12-30 11:34:17 - [TEST_STEP][PASSED] - verifyElementPropertyValue(response, "age", 25): Verify element property value successfully

2021-12-30 11:34:17 - [MESSAGE][PASSED] - Verify element property value successfully

2021-12-30 11:34:17 - [TEST_STEP][PASSED] - verifyElementPropertyValue(response, "username", "mimi"): Verify element property value successfully

2021-12-30 11:34:17 - [MESSAGE][PASSED] - Verify element property value successfully

2021-12-30 11:34:17 - [TEST_STEP][PASSED] - verifyElementPropertyValue(response, "password", "123456789"): Verify element property value successfully

2021-12-30 11:34:17 - [MESSAGE][PASSED] - Verify element property value successfully

2021-12-30 11:34:17 - [TEST_STEP][PASSED] - verifyElementPropertyValue(response, "gender", "MALE"): Verify element property value successfully

2021-12-30 11:34:18 - [MESSAGE][PASSED] - Verify element property value successfully

2021-12-30 11:34:18 - [MESSAGE][PASSED] - Verify response successfully

2021-12-30 11:34:18 - [MESSAGE][PASSED] - Send request and verify the response successfully

2021-12-30 11:34:18 - [MESSAGE][PASSED] - sample.Common.createNewUser is PASSED

2021-12-30 11:34:18 - [TEST_STEP][PASSED] - sample.Common.findUserById(id, age, username, password, gender, 200): sample.Common.findUserById is PASSED

2021-12-30 11:34:19 - [MESSAGE][INFO] - HAR: /Users/ly.doan/web-service-test/Reports/20211230_113242/Test Suite created on TestOps/20211230_113242/requests/main/54.har

2021-12-30 11:34:19 - [TEST_CASE][PASSED] - Start Test Case : Verification: Verification accomplished successfully

2021-12-30 11:34:19 - [TEST_STEP][PASSED] - request = getInstance().getCurrentRequest(): null

2021-12-30 11:34:19 - [TEST_STEP][PASSED] - response = getInstance().getCurrentResponse(): null

2021-12-30 11:34:19 - [TEST_STEP][PASSED] - assert response.getStatusCode() == 200: null

2021-12-30 11:34:19 - [TEST_STEP][PASSED] - verifyElementPropertyValue(response, "age", 25): Verify element property value successfully

2021-12-30 11:34:19 - [MESSAGE][PASSED] - Verify element property value successfully

2021-12-30 11:34:19 - [TEST_STEP][PASSED] - verifyElementPropertyValue(response, "username", "mimi"): Verify element property value successfully

2021-12-30 11:34:19 - [MESSAGE][PASSED] - Verify element property value successfully

2021-12-30 11:34:19 - [TEST_STEP][PASSED] - verifyElementPropertyValue(response, "password", "123456789"): Verify element property value successfully

2021-12-30 11:34:19 - [MESSAGE][PASSED] - Verify element property value successfully

2021-12-30 11:34:19 - [TEST_STEP][PASSED] - verifyElementPropertyValue(response, "gender", "MALE"): Verify element property value successfully

2021-12-30 11:34:19 - [MESSAGE][PASSED] - Verify element property value successfully

2021-12-30 11:34:19 - [MESSAGE][PASSED] - Verify response successfully

2021-12-30 11:34:19 - [MESSAGE][PASSED] - Send request and verify the response successfully

2021-12-30 11:34:19 - [MESSAGE][PASSED] - sample.Common.findUserById is PASSED]]></system-out>
         <system-err><![CDATA[]]></system-err>
      </testcase>
      <testcase name="Test Cases/Find user by ID" time="3.848" classname="Test Cases/Find user by ID" status="PASSED">
         <system-out><![CDATA[2021-12-30 11:34:19 - [TEST_CASE][PASSED] - Test Cases/Find user by ID: Test Cases/Find user by ID

2021-12-30 11:34:19 - [TEST_STEP][PASSED] - id = sample.Common.createNewUser(age, username, password, gender, 200): sample.Common.createNewUser is PASSED

2021-12-30 11:34:20 - [MESSAGE][INFO] - HAR: /Users/ly.doan/web-service-test/Reports/20211230_113242/Test Suite created on TestOps/20211230_113242/requests/main/55.har

2021-12-30 11:34:21 - [TEST_CASE][PASSED] - Start Test Case : Verification: Verification accomplished successfully

2021-12-30 11:34:21 - [TEST_STEP][PASSED] - request = getInstance().getCurrentRequest(): null

2021-12-30 11:34:21 - [TEST_STEP][PASSED] - response = getInstance().getCurrentResponse(): null

2021-12-30 11:34:21 - [TEST_STEP][PASSED] - assert response.getStatusCode() == 200: null

2021-12-30 11:34:21 - [TEST_STEP][PASSED] - verifyElementPropertyValue(response, "age", 25): Verify element property value successfully

2021-12-30 11:34:21 - [MESSAGE][PASSED] - Verify element property value successfully

2021-12-30 11:34:21 - [TEST_STEP][PASSED] - verifyElementPropertyValue(response, "username", "mimi"): Verify element property value successfully

2021-12-30 11:34:21 - [MESSAGE][PASSED] - Verify element property value successfully

2021-12-30 11:34:21 - [TEST_STEP][PASSED] - verifyElementPropertyValue(response, "password", "123456789"): Verify element property value successfully

2021-12-30 11:34:21 - [MESSAGE][PASSED] - Verify element property value successfully

2021-12-30 11:34:21 - [TEST_STEP][PASSED] - verifyElementPropertyValue(response, "gender", "MALE"): Verify element property value successfully

2021-12-30 11:34:21 - [MESSAGE][PASSED] - Verify element property value successfully

2021-12-30 11:34:21 - [MESSAGE][PASSED] - Verify response successfully

2021-12-30 11:34:21 - [MESSAGE][PASSED] - Send request and verify the response successfully

2021-12-30 11:34:21 - [MESSAGE][PASSED] - sample.Common.createNewUser is PASSED

2021-12-30 11:34:21 - [TEST_STEP][PASSED] - sample.Common.findUserById(id, age, username, password, gender, 200): sample.Common.findUserById is PASSED

2021-12-30 11:34:23 - [MESSAGE][INFO] - HAR: /Users/ly.doan/web-service-test/Reports/20211230_113242/Test Suite created on TestOps/20211230_113242/requests/main/56.har

2021-12-30 11:34:23 - [TEST_CASE][PASSED] - Start Test Case : Verification: Verification accomplished successfully

2021-12-30 11:34:23 - [TEST_STEP][PASSED] - request = getInstance().getCurrentRequest(): null

2021-12-30 11:34:23 - [TEST_STEP][PASSED] - response = getInstance().getCurrentResponse(): null

2021-12-30 11:34:23 - [TEST_STEP][PASSED] - assert response.getStatusCode() == 200: null

2021-12-30 11:34:23 - [TEST_STEP][PASSED] - verifyElementPropertyValue(response, "age", 25): Verify element property value successfully

2021-12-30 11:34:23 - [MESSAGE][PASSED] - Verify element property value successfully

2021-12-30 11:34:23 - [TEST_STEP][PASSED] - verifyElementPropertyValue(response, "username", "mimi"): Verify element property value successfully

2021-12-30 11:34:23 - [MESSAGE][PASSED] - Verify element property value successfully

2021-12-30 11:34:23 - [TEST_STEP][PASSED] - verifyElementPropertyValue(response, "password", "123456789"): Verify element property value successfully

2021-12-30 11:34:23 - [MESSAGE][PASSED] - Verify element property value successfully

2021-12-30 11:34:23 - [TEST_STEP][PASSED] - verifyElementPropertyValue(response, "gender", "MALE"): Verify element property value successfully

2021-12-30 11:34:23 - [MESSAGE][PASSED] - Verify element property value successfully

2021-12-30 11:34:23 - [MESSAGE][PASSED] - Verify response successfully

2021-12-30 11:34:23 - [MESSAGE][PASSED] - Send request and verify the response successfully

2021-12-30 11:34:23 - [MESSAGE][PASSED] - sample.Common.findUserById is PASSED]]></system-out>
         <system-err><![CDATA[]]></system-err>
      </testcase>
      <testcase name="Test Cases/Find user by ID" time="3.291" classname="Test Cases/Find user by ID" status="PASSED">
         <system-out><![CDATA[2021-12-30 11:34:23 - [TEST_CASE][PASSED] - Test Cases/Find user by ID: Test Cases/Find user by ID

2021-12-30 11:34:23 - [TEST_STEP][PASSED] - id = sample.Common.createNewUser(age, username, password, gender, 200): sample.Common.createNewUser is PASSED

2021-12-30 11:34:24 - [MESSAGE][INFO] - HAR: /Users/ly.doan/web-service-test/Reports/20211230_113242/Test Suite created on TestOps/20211230_113242/requests/main/57.har

2021-12-30 11:34:24 - [TEST_CASE][PASSED] - Start Test Case : Verification: Verification accomplished successfully

2021-12-30 11:34:24 - [TEST_STEP][PASSED] - request = getInstance().getCurrentRequest(): null

2021-12-30 11:34:24 - [TEST_STEP][PASSED] - response = getInstance().getCurrentResponse(): null

2021-12-30 11:34:24 - [TEST_STEP][PASSED] - assert response.getStatusCode() == 200: null

2021-12-30 11:34:24 - [TEST_STEP][PASSED] - verifyElementPropertyValue(response, "age", 25): Verify element property value successfully

2021-12-30 11:34:24 - [MESSAGE][PASSED] - Verify element property value successfully

2021-12-30 11:34:24 - [TEST_STEP][PASSED] - verifyElementPropertyValue(response, "username", "mimi"): Verify element property value successfully

2021-12-30 11:34:24 - [MESSAGE][PASSED] - Verify element property value successfully

2021-12-30 11:34:24 - [TEST_STEP][PASSED] - verifyElementPropertyValue(response, "password", "123456789"): Verify element property value successfully

2021-12-30 11:34:24 - [MESSAGE][PASSED] - Verify element property value successfully

2021-12-30 11:34:24 - [TEST_STEP][PASSED] - verifyElementPropertyValue(response, "gender", "MALE"): Verify element property value successfully

2021-12-30 11:34:25 - [MESSAGE][PASSED] - Verify element property value successfully

2021-12-30 11:34:25 - [MESSAGE][PASSED] - Verify response successfully

2021-12-30 11:34:25 - [MESSAGE][PASSED] - Send request and verify the response successfully

2021-12-30 11:34:25 - [MESSAGE][PASSED] - sample.Common.createNewUser is PASSED

2021-12-30 11:34:25 - [TEST_STEP][PASSED] - sample.Common.findUserById(id, age, username, password, gender, 200): sample.Common.findUserById is PASSED

2021-12-30 11:34:26 - [MESSAGE][INFO] - HAR: /Users/ly.doan/web-service-test/Reports/20211230_113242/Test Suite created on TestOps/20211230_113242/requests/main/58.har

2021-12-30 11:34:26 - [TEST_CASE][PASSED] - Start Test Case : Verification: Verification accomplished successfully

2021-12-30 11:34:26 - [TEST_STEP][PASSED] - request = getInstance().getCurrentRequest(): null

2021-12-30 11:34:26 - [TEST_STEP][PASSED] - response = getInstance().getCurrentResponse(): null

2021-12-30 11:34:26 - [TEST_STEP][PASSED] - assert response.getStatusCode() == 200: null

2021-12-30 11:34:26 - [TEST_STEP][PASSED] - verifyElementPropertyValue(response, "age", 25): Verify element property value successfully

2021-12-30 11:34:26 - [MESSAGE][PASSED] - Verify element property value successfully

2021-12-30 11:34:26 - [TEST_STEP][PASSED] - verifyElementPropertyValue(response, "username", "mimi"): Verify element property value successfully

2021-12-30 11:34:26 - [MESSAGE][PASSED] - Verify element property value successfully

2021-12-30 11:34:26 - [TEST_STEP][PASSED] - verifyElementPropertyValue(response, "password", "123456789"): Verify element property value successfully

2021-12-30 11:34:26 - [MESSAGE][PASSED] - Verify element property value successfully

2021-12-30 11:34:26 - [TEST_STEP][PASSED] - verifyElementPropertyValue(response, "gender", "MALE"): Verify element property value successfully

2021-12-30 11:34:26 - [MESSAGE][PASSED] - Verify element property value successfully

2021-12-30 11:34:26 - [MESSAGE][PASSED] - Verify response successfully

2021-12-30 11:34:26 - [MESSAGE][PASSED] - Send request and verify the response successfully

2021-12-30 11:34:26 - [MESSAGE][PASSED] - sample.Common.findUserById is PASSED]]></system-out>
         <system-err><![CDATA[]]></system-err>
      </testcase>
      <testcase name="Test Cases/Find user by ID" time="3.284" classname="Test Cases/Find user by ID" status="PASSED">
         <system-out><![CDATA[2021-12-30 11:34:26 - [TEST_CASE][PASSED] - Test Cases/Find user by ID: Test Cases/Find user by ID

2021-12-30 11:34:26 - [TEST_STEP][PASSED] - id = sample.Common.createNewUser(age, username, password, gender, 200): sample.Common.createNewUser is PASSED

2021-12-30 11:34:28 - [MESSAGE][INFO] - HAR: /Users/ly.doan/web-service-test/Reports/20211230_113242/Test Suite created on TestOps/20211230_113242/requests/main/59.har

2021-12-30 11:34:28 - [TEST_CASE][PASSED] - Start Test Case : Verification: Verification accomplished successfully

2021-12-30 11:34:28 - [TEST_STEP][PASSED] - request = getInstance().getCurrentRequest(): null

2021-12-30 11:34:28 - [TEST_STEP][PASSED] - response = getInstance().getCurrentResponse(): null

2021-12-30 11:34:28 - [TEST_STEP][PASSED] - assert response.getStatusCode() == 200: null

2021-12-30 11:34:28 - [TEST_STEP][PASSED] - verifyElementPropertyValue(response, "age", 25): Verify element property value successfully

2021-12-30 11:34:28 - [MESSAGE][PASSED] - Verify element property value successfully

2021-12-30 11:34:28 - [TEST_STEP][PASSED] - verifyElementPropertyValue(response, "username", "mimi"): Verify element property value successfully

2021-12-30 11:34:28 - [MESSAGE][PASSED] - Verify element property value successfully

2021-12-30 11:34:28 - [TEST_STEP][PASSED] - verifyElementPropertyValue(response, "password", "123456789"): Verify element property value successfully

2021-12-30 11:34:28 - [MESSAGE][PASSED] - Verify element property value successfully

2021-12-30 11:34:28 - [TEST_STEP][PASSED] - verifyElementPropertyValue(response, "gender", "MALE"): Verify element property value successfully

2021-12-30 11:34:28 - [MESSAGE][PASSED] - Verify element property value successfully

2021-12-30 11:34:28 - [MESSAGE][PASSED] - Verify response successfully

2021-12-30 11:34:28 - [MESSAGE][PASSED] - Send request and verify the response successfully

2021-12-30 11:34:28 - [MESSAGE][PASSED] - sample.Common.createNewUser is PASSED

2021-12-30 11:34:28 - [TEST_STEP][PASSED] - sample.Common.findUserById(id, age, username, password, gender, 200): sample.Common.findUserById is PASSED

2021-12-30 11:34:29 - [MESSAGE][INFO] - HAR: /Users/ly.doan/web-service-test/Reports/20211230_113242/Test Suite created on TestOps/20211230_113242/requests/main/60.har

2021-12-30 11:34:29 - [TEST_CASE][PASSED] - Start Test Case : Verification: Verification accomplished successfully

2021-12-30 11:34:29 - [TEST_STEP][PASSED] - request = getInstance().getCurrentRequest(): null

2021-12-30 11:34:29 - [TEST_STEP][PASSED] - response = getInstance().getCurrentResponse(): null

2021-12-30 11:34:29 - [TEST_STEP][PASSED] - assert response.getStatusCode() == 200: null

2021-12-30 11:34:29 - [TEST_STEP][PASSED] - verifyElementPropertyValue(response, "age", 25): Verify element property value successfully

2021-12-30 11:34:29 - [MESSAGE][PASSED] - Verify element property value successfully

2021-12-30 11:34:29 - [TEST_STEP][PASSED] - verifyElementPropertyValue(response, "username", "mimi"): Verify element property value successfully

2021-12-30 11:34:29 - [MESSAGE][PASSED] - Verify element property value successfully

2021-12-30 11:34:29 - [TEST_STEP][PASSED] - verifyElementPropertyValue(response, "password", "123456789"): Verify element property value successfully

2021-12-30 11:34:29 - [MESSAGE][PASSED] - Verify element property value successfully

2021-12-30 11:34:29 - [TEST_STEP][PASSED] - verifyElementPropertyValue(response, "gender", "MALE"): Verify element property value successfully

2021-12-30 11:34:29 - [MESSAGE][PASSED] - Verify element property value successfully

2021-12-30 11:34:29 - [MESSAGE][PASSED] - Verify response successfully

2021-12-30 11:34:29 - [MESSAGE][PASSED] - Send request and verify the response successfully

2021-12-30 11:34:29 - [MESSAGE][PASSED] - sample.Common.findUserById is PASSED]]></system-out>
         <system-err><![CDATA[]]></system-err>
      </testcase>
      <testcase name="Test Cases/Nothing" time="0.012" classname="Test Cases/Nothing" status="FAILED">
         <failure type="FAILED" message="Test Cases/Nothing FAILED.
Reason:
com.kms.katalon.core.exception.StepFailedException: Unable to send request (Root cause: java.lang.IllegalArgumentException: Request object is null
	at com.kms.katalon.core.webservice.helper.WebServiceCommonHelper.checkRequestObject(WebServiceCommonHelper.java:76)
	at com.kms.katalon.core.webservice.keyword.builtin.SendRequestKeyword$_sendRequest_closure1.doCall(SendRequestKeyword.groovy:39)
	at com.kms.katalon.core.webservice.keyword.builtin.SendRequestKeyword$_sendRequest_closure1.call(SendRequestKeyword.groovy)
	at com.kms.katalon.core.keyword.internal.KeywordMain.runKeyword(KeywordMain.groovy:74)
	at com.kms.katalon.core.webservice.keyword.builtin.SendRequestKeyword.sendRequest(SendRequestKeyword.groovy:38)
	at com.kms.katalon.core.webservice.keyword.builtin.SendRequestKeyword.execute(SendRequestKeyword.groovy:33)
	at com.kms.katalon.core.keyword.internal.KeywordExecutor.executeKeywordForPlatform(KeywordExecutor.groovy:74)
	at com.kms.katalon.core.webservice.keyword.WSBuiltInKeywords.sendRequest(WSBuiltInKeywords.groovy:40)
	at com.kms.katalon.core.webservice.keyword.WSBuiltInKeywords$sendRequest$1.call(Unknown Source)
	at Nothing.run(Nothing:20)
	at com.kms.katalon.core.main.ScriptEngine.run(ScriptEngine.java:194)
	at com.kms.katalon.core.main.ScriptEngine.runScriptAsRawText(ScriptEngine.java:119)
	at com.kms.katalon.core.main.TestCaseExecutor.runScript(TestCaseExecutor.java:430)
	at com.kms.katalon.core.main.TestCaseExecutor.doExecute(TestCaseExecutor.java:421)
	at com.kms.katalon.core.main.TestCaseExecutor.processExecutionPhase(TestCaseExecutor.java:400)
	at com.kms.katalon.core.main.TestCaseExecutor.accessMainPhase(TestCaseExecutor.java:392)
	at com.kms.katalon.core.main.TestCaseExecutor.execute(TestCaseExecutor.java:273)
	at com.kms.katalon.core.main.TestCaseExecutor.execute(TestCaseExecutor.java:351)
	at com.kms.katalon.core.main.TestCaseExecutor.execute(TestCaseExecutor.java:351)
	at com.kms.katalon.core.main.TestCaseExecutor.execute(TestCaseExecutor.java:351)
	at com.kms.katalon.core.main.TestSuiteExecutor.accessTestCaseMainPhase(TestSuiteExecutor.java:202)
	at com.kms.katalon.core.main.TestSuiteExecutor.accessTestSuiteMainPhase(TestSuiteExecutor.java:164)
	at com.kms.katalon.core.main.TestSuiteExecutor.execute(TestSuiteExecutor.java:105)
	at com.kms.katalon.core.main.TestCaseMain.startTestSuite(TestCaseMain.java:185)
	at com.kms.katalon.core.main.TestCaseMain$startTestSuite$0.call(Unknown Source)
	at TempTestSuite1640838762454.run(TempTestSuite1640838762454.groovy:36)
)
	at com.kms.katalon.core.keyword.internal.KeywordMain.stepFailed(KeywordMain.groovy:50)
	at com.kms.katalon.core.keyword.internal.KeywordMain.stepFailed(KeywordMain.groovy)
	at com.kms.katalon.core.keyword.internal.KeywordMain.runKeyword(KeywordMain.groovy:76)
	at com.kms.katalon.core.webservice.keyword.builtin.SendRequestKeyword.sendRequest(SendRequestKeyword.groovy:38)
	at com.kms.katalon.core.webservice.keyword.builtin.SendRequestKeyword.execute(SendRequestKeyword.groovy:33)
	at com.kms.katalon.core.keyword.internal.KeywordExecutor.executeKeywordForPlatform(KeywordExecutor.groovy:74)
	at com.kms.katalon.core.webservice.keyword.WSBuiltInKeywords.sendRequest(WSBuiltInKeywords.groovy:40)
	at com.kms.katalon.core.webservice.keyword.WSBuiltInKeywords$sendRequest$1.call(Unknown Source)
	at Nothing.run(Nothing:20)
	at com.kms.katalon.core.main.ScriptEngine.run(ScriptEngine.java:194)
	at com.kms.katalon.core.main.ScriptEngine.runScriptAsRawText(ScriptEngine.java:119)
	at com.kms.katalon.core.main.TestCaseExecutor.runScript(TestCaseExecutor.java:430)
	at com.kms.katalon.core.main.TestCaseExecutor.doExecute(TestCaseExecutor.java:421)
	at com.kms.katalon.core.main.TestCaseExecutor.processExecutionPhase(TestCaseExecutor.java:400)
	at com.kms.katalon.core.main.TestCaseExecutor.accessMainPhase(TestCaseExecutor.java:392)
	at com.kms.katalon.core.main.TestCaseExecutor.execute(TestCaseExecutor.java:273)
	at com.kms.katalon.core.main.TestCaseExecutor.execute(TestCaseExecutor.java:351)
	at com.kms.katalon.core.main.TestCaseExecutor.execute(TestCaseExecutor.java:351)
	at com.kms.katalon.core.main.TestCaseExecutor.execute(TestCaseExecutor.java:351)
	at com.kms.katalon.core.main.TestSuiteExecutor.accessTestCaseMainPhase(TestSuiteExecutor.java:202)
	at com.kms.katalon.core.main.TestSuiteExecutor.accessTestSuiteMainPhase(TestSuiteExecutor.java:164)
	at com.kms.katalon.core.main.TestSuiteExecutor.execute(TestSuiteExecutor.java:105)
	at com.kms.katalon.core.main.TestCaseMain.startTestSuite(TestCaseMain.java:185)
	at com.kms.katalon.core.main.TestCaseMain$startTestSuite$0.call(Unknown Source)
	at TempTestSuite1640838762454.run(TempTestSuite1640838762454.groovy:36)
Caused by: java.lang.IllegalArgumentException: Request object is null
	at com.kms.katalon.core.webservice.helper.WebServiceCommonHelper.checkRequestObject(WebServiceCommonHelper.java:76)
	at com.kms.katalon.core.webservice.keyword.builtin.SendRequestKeyword$_sendRequest_closure1.doCall(SendRequestKeyword.groovy:39)
	at com.kms.katalon.core.webservice.keyword.builtin.SendRequestKeyword$_sendRequest_closure1.call(SendRequestKeyword.groovy)
	at com.kms.katalon.core.keyword.internal.KeywordMain.runKeyword(KeywordMain.groovy:74)
	... 22 more
"/>
         <system-out><![CDATA[2021-12-30 11:34:30 - [TEST_CASE][FAILED] - Test Cases/Nothing: Test Cases/Nothing FAILED.
Reason:
com.kms.katalon.core.exception.StepFailedException: Unable to send request (Root cause: java.lang.IllegalArgumentException: Request object is null
	at com.kms.katalon.core.webservice.helper.WebServiceCommonHelper.checkRequestObject(WebServiceCommonHelper.java:76)
	at com.kms.katalon.core.webservice.keyword.builtin.SendRequestKeyword$_sendRequest_closure1.doCall(SendRequestKeyword.groovy:39)
	at com.kms.katalon.core.webservice.keyword.builtin.SendRequestKeyword$_sendRequest_closure1.call(SendRequestKeyword.groovy)
	at com.kms.katalon.core.keyword.internal.KeywordMain.runKeyword(KeywordMain.groovy:74)
	at com.kms.katalon.core.webservice.keyword.builtin.SendRequestKeyword.sendRequest(SendRequestKeyword.groovy:38)
	at com.kms.katalon.core.webservice.keyword.builtin.SendRequestKeyword.execute(SendRequestKeyword.groovy:33)
	at com.kms.katalon.core.keyword.internal.KeywordExecutor.executeKeywordForPlatform(KeywordExecutor.groovy:74)
	at com.kms.katalon.core.webservice.keyword.WSBuiltInKeywords.sendRequest(WSBuiltInKeywords.groovy:40)
	at com.kms.katalon.core.webservice.keyword.WSBuiltInKeywords$sendRequest$1.call(Unknown Source)
	at Nothing.run(Nothing:20)
	at com.kms.katalon.core.main.ScriptEngine.run(ScriptEngine.java:194)
	at com.kms.katalon.core.main.ScriptEngine.runScriptAsRawText(ScriptEngine.java:119)
	at com.kms.katalon.core.main.TestCaseExecutor.runScript(TestCaseExecutor.java:430)
	at com.kms.katalon.core.main.TestCaseExecutor.doExecute(TestCaseExecutor.java:421)
	at com.kms.katalon.core.main.TestCaseExecutor.processExecutionPhase(TestCaseExecutor.java:400)
	at com.kms.katalon.core.main.TestCaseExecutor.accessMainPhase(TestCaseExecutor.java:392)
	at com.kms.katalon.core.main.TestCaseExecutor.execute(TestCaseExecutor.java:273)
	at com.kms.katalon.core.main.TestCaseExecutor.execute(TestCaseExecutor.java:351)
	at com.kms.katalon.core.main.TestCaseExecutor.execute(TestCaseExecutor.java:351)
	at com.kms.katalon.core.main.TestCaseExecutor.execute(TestCaseExecutor.java:351)
	at com.kms.katalon.core.main.TestSuiteExecutor.accessTestCaseMainPhase(TestSuiteExecutor.java:202)
	at com.kms.katalon.core.main.TestSuiteExecutor.accessTestSuiteMainPhase(TestSuiteExecutor.java:164)
	at com.kms.katalon.core.main.TestSuiteExecutor.execute(TestSuiteExecutor.java:105)
	at com.kms.katalon.core.main.TestCaseMain.startTestSuite(TestCaseMain.java:185)
	at com.kms.katalon.core.main.TestCaseMain$startTestSuite$0.call(Unknown Source)
	at TempTestSuite1640838762454.run(TempTestSuite1640838762454.groovy:36)
)
	at com.kms.katalon.core.keyword.internal.KeywordMain.stepFailed(KeywordMain.groovy:50)
	at com.kms.katalon.core.keyword.internal.KeywordMain.stepFailed(KeywordMain.groovy)
	at com.kms.katalon.core.keyword.internal.KeywordMain.runKeyword(KeywordMain.groovy:76)
	at com.kms.katalon.core.webservice.keyword.builtin.SendRequestKeyword.sendRequest(SendRequestKeyword.groovy:38)
	at com.kms.katalon.core.webservice.keyword.builtin.SendRequestKeyword.execute(SendRequestKeyword.groovy:33)
	at com.kms.katalon.core.keyword.internal.KeywordExecutor.executeKeywordForPlatform(KeywordExecutor.groovy:74)
	at com.kms.katalon.core.webservice.keyword.WSBuiltInKeywords.sendRequest(WSBuiltInKeywords.groovy:40)
	at com.kms.katalon.core.webservice.keyword.WSBuiltInKeywords$sendRequest$1.call(Unknown Source)
	at Nothing.run(Nothing:20)
	at com.kms.katalon.core.main.ScriptEngine.run(ScriptEngine.java:194)
	at com.kms.katalon.core.main.ScriptEngine.runScriptAsRawText(ScriptEngine.java:119)
	at com.kms.katalon.core.main.TestCaseExecutor.runScript(TestCaseExecutor.java:430)
	at com.kms.katalon.core.main.TestCaseExecutor.doExecute(TestCaseExecutor.java:421)
	at com.kms.katalon.core.main.TestCaseExecutor.processExecutionPhase(TestCaseExecutor.java:400)
	at com.kms.katalon.core.main.TestCaseExecutor.accessMainPhase(TestCaseExecutor.java:392)
	at com.kms.katalon.core.main.TestCaseExecutor.execute(TestCaseExecutor.java:273)
	at com.kms.katalon.core.main.TestCaseExecutor.execute(TestCaseExecutor.java:351)
	at com.kms.katalon.core.main.TestCaseExecutor.execute(TestCaseExecutor.java:351)
	at com.kms.katalon.core.main.TestCaseExecutor.execute(TestCaseExecutor.java:351)
	at com.kms.katalon.core.main.TestSuiteExecutor.accessTestCaseMainPhase(TestSuiteExecutor.java:202)
	at com.kms.katalon.core.main.TestSuiteExecutor.accessTestSuiteMainPhase(TestSuiteExecutor.java:164)
	at com.kms.katalon.core.main.TestSuiteExecutor.execute(TestSuiteExecutor.java:105)
	at com.kms.katalon.core.main.TestCaseMain.startTestSuite(TestCaseMain.java:185)
	at com.kms.katalon.core.main.TestCaseMain$startTestSuite$0.call(Unknown Source)
	at TempTestSuite1640838762454.run(TempTestSuite1640838762454.groovy:36)
Caused by: java.lang.IllegalArgumentException: Request object is null
	at com.kms.katalon.core.webservice.helper.WebServiceCommonHelper.checkRequestObject(WebServiceCommonHelper.java:76)
	at com.kms.katalon.core.webservice.keyword.builtin.SendRequestKeyword$_sendRequest_closure1.doCall(SendRequestKeyword.groovy:39)
	at com.kms.katalon.core.webservice.keyword.builtin.SendRequestKeyword$_sendRequest_closure1.call(SendRequestKeyword.groovy)
	at com.kms.katalon.core.keyword.internal.KeywordMain.runKeyword(KeywordMain.groovy:74)
	... 22 more


2021-12-30 11:34:30 - [TEST_STEP][FAILED] - sendRequest(findTestObject(null)): Unable to send request (Root cause: java.lang.IllegalArgumentException: Request object is null
	at com.kms.katalon.core.webservice.helper.WebServiceCommonHelper.checkRequestObject(WebServiceCommonHelper.java:76)
	at com.kms.katalon.core.webservice.keyword.builtin.SendRequestKeyword$_sendRequest_closure1.doCall(SendRequestKeyword.groovy:39)
	at com.kms.katalon.core.webservice.keyword.builtin.SendRequestKeyword$_sendRequest_closure1.call(SendRequestKeyword.groovy)
	at com.kms.katalon.core.keyword.internal.KeywordMain.runKeyword(KeywordMain.groovy:74)
	at com.kms.katalon.core.webservice.keyword.builtin.SendRequestKeyword.sendRequest(SendRequestKeyword.groovy:38)
	at com.kms.katalon.core.webservice.keyword.builtin.SendRequestKeyword.execute(SendRequestKeyword.groovy:33)
	at com.kms.katalon.core.keyword.internal.KeywordExecutor.executeKeywordForPlatform(KeywordExecutor.groovy:74)
	at com.kms.katalon.core.webservice.keyword.WSBuiltInKeywords.sendRequest(WSBuiltInKeywords.groovy:40)
	at com.kms.katalon.core.webservice.keyword.WSBuiltInKeywords$sendRequest$1.call(Unknown Source)
	at Nothing.run(Nothing:20)
	at com.kms.katalon.core.main.ScriptEngine.run(ScriptEngine.java:194)
	at com.kms.katalon.core.main.ScriptEngine.runScriptAsRawText(ScriptEngine.java:119)
	at com.kms.katalon.core.main.TestCaseExecutor.runScript(TestCaseExecutor.java:430)
	at com.kms.katalon.core.main.TestCaseExecutor.doExecute(TestCaseExecutor.java:421)
	at com.kms.katalon.core.main.TestCaseExecutor.processExecutionPhase(TestCaseExecutor.java:400)
	at com.kms.katalon.core.main.TestCaseExecutor.accessMainPhase(TestCaseExecutor.java:392)
	at com.kms.katalon.core.main.TestCaseExecutor.execute(TestCaseExecutor.java:273)
	at com.kms.katalon.core.main.TestCaseExecutor.execute(TestCaseExecutor.java:351)
	at com.kms.katalon.core.main.TestCaseExecutor.execute(TestCaseExecutor.java:351)
	at com.kms.katalon.core.main.TestCaseExecutor.execute(TestCaseExecutor.java:351)
	at com.kms.katalon.core.main.TestSuiteExecutor.accessTestCaseMainPhase(TestSuiteExecutor.java:202)
	at com.kms.katalon.core.main.TestSuiteExecutor.accessTestSuiteMainPhase(TestSuiteExecutor.java:164)
	at com.kms.katalon.core.main.TestSuiteExecutor.execute(TestSuiteExecutor.java:105)
	at com.kms.katalon.core.main.TestCaseMain.startTestSuite(TestCaseMain.java:185)
	at com.kms.katalon.core.main.TestCaseMain$startTestSuite$0.call(Unknown Source)
	at TempTestSuite1640838762454.run(TempTestSuite1640838762454.groovy:36)
)

2021-12-30 11:34:30 - [MESSAGE][WARNING] - Test object id is null

2021-12-30 11:34:30 - [MESSAGE][FAILED] - Unable to send request (Root cause: java.lang.IllegalArgumentException: Request object is null
	at com.kms.katalon.core.webservice.helper.WebServiceCommonHelper.checkRequestObject(WebServiceCommonHelper.java:76)
	at com.kms.katalon.core.webservice.keyword.builtin.SendRequestKeyword$_sendRequest_closure1.doCall(SendRequestKeyword.groovy:39)
	at com.kms.katalon.core.webservice.keyword.builtin.SendRequestKeyword$_sendRequest_closure1.call(SendRequestKeyword.groovy)
	at com.kms.katalon.core.keyword.internal.KeywordMain.runKeyword(KeywordMain.groovy:74)
	at com.kms.katalon.core.webservice.keyword.builtin.SendRequestKeyword.sendRequest(SendRequestKeyword.groovy:38)
	at com.kms.katalon.core.webservice.keyword.builtin.SendRequestKeyword.execute(SendRequestKeyword.groovy:33)
	at com.kms.katalon.core.keyword.internal.KeywordExecutor.executeKeywordForPlatform(KeywordExecutor.groovy:74)
	at com.kms.katalon.core.webservice.keyword.WSBuiltInKeywords.sendRequest(WSBuiltInKeywords.groovy:40)
	at com.kms.katalon.core.webservice.keyword.WSBuiltInKeywords$sendRequest$1.call(Unknown Source)
	at Nothing.run(Nothing:20)
	at com.kms.katalon.core.main.ScriptEngine.run(ScriptEngine.java:194)
	at com.kms.katalon.core.main.ScriptEngine.runScriptAsRawText(ScriptEngine.java:119)
	at com.kms.katalon.core.main.TestCaseExecutor.runScript(TestCaseExecutor.java:430)
	at com.kms.katalon.core.main.TestCaseExecutor.doExecute(TestCaseExecutor.java:421)
	at com.kms.katalon.core.main.TestCaseExecutor.processExecutionPhase(TestCaseExecutor.java:400)
	at com.kms.katalon.core.main.TestCaseExecutor.accessMainPhase(TestCaseExecutor.java:392)
	at com.kms.katalon.core.main.TestCaseExecutor.execute(TestCaseExecutor.java:273)
	at com.kms.katalon.core.main.TestCaseExecutor.execute(TestCaseExecutor.java:351)
	at com.kms.katalon.core.main.TestCaseExecutor.execute(TestCaseExecutor.java:351)
	at com.kms.katalon.core.main.TestCaseExecutor.execute(TestCaseExecutor.java:351)
	at com.kms.katalon.core.main.TestSuiteExecutor.accessTestCaseMainPhase(TestSuiteExecutor.java:202)
	at com.kms.katalon.core.main.TestSuiteExecutor.accessTestSuiteMainPhase(TestSuiteExecutor.java:164)
	at com.kms.katalon.core.main.TestSuiteExecutor.execute(TestSuiteExecutor.java:105)
	at com.kms.katalon.core.main.TestCaseMain.startTestSuite(TestCaseMain.java:185)
	at com.kms.katalon.core.main.TestCaseMain$startTestSuite$0.call(Unknown Source)
	at TempTestSuite1640838762454.run(TempTestSuite1640838762454.groovy:36)
)]]></system-out>
         <system-err><![CDATA[2021-12-30 11:34:30 - [TEST_CASE][FAILED] - Test Cases/Nothing: Test Cases/Nothing FAILED.
Reason:
com.kms.katalon.core.exception.StepFailedException: Unable to send request (Root cause: java.lang.IllegalArgumentException: Request object is null
	at com.kms.katalon.core.webservice.helper.WebServiceCommonHelper.checkRequestObject(WebServiceCommonHelper.java:76)
	at com.kms.katalon.core.webservice.keyword.builtin.SendRequestKeyword$_sendRequest_closure1.doCall(SendRequestKeyword.groovy:39)
	at com.kms.katalon.core.webservice.keyword.builtin.SendRequestKeyword$_sendRequest_closure1.call(SendRequestKeyword.groovy)
	at com.kms.katalon.core.keyword.internal.KeywordMain.runKeyword(KeywordMain.groovy:74)
	at com.kms.katalon.core.webservice.keyword.builtin.SendRequestKeyword.sendRequest(SendRequestKeyword.groovy:38)
	at com.kms.katalon.core.webservice.keyword.builtin.SendRequestKeyword.execute(SendRequestKeyword.groovy:33)
	at com.kms.katalon.core.keyword.internal.KeywordExecutor.executeKeywordForPlatform(KeywordExecutor.groovy:74)
	at com.kms.katalon.core.webservice.keyword.WSBuiltInKeywords.sendRequest(WSBuiltInKeywords.groovy:40)
	at com.kms.katalon.core.webservice.keyword.WSBuiltInKeywords$sendRequest$1.call(Unknown Source)
	at Nothing.run(Nothing:20)
	at com.kms.katalon.core.main.ScriptEngine.run(ScriptEngine.java:194)
	at com.kms.katalon.core.main.ScriptEngine.runScriptAsRawText(ScriptEngine.java:119)
	at com.kms.katalon.core.main.TestCaseExecutor.runScript(TestCaseExecutor.java:430)
	at com.kms.katalon.core.main.TestCaseExecutor.doExecute(TestCaseExecutor.java:421)
	at com.kms.katalon.core.main.TestCaseExecutor.processExecutionPhase(TestCaseExecutor.java:400)
	at com.kms.katalon.core.main.TestCaseExecutor.accessMainPhase(TestCaseExecutor.java:392)
	at com.kms.katalon.core.main.TestCaseExecutor.execute(TestCaseExecutor.java:273)
	at com.kms.katalon.core.main.TestCaseExecutor.execute(TestCaseExecutor.java:351)
	at com.kms.katalon.core.main.TestCaseExecutor.execute(TestCaseExecutor.java:351)
	at com.kms.katalon.core.main.TestCaseExecutor.execute(TestCaseExecutor.java:351)
	at com.kms.katalon.core.main.TestSuiteExecutor.accessTestCaseMainPhase(TestSuiteExecutor.java:202)
	at com.kms.katalon.core.main.TestSuiteExecutor.accessTestSuiteMainPhase(TestSuiteExecutor.java:164)
	at com.kms.katalon.core.main.TestSuiteExecutor.execute(TestSuiteExecutor.java:105)
	at com.kms.katalon.core.main.TestCaseMain.startTestSuite(TestCaseMain.java:185)
	at com.kms.katalon.core.main.TestCaseMain$startTestSuite$0.call(Unknown Source)
	at TempTestSuite1640838762454.run(TempTestSuite1640838762454.groovy:36)
)
	at com.kms.katalon.core.keyword.internal.KeywordMain.stepFailed(KeywordMain.groovy:50)
	at com.kms.katalon.core.keyword.internal.KeywordMain.stepFailed(KeywordMain.groovy)
	at com.kms.katalon.core.keyword.internal.KeywordMain.runKeyword(KeywordMain.groovy:76)
	at com.kms.katalon.core.webservice.keyword.builtin.SendRequestKeyword.sendRequest(SendRequestKeyword.groovy:38)
	at com.kms.katalon.core.webservice.keyword.builtin.SendRequestKeyword.execute(SendRequestKeyword.groovy:33)
	at com.kms.katalon.core.keyword.internal.KeywordExecutor.executeKeywordForPlatform(KeywordExecutor.groovy:74)
	at com.kms.katalon.core.webservice.keyword.WSBuiltInKeywords.sendRequest(WSBuiltInKeywords.groovy:40)
	at com.kms.katalon.core.webservice.keyword.WSBuiltInKeywords$sendRequest$1.call(Unknown Source)
	at Nothing.run(Nothing:20)
	at com.kms.katalon.core.main.ScriptEngine.run(ScriptEngine.java:194)
	at com.kms.katalon.core.main.ScriptEngine.runScriptAsRawText(ScriptEngine.java:119)
	at com.kms.katalon.core.main.TestCaseExecutor.runScript(TestCaseExecutor.java:430)
	at com.kms.katalon.core.main.TestCaseExecutor.doExecute(TestCaseExecutor.java:421)
	at com.kms.katalon.core.main.TestCaseExecutor.processExecutionPhase(TestCaseExecutor.java:400)
	at com.kms.katalon.core.main.TestCaseExecutor.accessMainPhase(TestCaseExecutor.java:392)
	at com.kms.katalon.core.main.TestCaseExecutor.execute(TestCaseExecutor.java:273)
	at com.kms.katalon.core.main.TestCaseExecutor.execute(TestCaseExecutor.java:351)
	at com.kms.katalon.core.main.TestCaseExecutor.execute(TestCaseExecutor.java:351)
	at com.kms.katalon.core.main.TestCaseExecutor.execute(TestCaseExecutor.java:351)
	at com.kms.katalon.core.main.TestSuiteExecutor.accessTestCaseMainPhase(TestSuiteExecutor.java:202)
	at com.kms.katalon.core.main.TestSuiteExecutor.accessTestSuiteMainPhase(TestSuiteExecutor.java:164)
	at com.kms.katalon.core.main.TestSuiteExecutor.execute(TestSuiteExecutor.java:105)
	at com.kms.katalon.core.main.TestCaseMain.startTestSuite(TestCaseMain.java:185)
	at com.kms.katalon.core.main.TestCaseMain$startTestSuite$0.call(Unknown Source)
	at TempTestSuite1640838762454.run(TempTestSuite1640838762454.groovy:36)
Caused by: java.lang.IllegalArgumentException: Request object is null
	at com.kms.katalon.core.webservice.helper.WebServiceCommonHelper.checkRequestObject(WebServiceCommonHelper.java:76)
	at com.kms.katalon.core.webservice.keyword.builtin.SendRequestKeyword$_sendRequest_closure1.doCall(SendRequestKeyword.groovy:39)
	at com.kms.katalon.core.webservice.keyword.builtin.SendRequestKeyword$_sendRequest_closure1.call(SendRequestKeyword.groovy)
	at com.kms.katalon.core.keyword.internal.KeywordMain.runKeyword(KeywordMain.groovy:74)
	... 22 more]]></system-err>
      </testcase>
      <testcase name="Test Cases/Nothing" time="0.011" classname="Test Cases/Nothing" status="FAILED">
         <failure type="FAILED" message="Test Cases/Nothing FAILED.
Reason:
com.kms.katalon.core.exception.StepFailedException: Unable to send request (Root cause: java.lang.IllegalArgumentException: Request object is null
	at com.kms.katalon.core.webservice.helper.WebServiceCommonHelper.checkRequestObject(WebServiceCommonHelper.java:76)
	at com.kms.katalon.core.webservice.keyword.builtin.SendRequestKeyword$_sendRequest_closure1.doCall(SendRequestKeyword.groovy:39)
	at com.kms.katalon.core.webservice.keyword.builtin.SendRequestKeyword$_sendRequest_closure1.call(SendRequestKeyword.groovy)
	at com.kms.katalon.core.keyword.internal.KeywordMain.runKeyword(KeywordMain.groovy:74)
	at com.kms.katalon.core.webservice.keyword.builtin.SendRequestKeyword.sendRequest(SendRequestKeyword.groovy:38)
	at com.kms.katalon.core.webservice.keyword.builtin.SendRequestKeyword.execute(SendRequestKeyword.groovy:33)
	at com.kms.katalon.core.keyword.internal.KeywordExecutor.executeKeywordForPlatform(KeywordExecutor.groovy:74)
	at com.kms.katalon.core.webservice.keyword.WSBuiltInKeywords.sendRequest(WSBuiltInKeywords.groovy:40)
	at com.kms.katalon.core.webservice.keyword.WSBuiltInKeywords$sendRequest$1.call(Unknown Source)
	at Nothing.run(Nothing:20)
	at com.kms.katalon.core.main.ScriptEngine.run(ScriptEngine.java:194)
	at com.kms.katalon.core.main.ScriptEngine.runScriptAsRawText(ScriptEngine.java:119)
	at com.kms.katalon.core.main.TestCaseExecutor.runScript(TestCaseExecutor.java:430)
	at com.kms.katalon.core.main.TestCaseExecutor.doExecute(TestCaseExecutor.java:421)
	at com.kms.katalon.core.main.TestCaseExecutor.processExecutionPhase(TestCaseExecutor.java:400)
	at com.kms.katalon.core.main.TestCaseExecutor.accessMainPhase(TestCaseExecutor.java:392)
	at com.kms.katalon.core.main.TestCaseExecutor.execute(TestCaseExecutor.java:273)
	at com.kms.katalon.core.main.TestCaseExecutor.execute(TestCaseExecutor.java:351)
	at com.kms.katalon.core.main.TestCaseExecutor.execute(TestCaseExecutor.java:351)
	at com.kms.katalon.core.main.TestCaseExecutor.execute(TestCaseExecutor.java:351)
	at com.kms.katalon.core.main.TestSuiteExecutor.accessTestCaseMainPhase(TestSuiteExecutor.java:202)
	at com.kms.katalon.core.main.TestSuiteExecutor.accessTestSuiteMainPhase(TestSuiteExecutor.java:164)
	at com.kms.katalon.core.main.TestSuiteExecutor.execute(TestSuiteExecutor.java:105)
	at com.kms.katalon.core.main.TestCaseMain.startTestSuite(TestCaseMain.java:185)
	at com.kms.katalon.core.main.TestCaseMain$startTestSuite$0.call(Unknown Source)
	at TempTestSuite1640838762454.run(TempTestSuite1640838762454.groovy:36)
)
	at com.kms.katalon.core.keyword.internal.KeywordMain.stepFailed(KeywordMain.groovy:50)
	at com.kms.katalon.core.keyword.internal.KeywordMain.stepFailed(KeywordMain.groovy)
	at com.kms.katalon.core.keyword.internal.KeywordMain.runKeyword(KeywordMain.groovy:76)
	at com.kms.katalon.core.webservice.keyword.builtin.SendRequestKeyword.sendRequest(SendRequestKeyword.groovy:38)
	at com.kms.katalon.core.webservice.keyword.builtin.SendRequestKeyword.execute(SendRequestKeyword.groovy:33)
	at com.kms.katalon.core.keyword.internal.KeywordExecutor.executeKeywordForPlatform(KeywordExecutor.groovy:74)
	at com.kms.katalon.core.webservice.keyword.WSBuiltInKeywords.sendRequest(WSBuiltInKeywords.groovy:40)
	at com.kms.katalon.core.webservice.keyword.WSBuiltInKeywords$sendRequest$1.call(Unknown Source)
	at Nothing.run(Nothing:20)
	at com.kms.katalon.core.main.ScriptEngine.run(ScriptEngine.java:194)
	at com.kms.katalon.core.main.ScriptEngine.runScriptAsRawText(ScriptEngine.java:119)
	at com.kms.katalon.core.main.TestCaseExecutor.runScript(TestCaseExecutor.java:430)
	at com.kms.katalon.core.main.TestCaseExecutor.doExecute(TestCaseExecutor.java:421)
	at com.kms.katalon.core.main.TestCaseExecutor.processExecutionPhase(TestCaseExecutor.java:400)
	at com.kms.katalon.core.main.TestCaseExecutor.accessMainPhase(TestCaseExecutor.java:392)
	at com.kms.katalon.core.main.TestCaseExecutor.execute(TestCaseExecutor.java:273)
	at com.kms.katalon.core.main.TestCaseExecutor.execute(TestCaseExecutor.java:351)
	at com.kms.katalon.core.main.TestCaseExecutor.execute(TestCaseExecutor.java:351)
	at com.kms.katalon.core.main.TestCaseExecutor.execute(TestCaseExecutor.java:351)
	at com.kms.katalon.core.main.TestSuiteExecutor.accessTestCaseMainPhase(TestSuiteExecutor.java:202)
	at com.kms.katalon.core.main.TestSuiteExecutor.accessTestSuiteMainPhase(TestSuiteExecutor.java:164)
	at com.kms.katalon.core.main.TestSuiteExecutor.execute(TestSuiteExecutor.java:105)
	at com.kms.katalon.core.main.TestCaseMain.startTestSuite(TestCaseMain.java:185)
	at com.kms.katalon.core.main.TestCaseMain$startTestSuite$0.call(Unknown Source)
	at TempTestSuite1640838762454.run(TempTestSuite1640838762454.groovy:36)
Caused by: java.lang.IllegalArgumentException: Request object is null
	at com.kms.katalon.core.webservice.helper.WebServiceCommonHelper.checkRequestObject(WebServiceCommonHelper.java:76)
	at com.kms.katalon.core.webservice.keyword.builtin.SendRequestKeyword$_sendRequest_closure1.doCall(SendRequestKeyword.groovy:39)
	at com.kms.katalon.core.webservice.keyword.builtin.SendRequestKeyword$_sendRequest_closure1.call(SendRequestKeyword.groovy)
	at com.kms.katalon.core.keyword.internal.KeywordMain.runKeyword(KeywordMain.groovy:74)
	... 22 more
"/>
         <system-out><![CDATA[2021-12-30 11:34:30 - [TEST_CASE][FAILED] - Test Cases/Nothing: Test Cases/Nothing FAILED.
Reason:
com.kms.katalon.core.exception.StepFailedException: Unable to send request (Root cause: java.lang.IllegalArgumentException: Request object is null
	at com.kms.katalon.core.webservice.helper.WebServiceCommonHelper.checkRequestObject(WebServiceCommonHelper.java:76)
	at com.kms.katalon.core.webservice.keyword.builtin.SendRequestKeyword$_sendRequest_closure1.doCall(SendRequestKeyword.groovy:39)
	at com.kms.katalon.core.webservice.keyword.builtin.SendRequestKeyword$_sendRequest_closure1.call(SendRequestKeyword.groovy)
	at com.kms.katalon.core.keyword.internal.KeywordMain.runKeyword(KeywordMain.groovy:74)
	at com.kms.katalon.core.webservice.keyword.builtin.SendRequestKeyword.sendRequest(SendRequestKeyword.groovy:38)
	at com.kms.katalon.core.webservice.keyword.builtin.SendRequestKeyword.execute(SendRequestKeyword.groovy:33)
	at com.kms.katalon.core.keyword.internal.KeywordExecutor.executeKeywordForPlatform(KeywordExecutor.groovy:74)
	at com.kms.katalon.core.webservice.keyword.WSBuiltInKeywords.sendRequest(WSBuiltInKeywords.groovy:40)
	at com.kms.katalon.core.webservice.keyword.WSBuiltInKeywords$sendRequest$1.call(Unknown Source)
	at Nothing.run(Nothing:20)
	at com.kms.katalon.core.main.ScriptEngine.run(ScriptEngine.java:194)
	at com.kms.katalon.core.main.ScriptEngine.runScriptAsRawText(ScriptEngine.java:119)
	at com.kms.katalon.core.main.TestCaseExecutor.runScript(TestCaseExecutor.java:430)
	at com.kms.katalon.core.main.TestCaseExecutor.doExecute(TestCaseExecutor.java:421)
	at com.kms.katalon.core.main.TestCaseExecutor.processExecutionPhase(TestCaseExecutor.java:400)
	at com.kms.katalon.core.main.TestCaseExecutor.accessMainPhase(TestCaseExecutor.java:392)
	at com.kms.katalon.core.main.TestCaseExecutor.execute(TestCaseExecutor.java:273)
	at com.kms.katalon.core.main.TestCaseExecutor.execute(TestCaseExecutor.java:351)
	at com.kms.katalon.core.main.TestCaseExecutor.execute(TestCaseExecutor.java:351)
	at com.kms.katalon.core.main.TestCaseExecutor.execute(TestCaseExecutor.java:351)
	at com.kms.katalon.core.main.TestSuiteExecutor.accessTestCaseMainPhase(TestSuiteExecutor.java:202)
	at com.kms.katalon.core.main.TestSuiteExecutor.accessTestSuiteMainPhase(TestSuiteExecutor.java:164)
	at com.kms.katalon.core.main.TestSuiteExecutor.execute(TestSuiteExecutor.java:105)
	at com.kms.katalon.core.main.TestCaseMain.startTestSuite(TestCaseMain.java:185)
	at com.kms.katalon.core.main.TestCaseMain$startTestSuite$0.call(Unknown Source)
	at TempTestSuite1640838762454.run(TempTestSuite1640838762454.groovy:36)
)
	at com.kms.katalon.core.keyword.internal.KeywordMain.stepFailed(KeywordMain.groovy:50)
	at com.kms.katalon.core.keyword.internal.KeywordMain.stepFailed(KeywordMain.groovy)
	at com.kms.katalon.core.keyword.internal.KeywordMain.runKeyword(KeywordMain.groovy:76)
	at com.kms.katalon.core.webservice.keyword.builtin.SendRequestKeyword.sendRequest(SendRequestKeyword.groovy:38)
	at com.kms.katalon.core.webservice.keyword.builtin.SendRequestKeyword.execute(SendRequestKeyword.groovy:33)
	at com.kms.katalon.core.keyword.internal.KeywordExecutor.executeKeywordForPlatform(KeywordExecutor.groovy:74)
	at com.kms.katalon.core.webservice.keyword.WSBuiltInKeywords.sendRequest(WSBuiltInKeywords.groovy:40)
	at com.kms.katalon.core.webservice.keyword.WSBuiltInKeywords$sendRequest$1.call(Unknown Source)
	at Nothing.run(Nothing:20)
	at com.kms.katalon.core.main.ScriptEngine.run(ScriptEngine.java:194)
	at com.kms.katalon.core.main.ScriptEngine.runScriptAsRawText(ScriptEngine.java:119)
	at com.kms.katalon.core.main.TestCaseExecutor.runScript(TestCaseExecutor.java:430)
	at com.kms.katalon.core.main.TestCaseExecutor.doExecute(TestCaseExecutor.java:421)
	at com.kms.katalon.core.main.TestCaseExecutor.processExecutionPhase(TestCaseExecutor.java:400)
	at com.kms.katalon.core.main.TestCaseExecutor.accessMainPhase(TestCaseExecutor.java:392)
	at com.kms.katalon.core.main.TestCaseExecutor.execute(TestCaseExecutor.java:273)
	at com.kms.katalon.core.main.TestCaseExecutor.execute(TestCaseExecutor.java:351)
	at com.kms.katalon.core.main.TestCaseExecutor.execute(TestCaseExecutor.java:351)
	at com.kms.katalon.core.main.TestCaseExecutor.execute(TestCaseExecutor.java:351)
	at com.kms.katalon.core.main.TestSuiteExecutor.accessTestCaseMainPhase(TestSuiteExecutor.java:202)
	at com.kms.katalon.core.main.TestSuiteExecutor.accessTestSuiteMainPhase(TestSuiteExecutor.java:164)
	at com.kms.katalon.core.main.TestSuiteExecutor.execute(TestSuiteExecutor.java:105)
	at com.kms.katalon.core.main.TestCaseMain.startTestSuite(TestCaseMain.java:185)
	at com.kms.katalon.core.main.TestCaseMain$startTestSuite$0.call(Unknown Source)
	at TempTestSuite1640838762454.run(TempTestSuite1640838762454.groovy:36)
Caused by: java.lang.IllegalArgumentException: Request object is null
	at com.kms.katalon.core.webservice.helper.WebServiceCommonHelper.checkRequestObject(WebServiceCommonHelper.java:76)
	at com.kms.katalon.core.webservice.keyword.builtin.SendRequestKeyword$_sendRequest_closure1.doCall(SendRequestKeyword.groovy:39)
	at com.kms.katalon.core.webservice.keyword.builtin.SendRequestKeyword$_sendRequest_closure1.call(SendRequestKeyword.groovy)
	at com.kms.katalon.core.keyword.internal.KeywordMain.runKeyword(KeywordMain.groovy:74)
	... 22 more


2021-12-30 11:34:30 - [TEST_STEP][FAILED] - sendRequest(findTestObject(null)): Unable to send request (Root cause: java.lang.IllegalArgumentException: Request object is null
	at com.kms.katalon.core.webservice.helper.WebServiceCommonHelper.checkRequestObject(WebServiceCommonHelper.java:76)
	at com.kms.katalon.core.webservice.keyword.builtin.SendRequestKeyword$_sendRequest_closure1.doCall(SendRequestKeyword.groovy:39)
	at com.kms.katalon.core.webservice.keyword.builtin.SendRequestKeyword$_sendRequest_closure1.call(SendRequestKeyword.groovy)
	at com.kms.katalon.core.keyword.internal.KeywordMain.runKeyword(KeywordMain.groovy:74)
	at com.kms.katalon.core.webservice.keyword.builtin.SendRequestKeyword.sendRequest(SendRequestKeyword.groovy:38)
	at com.kms.katalon.core.webservice.keyword.builtin.SendRequestKeyword.execute(SendRequestKeyword.groovy:33)
	at com.kms.katalon.core.keyword.internal.KeywordExecutor.executeKeywordForPlatform(KeywordExecutor.groovy:74)
	at com.kms.katalon.core.webservice.keyword.WSBuiltInKeywords.sendRequest(WSBuiltInKeywords.groovy:40)
	at com.kms.katalon.core.webservice.keyword.WSBuiltInKeywords$sendRequest$1.call(Unknown Source)
	at Nothing.run(Nothing:20)
	at com.kms.katalon.core.main.ScriptEngine.run(ScriptEngine.java:194)
	at com.kms.katalon.core.main.ScriptEngine.runScriptAsRawText(ScriptEngine.java:119)
	at com.kms.katalon.core.main.TestCaseExecutor.runScript(TestCaseExecutor.java:430)
	at com.kms.katalon.core.main.TestCaseExecutor.doExecute(TestCaseExecutor.java:421)
	at com.kms.katalon.core.main.TestCaseExecutor.processExecutionPhase(TestCaseExecutor.java:400)
	at com.kms.katalon.core.main.TestCaseExecutor.accessMainPhase(TestCaseExecutor.java:392)
	at com.kms.katalon.core.main.TestCaseExecutor.execute(TestCaseExecutor.java:273)
	at com.kms.katalon.core.main.TestCaseExecutor.execute(TestCaseExecutor.java:351)
	at com.kms.katalon.core.main.TestCaseExecutor.execute(TestCaseExecutor.java:351)
	at com.kms.katalon.core.main.TestCaseExecutor.execute(TestCaseExecutor.java:351)
	at com.kms.katalon.core.main.TestSuiteExecutor.accessTestCaseMainPhase(TestSuiteExecutor.java:202)
	at com.kms.katalon.core.main.TestSuiteExecutor.accessTestSuiteMainPhase(TestSuiteExecutor.java:164)
	at com.kms.katalon.core.main.TestSuiteExecutor.execute(TestSuiteExecutor.java:105)
	at com.kms.katalon.core.main.TestCaseMain.startTestSuite(TestCaseMain.java:185)
	at com.kms.katalon.core.main.TestCaseMain$startTestSuite$0.call(Unknown Source)
	at TempTestSuite1640838762454.run(TempTestSuite1640838762454.groovy:36)
)

2021-12-30 11:34:30 - [MESSAGE][WARNING] - Test object id is null

2021-12-30 11:34:30 - [MESSAGE][FAILED] - Unable to send request (Root cause: java.lang.IllegalArgumentException: Request object is null
	at com.kms.katalon.core.webservice.helper.WebServiceCommonHelper.checkRequestObject(WebServiceCommonHelper.java:76)
	at com.kms.katalon.core.webservice.keyword.builtin.SendRequestKeyword$_sendRequest_closure1.doCall(SendRequestKeyword.groovy:39)
	at com.kms.katalon.core.webservice.keyword.builtin.SendRequestKeyword$_sendRequest_closure1.call(SendRequestKeyword.groovy)
	at com.kms.katalon.core.keyword.internal.KeywordMain.runKeyword(KeywordMain.groovy:74)
	at com.kms.katalon.core.webservice.keyword.builtin.SendRequestKeyword.sendRequest(SendRequestKeyword.groovy:38)
	at com.kms.katalon.core.webservice.keyword.builtin.SendRequestKeyword.execute(SendRequestKeyword.groovy:33)
	at com.kms.katalon.core.keyword.internal.KeywordExecutor.executeKeywordForPlatform(KeywordExecutor.groovy:74)
	at com.kms.katalon.core.webservice.keyword.WSBuiltInKeywords.sendRequest(WSBuiltInKeywords.groovy:40)
	at com.kms.katalon.core.webservice.keyword.WSBuiltInKeywords$sendRequest$1.call(Unknown Source)
	at Nothing.run(Nothing:20)
	at com.kms.katalon.core.main.ScriptEngine.run(ScriptEngine.java:194)
	at com.kms.katalon.core.main.ScriptEngine.runScriptAsRawText(ScriptEngine.java:119)
	at com.kms.katalon.core.main.TestCaseExecutor.runScript(TestCaseExecutor.java:430)
	at com.kms.katalon.core.main.TestCaseExecutor.doExecute(TestCaseExecutor.java:421)
	at com.kms.katalon.core.main.TestCaseExecutor.processExecutionPhase(TestCaseExecutor.java:400)
	at com.kms.katalon.core.main.TestCaseExecutor.accessMainPhase(TestCaseExecutor.java:392)
	at com.kms.katalon.core.main.TestCaseExecutor.execute(TestCaseExecutor.java:273)
	at com.kms.katalon.core.main.TestCaseExecutor.execute(TestCaseExecutor.java:351)
	at com.kms.katalon.core.main.TestCaseExecutor.execute(TestCaseExecutor.java:351)
	at com.kms.katalon.core.main.TestCaseExecutor.execute(TestCaseExecutor.java:351)
	at com.kms.katalon.core.main.TestSuiteExecutor.accessTestCaseMainPhase(TestSuiteExecutor.java:202)
	at com.kms.katalon.core.main.TestSuiteExecutor.accessTestSuiteMainPhase(TestSuiteExecutor.java:164)
	at com.kms.katalon.core.main.TestSuiteExecutor.execute(TestSuiteExecutor.java:105)
	at com.kms.katalon.core.main.TestCaseMain.startTestSuite(TestCaseMain.java:185)
	at com.kms.katalon.core.main.TestCaseMain$startTestSuite$0.call(Unknown Source)
	at TempTestSuite1640838762454.run(TempTestSuite1640838762454.groovy:36)
)]]></system-out>
         <system-err><![CDATA[2021-12-30 11:34:30 - [TEST_CASE][FAILED] - Test Cases/Nothing: Test Cases/Nothing FAILED.
Reason:
com.kms.katalon.core.exception.StepFailedException: Unable to send request (Root cause: java.lang.IllegalArgumentException: Request object is null
	at com.kms.katalon.core.webservice.helper.WebServiceCommonHelper.checkRequestObject(WebServiceCommonHelper.java:76)
	at com.kms.katalon.core.webservice.keyword.builtin.SendRequestKeyword$_sendRequest_closure1.doCall(SendRequestKeyword.groovy:39)
	at com.kms.katalon.core.webservice.keyword.builtin.SendRequestKeyword$_sendRequest_closure1.call(SendRequestKeyword.groovy)
	at com.kms.katalon.core.keyword.internal.KeywordMain.runKeyword(KeywordMain.groovy:74)
	at com.kms.katalon.core.webservice.keyword.builtin.SendRequestKeyword.sendRequest(SendRequestKeyword.groovy:38)
	at com.kms.katalon.core.webservice.keyword.builtin.SendRequestKeyword.execute(SendRequestKeyword.groovy:33)
	at com.kms.katalon.core.keyword.internal.KeywordExecutor.executeKeywordForPlatform(KeywordExecutor.groovy:74)
	at com.kms.katalon.core.webservice.keyword.WSBuiltInKeywords.sendRequest(WSBuiltInKeywords.groovy:40)
	at com.kms.katalon.core.webservice.keyword.WSBuiltInKeywords$sendRequest$1.call(Unknown Source)
	at Nothing.run(Nothing:20)
	at com.kms.katalon.core.main.ScriptEngine.run(ScriptEngine.java:194)
	at com.kms.katalon.core.main.ScriptEngine.runScriptAsRawText(ScriptEngine.java:119)
	at com.kms.katalon.core.main.TestCaseExecutor.runScript(TestCaseExecutor.java:430)
	at com.kms.katalon.core.main.TestCaseExecutor.doExecute(TestCaseExecutor.java:421)
	at com.kms.katalon.core.main.TestCaseExecutor.processExecutionPhase(TestCaseExecutor.java:400)
	at com.kms.katalon.core.main.TestCaseExecutor.accessMainPhase(TestCaseExecutor.java:392)
	at com.kms.katalon.core.main.TestCaseExecutor.execute(TestCaseExecutor.java:273)
	at com.kms.katalon.core.main.TestCaseExecutor.execute(TestCaseExecutor.java:351)
	at com.kms.katalon.core.main.TestCaseExecutor.execute(TestCaseExecutor.java:351)
	at com.kms.katalon.core.main.TestCaseExecutor.execute(TestCaseExecutor.java:351)
	at com.kms.katalon.core.main.TestSuiteExecutor.accessTestCaseMainPhase(TestSuiteExecutor.java:202)
	at com.kms.katalon.core.main.TestSuiteExecutor.accessTestSuiteMainPhase(TestSuiteExecutor.java:164)
	at com.kms.katalon.core.main.TestSuiteExecutor.execute(TestSuiteExecutor.java:105)
	at com.kms.katalon.core.main.TestCaseMain.startTestSuite(TestCaseMain.java:185)
	at com.kms.katalon.core.main.TestCaseMain$startTestSuite$0.call(Unknown Source)
	at TempTestSuite1640838762454.run(TempTestSuite1640838762454.groovy:36)
)
	at com.kms.katalon.core.keyword.internal.KeywordMain.stepFailed(KeywordMain.groovy:50)
	at com.kms.katalon.core.keyword.internal.KeywordMain.stepFailed(KeywordMain.groovy)
	at com.kms.katalon.core.keyword.internal.KeywordMain.runKeyword(KeywordMain.groovy:76)
	at com.kms.katalon.core.webservice.keyword.builtin.SendRequestKeyword.sendRequest(SendRequestKeyword.groovy:38)
	at com.kms.katalon.core.webservice.keyword.builtin.SendRequestKeyword.execute(SendRequestKeyword.groovy:33)
	at com.kms.katalon.core.keyword.internal.KeywordExecutor.executeKeywordForPlatform(KeywordExecutor.groovy:74)
	at com.kms.katalon.core.webservice.keyword.WSBuiltInKeywords.sendRequest(WSBuiltInKeywords.groovy:40)
	at com.kms.katalon.core.webservice.keyword.WSBuiltInKeywords$sendRequest$1.call(Unknown Source)
	at Nothing.run(Nothing:20)
	at com.kms.katalon.core.main.ScriptEngine.run(ScriptEngine.java:194)
	at com.kms.katalon.core.main.ScriptEngine.runScriptAsRawText(ScriptEngine.java:119)
	at com.kms.katalon.core.main.TestCaseExecutor.runScript(TestCaseExecutor.java:430)
	at com.kms.katalon.core.main.TestCaseExecutor.doExecute(TestCaseExecutor.java:421)
	at com.kms.katalon.core.main.TestCaseExecutor.processExecutionPhase(TestCaseExecutor.java:400)
	at com.kms.katalon.core.main.TestCaseExecutor.accessMainPhase(TestCaseExecutor.java:392)
	at com.kms.katalon.core.main.TestCaseExecutor.execute(TestCaseExecutor.java:273)
	at com.kms.katalon.core.main.TestCaseExecutor.execute(TestCaseExecutor.java:351)
	at com.kms.katalon.core.main.TestCaseExecutor.execute(TestCaseExecutor.java:351)
	at com.kms.katalon.core.main.TestCaseExecutor.execute(TestCaseExecutor.java:351)
	at com.kms.katalon.core.main.TestSuiteExecutor.accessTestCaseMainPhase(TestSuiteExecutor.java:202)
	at com.kms.katalon.core.main.TestSuiteExecutor.accessTestSuiteMainPhase(TestSuiteExecutor.java:164)
	at com.kms.katalon.core.main.TestSuiteExecutor.execute(TestSuiteExecutor.java:105)
	at com.kms.katalon.core.main.TestCaseMain.startTestSuite(TestCaseMain.java:185)
	at com.kms.katalon.core.main.TestCaseMain$startTestSuite$0.call(Unknown Source)
	at TempTestSuite1640838762454.run(TempTestSuite1640838762454.groovy:36)
Caused by: java.lang.IllegalArgumentException: Request object is null
	at com.kms.katalon.core.webservice.helper.WebServiceCommonHelper.checkRequestObject(WebServiceCommonHelper.java:76)
	at com.kms.katalon.core.webservice.keyword.builtin.SendRequestKeyword$_sendRequest_closure1.doCall(SendRequestKeyword.groovy:39)
	at com.kms.katalon.core.webservice.keyword.builtin.SendRequestKeyword$_sendRequest_closure1.call(SendRequestKeyword.groovy)
	at com.kms.katalon.core.keyword.internal.KeywordMain.runKeyword(KeywordMain.groovy:74)
	... 22 more]]></system-err>
      </testcase>
      <system-out><![CDATA[2021-12-30 11:32:59 - [TEST_SUITE][FAILED] - Test Suite created on TestOps: Test Cases/Nothing FAILED.
Reason:
com.kms.katalon.core.exception.StepFailedException: Unable to send request (Root cause: java.lang.IllegalArgumentException: Request object is null
	at com.kms.katalon.core.webservice.helper.WebServiceCommonHelper.checkRequestObject(WebServiceCommonHelper.java:76)
	at com.kms.katalon.core.webservice.keyword.builtin.SendRequestKeyword$_sendRequest_closure1.doCall(SendRequestKeyword.groovy:39)
	at com.kms.katalon.core.webservice.keyword.builtin.SendRequestKeyword$_sendRequest_closure1.call(SendRequestKeyword.groovy)
	at com.kms.katalon.core.keyword.internal.KeywordMain.runKeyword(KeywordMain.groovy:74)
	at com.kms.katalon.core.webservice.keyword.builtin.SendRequestKeyword.sendRequest(SendRequestKeyword.groovy:38)
	at com.kms.katalon.core.webservice.keyword.builtin.SendRequestKeyword.execute(SendRequestKeyword.groovy:33)
	at com.kms.katalon.core.keyword.internal.KeywordExecutor.executeKeywordForPlatform(KeywordExecutor.groovy:74)
	at com.kms.katalon.core.webservice.keyword.WSBuiltInKeywords.sendRequest(WSBuiltInKeywords.groovy:40)
	at com.kms.katalon.core.webservice.keyword.WSBuiltInKeywords$sendRequest$1.call(Unknown Source)
	at Nothing.run(Nothing:20)
	at com.kms.katalon.core.main.ScriptEngine.run(ScriptEngine.java:194)
	at com.kms.katalon.core.main.ScriptEngine.runScriptAsRawText(ScriptEngine.java:119)
	at com.kms.katalon.core.main.TestCaseExecutor.runScript(TestCaseExecutor.java:430)
	at com.kms.katalon.core.main.TestCaseExecutor.doExecute(TestCaseExecutor.java:421)
	at com.kms.katalon.core.main.TestCaseExecutor.processExecutionPhase(TestCaseExecutor.java:400)
	at com.kms.katalon.core.main.TestCaseExecutor.accessMainPhase(TestCaseExecutor.java:392)
	at com.kms.katalon.core.main.TestCaseExecutor.execute(TestCaseExecutor.java:273)
	at com.kms.katalon.core.main.TestSuiteExecutor.accessTestCaseMainPhase(TestSuiteExecutor.java:202)
	at com.kms.katalon.core.main.TestSuiteExecutor.accessTestSuiteMainPhase(TestSuiteExecutor.java:164)
	at com.kms.katalon.core.main.TestSuiteExecutor.execute(TestSuiteExecutor.java:105)
	at com.kms.katalon.core.main.TestCaseMain.startTestSuite(TestCaseMain.java:185)
	at com.kms.katalon.core.main.TestCaseMain$startTestSuite$0.call(Unknown Source)
	at TempTestSuite1640838762454.run(TempTestSuite1640838762454.groovy:36)
)
	at com.kms.katalon.core.keyword.internal.KeywordMain.stepFailed(KeywordMain.groovy:50)
	at com.kms.katalon.core.keyword.internal.KeywordMain.stepFailed(KeywordMain.groovy)
	at com.kms.katalon.core.keyword.internal.KeywordMain.runKeyword(KeywordMain.groovy:76)
	at com.kms.katalon.core.webservice.keyword.builtin.SendRequestKeyword.sendRequest(SendRequestKeyword.groovy:38)
	at com.kms.katalon.core.webservice.keyword.builtin.SendRequestKeyword.execute(SendRequestKeyword.groovy:33)
	at com.kms.katalon.core.keyword.internal.KeywordExecutor.executeKeywordForPlatform(KeywordExecutor.groovy:74)
	at com.kms.katalon.core.webservice.keyword.WSBuiltInKeywords.sendRequest(WSBuiltInKeywords.groovy:40)
	at com.kms.katalon.core.webservice.keyword.WSBuiltInKeywords$sendRequest$1.call(Unknown Source)
	at Nothing.run(Nothing:20)
	at com.kms.katalon.core.main.ScriptEngine.run(ScriptEngine.java:194)
	at com.kms.katalon.core.main.ScriptEngine.runScriptAsRawText(ScriptEngine.java:119)
	at com.kms.katalon.core.main.TestCaseExecutor.runScript(TestCaseExecutor.java:430)
	at com.kms.katalon.core.main.TestCaseExecutor.doExecute(TestCaseExecutor.java:421)
	at com.kms.katalon.core.main.TestCaseExecutor.processExecutionPhase(TestCaseExecutor.java:400)
	at com.kms.katalon.core.main.TestCaseExecutor.accessMainPhase(TestCaseExecutor.java:392)
	at com.kms.katalon.core.main.TestCaseExecutor.execute(TestCaseExecutor.java:273)
	at com.kms.katalon.core.main.TestSuiteExecutor.accessTestCaseMainPhase(TestSuiteExecutor.java:202)
	at com.kms.katalon.core.main.TestSuiteExecutor.accessTestSuiteMainPhase(TestSuiteExecutor.java:164)
	at com.kms.katalon.core.main.TestSuiteExecutor.execute(TestSuiteExecutor.java:105)
	at com.kms.katalon.core.main.TestCaseMain.startTestSuite(TestCaseMain.java:185)
	at com.kms.katalon.core.main.TestCaseMain$startTestSuite$0.call(Unknown Source)
	at TempTestSuite1640838762454.run(TempTestSuite1640838762454.groovy:36)
Caused by: java.lang.IllegalArgumentException: Request object is null
	at com.kms.katalon.core.webservice.helper.WebServiceCommonHelper.checkRequestObject(WebServiceCommonHelper.java:76)
	at com.kms.katalon.core.webservice.keyword.builtin.SendRequestKeyword$_sendRequest_closure1.doCall(SendRequestKeyword.groovy:39)
	at com.kms.katalon.core.webservice.keyword.builtin.SendRequestKeyword$_sendRequest_closure1.call(SendRequestKeyword.groovy)
	at com.kms.katalon.core.keyword.internal.KeywordMain.runKeyword(KeywordMain.groovy:74)
	... 19 more]]></system-out>
      <system-err><![CDATA[2021-12-30 11:32:59 - [TEST_SUITE][FAILED] - Test Suite created on TestOps: Test Cases/Nothing FAILED.
Reason:
com.kms.katalon.core.exception.StepFailedException: Unable to send request (Root cause: java.lang.IllegalArgumentException: Request object is null
	at com.kms.katalon.core.webservice.helper.WebServiceCommonHelper.checkRequestObject(WebServiceCommonHelper.java:76)
	at com.kms.katalon.core.webservice.keyword.builtin.SendRequestKeyword$_sendRequest_closure1.doCall(SendRequestKeyword.groovy:39)
	at com.kms.katalon.core.webservice.keyword.builtin.SendRequestKeyword$_sendRequest_closure1.call(SendRequestKeyword.groovy)
	at com.kms.katalon.core.keyword.internal.KeywordMain.runKeyword(KeywordMain.groovy:74)
	at com.kms.katalon.core.webservice.keyword.builtin.SendRequestKeyword.sendRequest(SendRequestKeyword.groovy:38)
	at com.kms.katalon.core.webservice.keyword.builtin.SendRequestKeyword.execute(SendRequestKeyword.groovy:33)
	at com.kms.katalon.core.keyword.internal.KeywordExecutor.executeKeywordForPlatform(KeywordExecutor.groovy:74)
	at com.kms.katalon.core.webservice.keyword.WSBuiltInKeywords.sendRequest(WSBuiltInKeywords.groovy:40)
	at com.kms.katalon.core.webservice.keyword.WSBuiltInKeywords$sendRequest$1.call(Unknown Source)
	at Nothing.run(Nothing:20)
	at com.kms.katalon.core.main.ScriptEngine.run(ScriptEngine.java:194)
	at com.kms.katalon.core.main.ScriptEngine.runScriptAsRawText(ScriptEngine.java:119)
	at com.kms.katalon.core.main.TestCaseExecutor.runScript(TestCaseExecutor.java:430)
	at com.kms.katalon.core.main.TestCaseExecutor.doExecute(TestCaseExecutor.java:421)
	at com.kms.katalon.core.main.TestCaseExecutor.processExecutionPhase(TestCaseExecutor.java:400)
	at com.kms.katalon.core.main.TestCaseExecutor.accessMainPhase(TestCaseExecutor.java:392)
	at com.kms.katalon.core.main.TestCaseExecutor.execute(TestCaseExecutor.java:273)
	at com.kms.katalon.core.main.TestSuiteExecutor.accessTestCaseMainPhase(TestSuiteExecutor.java:202)
	at com.kms.katalon.core.main.TestSuiteExecutor.accessTestSuiteMainPhase(TestSuiteExecutor.java:164)
	at com.kms.katalon.core.main.TestSuiteExecutor.execute(TestSuiteExecutor.java:105)
	at com.kms.katalon.core.main.TestCaseMain.startTestSuite(TestCaseMain.java:185)
	at com.kms.katalon.core.main.TestCaseMain$startTestSuite$0.call(Unknown Source)
	at TempTestSuite1640838762454.run(TempTestSuite1640838762454.groovy:36)
)
	at com.kms.katalon.core.keyword.internal.KeywordMain.stepFailed(KeywordMain.groovy:50)
	at com.kms.katalon.core.keyword.internal.KeywordMain.stepFailed(KeywordMain.groovy)
	at com.kms.katalon.core.keyword.internal.KeywordMain.runKeyword(KeywordMain.groovy:76)
	at com.kms.katalon.core.webservice.keyword.builtin.SendRequestKeyword.sendRequest(SendRequestKeyword.groovy:38)
	at com.kms.katalon.core.webservice.keyword.builtin.SendRequestKeyword.execute(SendRequestKeyword.groovy:33)
	at com.kms.katalon.core.keyword.internal.KeywordExecutor.executeKeywordForPlatform(KeywordExecutor.groovy:74)
	at com.kms.katalon.core.webservice.keyword.WSBuiltInKeywords.sendRequest(WSBuiltInKeywords.groovy:40)
	at com.kms.katalon.core.webservice.keyword.WSBuiltInKeywords$sendRequest$1.call(Unknown Source)
	at Nothing.run(Nothing:20)
	at com.kms.katalon.core.main.ScriptEngine.run(ScriptEngine.java:194)
	at com.kms.katalon.core.main.ScriptEngine.runScriptAsRawText(ScriptEngine.java:119)
	at com.kms.katalon.core.main.TestCaseExecutor.runScript(TestCaseExecutor.java:430)
	at com.kms.katalon.core.main.TestCaseExecutor.doExecute(TestCaseExecutor.java:421)
	at com.kms.katalon.core.main.TestCaseExecutor.processExecutionPhase(TestCaseExecutor.java:400)
	at com.kms.katalon.core.main.TestCaseExecutor.accessMainPhase(TestCaseExecutor.java:392)
	at com.kms.katalon.core.main.TestCaseExecutor.execute(TestCaseExecutor.java:273)
	at com.kms.katalon.core.main.TestSuiteExecutor.accessTestCaseMainPhase(TestSuiteExecutor.java:202)
	at com.kms.katalon.core.main.TestSuiteExecutor.accessTestSuiteMainPhase(TestSuiteExecutor.java:164)
	at com.kms.katalon.core.main.TestSuiteExecutor.execute(TestSuiteExecutor.java:105)
	at com.kms.katalon.core.main.TestCaseMain.startTestSuite(TestCaseMain.java:185)
	at com.kms.katalon.core.main.TestCaseMain$startTestSuite$0.call(Unknown Source)
	at TempTestSuite1640838762454.run(TempTestSuite1640838762454.groovy:36)
Caused by: java.lang.IllegalArgumentException: Request object is null
	at com.kms.katalon.core.webservice.helper.WebServiceCommonHelper.checkRequestObject(WebServiceCommonHelper.java:76)
	at com.kms.katalon.core.webservice.keyword.builtin.SendRequestKeyword$_sendRequest_closure1.doCall(SendRequestKeyword.groovy:39)
	at com.kms.katalon.core.webservice.keyword.builtin.SendRequestKeyword$_sendRequest_closure1.call(SendRequestKeyword.groovy)
	at com.kms.katalon.core.keyword.internal.KeywordMain.runKeyword(KeywordMain.groovy:74)
	... 19 more]]></system-err>
   </testsuite>
</testsuites>
